N= 9, M= 11, A= 3, B= 2
-----------------------
6 3
4 7
2 6
2 5
2 4
2 2
2 0
1 8
1 1

 Adjacency list of vertex 1
 head -> 8-> 4

 Adjacency list of vertex 2
 head -> 4

 Adjacency list of vertex 3
 head -> 4-> 6

 Adjacency list of vertex 4
 head -> 1-> 2-> 3-> 5-> 6-> 7

 Adjacency list of vertex 5
 head -> 4-> 8

 Adjacency list of vertex 6
 head -> 3-> 4

 Adjacency list of vertex 7
 head -> 4-> 8

 Adjacency list of vertex 8
 head -> 1-> 5-> 7-> 9

 Adjacency list of vertex 9
 head -> 8

#1(T1): 0
  #8(T1): 2
    #5(T1): 4
      #4(T2): 10
        #2(T2): 9
        #2(T3): 10
        #3(T2): 10 --> STOP.
        #3(T3): 10
        #6(T2): 10 --> STOP.
        #6(T3): 10
        #7(T2): 10
        #7(T3): 10
      #4(T3): 4
        #2(T2): 4
        #2(T3): 4
        #3(T2): 5
        #3(T3): 4
        #6(T2): 5
        #6(T3): 4
        #7(T2): 5
        #7(T3): 4
    #5(T2): 4
      #4(T1): 6
        #2(T2): 7
        #2(T3): 6
        #3(T2): 8 --> STOP.
        #3(T3): 6
        #6(T2): 8 --> STOP.
        #6(T3): 6
        #7(T2): 8
        #7(T3): 6
      #4(T2): 8
        #2(T1): 8
        #2(T3): 8
        #3(T1): 8 --> STOP.
        #3(T3): 8
        #6(T1): 8 --> STOP.
        #6(T3): 8
        #7(T1): 10
        #7(T3): 8
      #4(T3): 4
        #2(T1): 5
        #2(T2): 4
        #2(T3): 4
        #3(T1): 5
        #3(T2): 5
        #3(T3): 4
        #6(T1): 5
        #6(T2): 5
        #6(T3): 4
        #7(T1): 7
        #7(T2): 5
        #7(T3): 4
    #5(T3): 2
      #4(T1): 5
        #2(T2): 6
        #2(T3): 5
        #3(T2): 7
        #3(T3): 5
        #6(T2): 7
        #6(T3): 5
        #7(T2): 7
        #7(T3): 5
      #4(T2): 7
        #2(T1): 7
        #2(T2): 6
        #2(T3): 7
        #3(T1): 7
        #3(T2): 7
        #3(T3): 7
        #6(T1): 7
        #6(T2): 7
        #6(T3): 7
        #7(T1): 9
        #7(T2): 7
        #7(T3): 7
      #4(T3): 2
        #2(T1): 3
        #2(T2): 2
        #2(T3): 2
        #3(T1): 3
        #3(T2): 3
        #3(T3): 2
        #6(T1): 3
        #6(T2): 3
        #6(T3): 2
        #7(T1): 5
        #7(T2): 3
        #7(T3): 2
    #7(T1): 4
      #4(T2): 10
        #2(T2): 9
        #2(T3): 10
        #3(T2): 10 --> STOP.
        #3(T3): 10
        #5(T2): 10
        #5(T3): 10
        #6(T2): 10 --> STOP.
        #6(T3): 10
      #4(T3): 4
        #2(T2): 4
        #2(T3): 4
        #3(T2): 5
        #3(T3): 4
        #5(T2): 5
        #5(T3): 4
        #6(T2): 5
        #6(T3): 4
    #7(T2): 4
      #4(T1): 6
        #2(T2): 7
        #2(T3): 6
        #3(T2): 8 --> STOP.
        #3(T3): 6
        #5(T2): 8
        #5(T3): 6
        #6(T2): 8 --> STOP.
        #6(T3): 6
      #4(T2): 8
        #2(T1): 8
        #2(T3): 8
        #3(T1): 8 --> STOP.
        #3(T3): 8
        #5(T1): 10
        #5(T3): 8
        #6(T1): 8 --> STOP.
        #6(T3): 8
      #4(T3): 4
        #2(T1): 5
        #2(T2): 4
        #2(T3): 4
        #3(T1): 5
        #3(T2): 5
        #3(T3): 4
        #5(T1): 7
        #5(T2): 5
        #5(T3): 4
        #6(T1): 5
        #6(T2): 5
        #6(T3): 4
    #7(T3): 2
      #4(T1): 5
        #2(T2): 6
        #2(T3): 5
        #3(T2): 7
        #3(T3): 5
        #5(T2): 7
        #5(T3): 5
        #6(T2): 7
        #6(T3): 5
      #4(T2): 7
        #2(T1): 7
        #2(T2): 6
        #2(T3): 7
        #3(T1): 7
        #3(T2): 7
        #3(T3): 7
        #5(T1): 9
        #5(T2): 7
        #5(T3): 7
        #6(T1): 7
        #6(T2): 7
        #6(T3): 7
      #4(T3): 2
        #2(T1): 3
        #2(T2): 2
        #2(T3): 2
        #3(T1): 3
        #3(T2): 3
        #3(T3): 2
        #5(T1): 5
        #5(T2): 3
        #5(T3): 2
        #6(T1): 3
        #6(T2): 3
        #6(T3): 2
    #9(T1): 4
    #9(T2): 3
    #9(T3): 2
  #8(T2): 4
    #5(T1): 4
      #4(T1): 8
        #2(T2): 9
        #2(T3): 8
        #3(T2): 10 --> STOP.
        #3(T3): 8
        #6(T2): 10 --> STOP.
        #6(T3): 8
        #7(T2): 8
        #7(T3): 8
      #4(T2): 10
        #2(T1): 10
        #2(T3): 10
        #3(T1): 10 --> STOP.
        #3(T3): 10
        #6(T1): 10 --> STOP.
        #6(T3): 10
        #7(T1): 10
        #7(T3): 10
      #4(T3): 4
        #2(T1): 5
        #2(T2): 4
        #2(T3): 4
        #3(T1): 5
        #3(T2): 5
        #3(T3): 4
        #6(T1): 5
        #6(T2): 5
        #6(T3): 4
        #7(T1): 5
        #7(T2): 3
        #7(T3): 4
    #5(T2): 4
      #4(T1): 6
        #2(T1): 8
        #2(T3): 6
        #3(T1): 8 --> STOP.
        #3(T3): 6
        #6(T1): 8 --> STOP.
        #6(T3): 6
        #7(T1): 8
        #7(T3): 6
      #4(T3): 4
        #2(T1): 5
        #2(T3): 4
        #3(T1): 5
        #3(T3): 4
        #6(T1): 5
        #6(T3): 4
        #7(T1): 5
        #7(T3): 4
    #5(T3): 4
      #4(T1): 7
        #2(T1): 9
        #2(T2): 8
        #2(T3): 7
        #3(T1): 9
        #3(T2): 9
        #3(T3): 7
        #6(T1): 9
        #6(T2): 9
        #6(T3): 7
        #7(T1): 9
        #7(T2): 7
        #7(T3): 7
      #4(T2): 9
        #2(T1): 9
        #2(T3): 9
        #3(T1): 9
        #3(T3): 9
        #6(T1): 9
        #6(T3): 9
        #7(T1): 9
        #7(T3): 9
      #4(T3): 4
        #2(T1): 5
        #2(T2): 4
        #2(T3): 4
        #3(T1): 5
        #3(T2): 5
        #3(T3): 4
        #6(T1): 5
        #6(T2): 5
        #6(T3): 4
        #7(T1): 5
        #7(T2): 3
        #7(T3): 4
    #7(T1): 4
      #4(T1): 8
        #2(T2): 9
        #2(T3): 8
        #3(T2): 10 --> STOP.
        #3(T3): 8
        #5(T2): 8
        #5(T3): 8
        #6(T2): 10 --> STOP.
        #6(T3): 8
      #4(T2): 10
        #2(T1): 10
        #2(T3): 10
        #3(T1): 10 --> STOP.
        #3(T3): 10
        #5(T1): 10
        #5(T3): 10
        #6(T1): 10 --> STOP.
        #6(T3): 10
      #4(T3): 4
        #2(T1): 5
        #2(T2): 4
        #2(T3): 4
        #3(T1): 5
        #3(T2): 5
        #3(T3): 4
        #5(T1): 5
        #5(T2): 3
        #5(T3): 4
        #6(T1): 5
        #6(T2): 5
        #6(T3): 4
    #7(T2): 4
      #4(T1): 6
        #2(T1): 8
        #2(T3): 6
        #3(T1): 8 --> STOP.
        #3(T3): 6
        #5(T1): 8
        #5(T3): 6
        #6(T1): 8 --> STOP.
        #6(T3): 6
      #4(T3): 4
        #2(T1): 5
        #2(T3): 4
        #3(T1): 5
        #3(T3): 4
        #5(T1): 5
        #5(T3): 4
        #6(T1): 5
        #6(T3): 4
    #7(T3): 4
      #4(T1): 7
        #2(T1): 9
        #2(T2): 8
        #2(T3): 7
        #3(T1): 9
        #3(T2): 9
        #3(T3): 7
        #5(T1): 9
        #5(T2): 7
        #5(T3): 7
        #6(T1): 9
        #6(T2): 9
        #6(T3): 7
      #4(T2): 9
        #2(T1): 9
        #2(T3): 9
        #3(T1): 9
        #3(T3): 9
        #5(T1): 9
        #5(T3): 9
        #6(T1): 9
        #6(T3): 9
      #4(T3): 4
        #2(T1): 5
        #2(T2): 4
        #2(T3): 4
        #3(T1): 5
        #3(T2): 5
        #3(T3): 4
        #5(T1): 5
        #5(T2): 3
        #5(T3): 4
        #6(T1): 5
        #6(T2): 5
        #6(T3): 4
    #9(T1): 4
    #9(T2): 3
    #9(T3): 4
  #8(T3): 0
    #5(T1): 1
      #4(T1): 5
        #2(T2): 6
        #2(T3): 5
        #3(T2): 7
        #3(T3): 5
        #6(T2): 7
        #6(T3): 5
        #7(T2): 6
        #7(T3): 5
      #4(T2): 7
        #2(T1): 7
        #2(T2): 6
        #2(T3): 7
        #3(T1): 7
        #3(T2): 7
        #3(T3): 7
        #6(T1): 7
        #6(T2): 7
        #6(T3): 7
        #7(T1): 8
        #7(T2): 6
        #7(T3): 7
      #4(T3): 1
        #2(T1): 2
        #2(T2): 1
        #2(T3): 1
        #3(T1): 2
        #3(T2): 2
        #3(T3): 1
        #6(T1): 2
        #6(T2): 2
        #6(T3): 1
        #7(T1): 3
        #7(T2): 1
        #7(T3): 1
    #5(T2): 1
      #4(T1): 3
        #2(T1): 5
        #2(T2): 4
        #2(T3): 3
        #3(T1): 5
        #3(T2): 5
        #3(T3): 3
        #6(T1): 5
        #6(T2): 5
        #6(T3): 3
        #7(T1): 6
        #7(T2): 4
        #7(T3): 3
      #4(T2): 5
        #2(T1): 5
        #2(T3): 5
        #3(T1): 5
        #3(T3): 5
        #6(T1): 5
        #6(T3): 5
        #7(T1): 6
        #7(T3): 5
      #4(T3): 1
        #2(T1): 2
        #2(T2): 1
        #2(T3): 1
        #3(T1): 2
        #3(T2): 2
        #3(T3): 1
        #6(T1): 2
        #6(T2): 2
        #6(T3): 1
        #7(T1): 3
        #7(T2): 1
        #7(T3): 1
    #5(T3): 0
      #4(T1): 3
        #2(T1): 5
        #2(T2): 4
        #2(T3): 3
        #3(T1): 5
        #3(T2): 5
        #3(T3): 3
        #6(T1): 5
        #6(T2): 5
        #6(T3): 3
        #7(T1): 6
        #7(T2): 4
        #7(T3): 3
      #4(T2): 5
        #2(T1): 5
        #2(T2): 4
        #2(T3): 5
        #3(T1): 5
        #3(T2): 5
        #3(T3): 5
        #6(T1): 5
        #6(T2): 5
        #6(T3): 5
        #7(T1): 6
        #7(T2): 4
        #7(T3): 5
      #4(T3): 0
        #2(T1): 1
        #2(T2): 0
        #2(T3): 0
        #3(T1): 1
        #3(T2): 1
        #3(T3): 0
        #6(T1): 1
        #6(T2): 1
        #6(T3): 0
        #7(T1): 2
        #7(T2): 0
        #7(T3): 0
    #7(T1): 1
      #4(T1): 5
        #2(T2): 6
        #2(T3): 5
        #3(T2): 7
        #3(T3): 5
        #5(T2): 6
        #5(T3): 5
        #6(T2): 7
        #6(T3): 5
      #4(T2): 7
        #2(T1): 7
        #2(T2): 6
        #2(T3): 7
        #3(T1): 7
        #3(T2): 7
        #3(T3): 7
        #5(T1): 8
        #5(T2): 6
        #5(T3): 7
        #6(T1): 7
        #6(T2): 7
        #6(T3): 7
      #4(T3): 1
        #2(T1): 2
        #2(T2): 1
        #2(T3): 1
        #3(T1): 2
        #3(T2): 2
        #3(T3): 1
        #5(T1): 3
        #5(T2): 1
        #5(T3): 1
        #6(T1): 2
        #6(T2): 2
        #6(T3): 1
    #7(T2): 1
      #4(T1): 3
        #2(T1): 5
        #2(T2): 4
        #2(T3): 3
        #3(T1): 5
        #3(T2): 5
        #3(T3): 3
        #5(T1): 6
        #5(T2): 4
        #5(T3): 3
        #6(T1): 5
        #6(T2): 5
        #6(T3): 3
      #4(T2): 5
        #2(T1): 5
        #2(T3): 5
        #3(T1): 5
        #3(T3): 5
        #5(T1): 6
        #5(T3): 5
        #6(T1): 5
        #6(T3): 5
      #4(T3): 1
        #2(T1): 2
        #2(T2): 1
        #2(T3): 1
        #3(T1): 2
        #3(T2): 2
        #3(T3): 1
        #5(T1): 3
        #5(T2): 1
        #5(T3): 1
        #6(T1): 2
        #6(T2): 2
        #6(T3): 1
    #7(T3): 0
      #4(T1): 3
        #2(T1): 5
        #2(T2): 4
        #2(T3): 3
        #3(T1): 5
        #3(T2): 5
        #3(T3): 3
        #5(T1): 6
        #5(T2): 4
        #5(T3): 3
        #6(T1): 5
        #6(T2): 5
        #6(T3): 3
      #4(T2): 5
        #2(T1): 5
        #2(T2): 4
        #2(T3): 5
        #3(T1): 5
        #3(T2): 5
        #3(T3): 5
        #5(T1): 6
        #5(T2): 4
        #5(T3): 5
        #6(T1): 5
        #6(T2): 5
        #6(T3): 5
      #4(T3): 0
        #2(T1): 1
        #2(T2): 0
        #2(T3): 0
        #3(T1): 1
        #3(T2): 1
        #3(T3): 0
        #5(T1): 2
        #5(T2): 0
        #5(T3): 0
        #6(T1): 1
        #6(T2): 1
        #6(T3): 0
    #9(T1): 1
    #9(T2): 0
    #9(T3): 0
  #4(T1): 2
    #2(T1): 4
    #2(T2): 3
    #2(T3): 2
    #3(T1): 4
      #6(T2): 6
      #6(T3): 4
    #3(T2): 4
      #6(T1): 6
      #6(T2): 4
      #6(T3): 4
    #3(T3): 2
      #6(T1): 5
      #6(T2): 3
      #6(T3): 2
    #5(T1): 4
      #8(T2): 8
        #7(T2): 8
        #7(T3): 8
        #9(T2): 7
        #9(T3): 8
      #8(T3): 4
        #7(T2): 5
        #7(T3): 4
        #9(T2): 4
        #9(T3): 4
    #5(T2): 4
      #8(T1): 6
        #7(T2): 8
        #7(T3): 6
        #9(T2): 7
        #9(T3): 6
      #8(T2): 6
        #7(T1): 8
        #7(T3): 6
        #9(T1): 6
        #9(T3): 6
      #8(T3): 4
        #7(T1): 7
        #7(T2): 5
        #7(T3): 4
        #9(T1): 5
        #9(T2): 4
        #9(T3): 4
    #5(T3): 2
      #8(T1): 5
        #7(T2): 7
        #7(T3): 5
        #9(T2): 6
        #9(T3): 5
      #8(T2): 5
        #7(T1): 7
        #7(T2): 5
        #7(T3): 5
        #9(T1): 5
        #9(T2): 4
        #9(T3): 5
      #8(T3): 2
        #7(T1): 5
        #7(T2): 3
        #7(T3): 2
        #9(T1): 3
        #9(T2): 2
        #9(T3): 2
    #6(T1): 4
      #3(T2): 6
      #3(T3): 4
    #6(T2): 4
      #3(T1): 6
      #3(T2): 4
      #3(T3): 4
    #6(T3): 2
      #3(T1): 5
      #3(T2): 3
      #3(T3): 2
    #7(T1): 4
      #8(T2): 8
        #5(T2): 8
        #5(T3): 8
        #9(T2): 7
        #9(T3): 8
      #8(T3): 4
        #5(T2): 5
        #5(T3): 4
        #9(T2): 4
        #9(T3): 4
    #7(T2): 4
      #8(T1): 6
        #5(T2): 8
        #5(T3): 6
        #9(T2): 7
        #9(T3): 6
      #8(T2): 6
        #5(T1): 8
        #5(T3): 6
        #9(T1): 6
        #9(T3): 6
      #8(T3): 4
        #5(T1): 7
        #5(T2): 5
        #5(T3): 4
        #9(T1): 5
        #9(T2): 4
        #9(T3): 4
    #7(T3): 2
      #8(T1): 5
        #5(T2): 7
        #5(T3): 5
        #9(T2): 6
        #9(T3): 5
      #8(T2): 5
        #5(T1): 7
        #5(T2): 5
        #5(T3): 5
        #9(T1): 5
        #9(T2): 4
        #9(T3): 5
      #8(T3): 2
        #5(T1): 5
        #5(T2): 3
        #5(T3): 2
        #9(T1): 3
        #9(T2): 2
        #9(T3): 2
  #4(T2): 6
    #2(T1): 6
    #2(T2): 5
    #2(T3): 6
    #3(T1): 6
      #6(T1): 8
      #6(T2): 6
      #6(T3): 6
    #3(T2): 6
      #6(T1): 6
      #6(T3): 6
    #3(T3): 6
      #6(T1): 7
      #6(T2): 5
      #6(T3): 6
    #5(T1): 6
      #8(T1): 10
        #7(T2): 10
        #7(T3): 10
        #9(T2): 11
        #9(T3): 10
      #8(T2): 10
        #7(T1): 10
        #7(T3): 10
        #9(T1): 10
        #9(T3): 10
      #8(T3): 6
        #7(T1): 7
        #7(T2): 5
        #7(T3): 6
        #9(T1): 7
        #9(T2): 6
        #9(T3): 6
    #5(T2): 6
      #8(T1): 8
        #7(T1): 10
        #7(T3): 8
        #9(T1): 10
        #9(T3): 8
      #8(T3): 6
        #7(T1): 7
        #7(T3): 6
        #9(T1): 7
        #9(T3): 6
    #5(T3): 6
      #8(T1): 9
        #7(T1): 11
        #7(T2): 9
        #7(T3): 9
        #9(T1): 11
        #9(T2): 10
        #9(T3): 9
      #8(T2): 9
        #7(T1): 9
        #7(T3): 9
        #9(T1): 9
        #9(T3): 9
      #8(T3): 6
        #7(T1): 7
        #7(T2): 5
        #7(T3): 6
        #9(T1): 7
        #9(T2): 6
        #9(T3): 6
    #6(T1): 6
      #3(T1): 8
      #3(T2): 6
      #3(T3): 6
    #6(T2): 6
      #3(T1): 6
      #3(T3): 6
    #6(T3): 6
      #3(T1): 7
      #3(T2): 5
      #3(T3): 6
    #7(T1): 6
      #8(T1): 10
        #5(T2): 10
        #5(T3): 10
        #9(T2): 11
        #9(T3): 10
      #8(T2): 10
        #5(T1): 10
        #5(T3): 10
        #9(T1): 10
        #9(T3): 10
      #8(T3): 6
        #5(T1): 7
        #5(T2): 5
        #5(T3): 6
        #9(T1): 7
        #9(T2): 6
        #9(T3): 6
    #7(T2): 6
      #8(T1): 8
        #5(T1): 10
        #5(T3): 8
        #9(T1): 10
        #9(T3): 8
      #8(T3): 6
        #5(T1): 7
        #5(T3): 6
        #9(T1): 7
        #9(T3): 6
    #7(T3): 6
      #8(T1): 9
        #5(T1): 11
        #5(T2): 9
        #5(T3): 9
        #9(T1): 11
        #9(T2): 10
        #9(T3): 9
      #8(T2): 9
        #5(T1): 9
        #5(T3): 9
        #9(T1): 9
        #9(T3): 9
      #8(T3): 6
        #5(T1): 7
        #5(T2): 5
        #5(T3): 6
        #9(T1): 7
        #9(T2): 6
        #9(T3): 6
  #4(T3): 0
    #2(T1): 1
    #2(T2): 0
    #2(T3): 0
    #3(T1): 1
      #6(T1): 4
      #6(T2): 2
      #6(T3): 1
    #3(T2): 1
      #6(T1): 2
      #6(T2): 0
      #6(T3): 1
    #3(T3): 0
      #6(T1): 2
      #6(T2): 0
      #6(T3): 0
    #5(T1): 1
      #8(T1): 5
        #7(T2): 6
        #7(T3): 5
        #9(T2): 6
        #9(T3): 5
      #8(T2): 5
        #7(T1): 6
        #7(T2): 4
        #7(T3): 5
        #9(T1): 5
        #9(T2): 4
        #9(T3): 5
      #8(T3): 1
        #7(T1): 3
        #7(T2): 1
        #7(T3): 1
        #9(T1): 2
        #9(T2): 1
        #9(T3): 1
    #5(T2): 1
      #8(T1): 3
        #7(T1): 6
        #7(T2): 4
        #7(T3): 3
        #9(T1): 5
        #9(T2): 4
        #9(T3): 3
      #8(T2): 3
        #7(T1): 4
        #7(T3): 3
        #9(T1): 3
        #9(T3): 3
      #8(T3): 1
        #7(T1): 3
        #7(T2): 1
        #7(T3): 1
        #9(T1): 2
        #9(T2): 1
        #9(T3): 1
    #5(T3): 0
      #8(T1): 3
        #7(T1): 6
        #7(T2): 4
        #7(T3): 3
        #9(T1): 5
        #9(T2): 4
        #9(T3): 3
      #8(T2): 3
        #7(T1): 4
        #7(T2): 2
        #7(T3): 3
        #9(T1): 3
        #9(T2): 2
        #9(T3): 3
      #8(T3): 0
        #7(T1): 2
        #7(T2): 0
        #7(T3): 0
        #9(T1): 1
        #9(T2): 0
        #9(T3): 0
    #6(T1): 1
      #3(T1): 4
      #3(T2): 2
      #3(T3): 1
    #6(T2): 1
      #3(T1): 2
      #3(T2): 0
      #3(T3): 1
    #6(T3): 0
      #3(T1): 2
      #3(T2): 0
      #3(T3): 0
    #7(T1): 1
      #8(T1): 5
        #5(T2): 6
        #5(T3): 5
        #9(T2): 6
        #9(T3): 5
      #8(T2): 5
        #5(T1): 6
        #5(T2): 4
        #5(T3): 5
        #9(T1): 5
        #9(T2): 4
        #9(T3): 5
      #8(T3): 1
        #5(T1): 3
        #5(T2): 1
        #5(T3): 1
        #9(T1): 2
        #9(T2): 1
        #9(T3): 1
    #7(T2): 1
      #8(T1): 3
        #5(T1): 6
        #5(T2): 4
        #5(T3): 3
        #9(T1): 5
        #9(T2): 4
        #9(T3): 3
      #8(T2): 3
        #5(T1): 4
        #5(T3): 3
        #9(T1): 3
        #9(T3): 3
      #8(T3): 1
        #5(T1): 3
        #5(T2): 1
        #5(T3): 1
        #9(T1): 2
        #9(T2): 1
        #9(T3): 1
    #7(T3): 0
      #8(T1): 3
        #5(T1): 6
        #5(T2): 4
        #5(T3): 3
        #9(T1): 5
        #9(T2): 4
        #9(T3): 3
      #8(T2): 3
        #5(T1): 4
        #5(T2): 2
        #5(T3): 3
        #9(T1): 3
        #9(T2): 2
        #9(T3): 3
      #8(T3): 0
        #5(T1): 2
        #5(T2): 0
        #5(T3): 0
        #9(T1): 1
        #9(T2): 0
        #9(T3): 0
#1(T2): 2
  #8(T1): 2
    #5(T1): 4
      #4(T1): 6
        #2(T2): 7
        #2(T3): 6
        #3(T2): 8 --> STOP.
        #3(T3): 6
        #6(T2): 8 --> STOP.
        #6(T3): 6
        #7(T2): 8
        #7(T3): 6
      #4(T2): 8
        #2(T1): 8
        #2(T3): 8
        #3(T1): 8 --> STOP.
        #3(T3): 8
        #6(T1): 8 --> STOP.
        #6(T3): 8
        #7(T1): 10
        #7(T3): 8
      #4(T3): 4
        #2(T1): 5
        #2(T2): 4
        #2(T3): 4
        #3(T1): 5
        #3(T2): 5
        #3(T3): 4
        #6(T1): 5
        #6(T2): 5
        #6(T3): 4
        #7(T1): 7
        #7(T2): 5
        #7(T3): 4
    #5(T2): 4
      #4(T1): 4
        #2(T1): 6
        #2(T3): 4
        #3(T1): 6 --> STOP.
        #3(T3): 4
        #6(T1): 6 --> STOP.
        #6(T3): 4
        #7(T1): 8
        #7(T3): 4
      #4(T3): 4
        #2(T1): 5
        #2(T3): 4
        #3(T1): 5
        #3(T3): 4
        #6(T1): 5
        #6(T3): 4
        #7(T1): 7
        #7(T3): 4
    #5(T3): 2
      #4(T1): 3
        #2(T1): 5
        #2(T2): 4
        #2(T3): 3
        #3(T1): 5
        #3(T2): 5
        #3(T3): 3
        #6(T1): 5
        #6(T2): 5
        #6(T3): 3
        #7(T1): 7
        #7(T2): 5
        #7(T3): 3
      #4(T2): 5
        #2(T1): 5
        #2(T3): 5
        #3(T1): 5
        #3(T3): 5
        #6(T1): 5
        #6(T3): 5
        #7(T1): 7
        #7(T3): 5
      #4(T3): 2
        #2(T1): 3
        #2(T2): 2
        #2(T3): 2
        #3(T1): 3
        #3(T2): 3
        #3(T3): 2
        #6(T1): 3
        #6(T2): 3
        #6(T3): 2
        #7(T1): 5
        #7(T2): 3
        #7(T3): 2
    #7(T1): 4
      #4(T1): 6
        #2(T2): 7
        #2(T3): 6
        #3(T2): 8 --> STOP.
        #3(T3): 6
        #5(T2): 8
        #5(T3): 6
        #6(T2): 8 --> STOP.
        #6(T3): 6
      #4(T2): 8
        #2(T1): 8
        #2(T3): 8
        #3(T1): 8 --> STOP.
        #3(T3): 8
        #5(T1): 10
        #5(T3): 8
        #6(T1): 8 --> STOP.
        #6(T3): 8
      #4(T3): 4
        #2(T1): 5
        #2(T2): 4
        #2(T3): 4
        #3(T1): 5
        #3(T2): 5
        #3(T3): 4
        #5(T1): 7
        #5(T2): 5
        #5(T3): 4
        #6(T1): 5
        #6(T2): 5
        #6(T3): 4
    #7(T2): 4
      #4(T1): 4
        #2(T1): 6
        #2(T3): 4
        #3(T1): 6 --> STOP.
        #3(T3): 4
        #5(T1): 8
        #5(T3): 4
        #6(T1): 6 --> STOP.
        #6(T3): 4
      #4(T3): 4
        #2(T1): 5
        #2(T3): 4
        #3(T1): 5
        #3(T3): 4
        #5(T1): 7
        #5(T3): 4
        #6(T1): 5
        #6(T3): 4
    #7(T3): 2
      #4(T1): 3
        #2(T1): 5
        #2(T2): 4
        #2(T3): 3
        #3(T1): 5
        #3(T2): 5
        #3(T3): 3
        #5(T1): 7
        #5(T2): 5
        #5(T3): 3
        #6(T1): 5
        #6(T2): 5
        #6(T3): 3
      #4(T2): 5
        #2(T1): 5
        #2(T3): 5
        #3(T1): 5
        #3(T3): 5
        #5(T1): 7
        #5(T3): 5
        #6(T1): 5
        #6(T3): 5
      #4(T3): 2
        #2(T1): 3
        #2(T2): 2
        #2(T3): 2
        #3(T1): 3
        #3(T2): 3
        #3(T3): 2
        #5(T1): 5
        #5(T2): 3
        #5(T3): 2
        #6(T1): 3
        #6(T2): 3
        #6(T3): 2
    #9(T1): 4
    #9(T2): 3
    #9(T3): 2
  #8(T2): 4
    #5(T1): 4
      #4(T1): 6
        #2(T1): 8
        #2(T3): 6
        #3(T1): 8 --> STOP.
        #3(T3): 6
        #6(T1): 8 --> STOP.
        #6(T3): 6
        #7(T1): 8
        #7(T3): 6
      #4(T3): 4
        #2(T1): 5
        #2(T3): 4
        #3(T1): 5
        #3(T3): 4
        #6(T1): 5
        #6(T3): 4
        #7(T1): 5
        #7(T3): 4
    #5(T3): 4
      #4(T1): 5
        #2(T1): 7
        #2(T3): 5
        #3(T1): 7
        #3(T3): 5
        #6(T1): 7
        #6(T3): 5
        #7(T1): 7
        #7(T3): 5
      #4(T3): 4
        #2(T1): 5
        #2(T3): 4
        #3(T1): 5
        #3(T3): 4
        #6(T1): 5
        #6(T3): 4
        #7(T1): 5
        #7(T3): 4
    #7(T1): 4
      #4(T1): 6
        #2(T1): 8
        #2(T3): 6
        #3(T1): 8 --> STOP.
        #3(T3): 6
        #5(T1): 8
        #5(T3): 6
        #6(T1): 8 --> STOP.
        #6(T3): 6
      #4(T3): 4
        #2(T1): 5
        #2(T3): 4
        #3(T1): 5
        #3(T3): 4
        #5(T1): 5
        #5(T3): 4
        #6(T1): 5
        #6(T3): 4
    #7(T3): 4
      #4(T1): 5
        #2(T1): 7
        #2(T3): 5
        #3(T1): 7
        #3(T3): 5
        #5(T1): 7
        #5(T3): 5
        #6(T1): 7
        #6(T3): 5
      #4(T3): 4
        #2(T1): 5
        #2(T3): 4
        #3(T1): 5
        #3(T3): 4
        #5(T1): 5
        #5(T3): 4
        #6(T1): 5
        #6(T3): 4
    #9(T1): 4
    #9(T3): 4
  #8(T3): 2
    #5(T1): 3
      #4(T1): 5
        #2(T1): 7
        #2(T2): 6
        #2(T3): 5
        #3(T1): 7
        #3(T2): 7
        #3(T3): 5
        #6(T1): 7
        #6(T2): 7
        #6(T3): 5
        #7(T1): 8
        #7(T2): 6
        #7(T3): 5
      #4(T2): 7
        #2(T1): 7
        #2(T3): 7
        #3(T1): 7
        #3(T3): 7
        #6(T1): 7
        #6(T3): 7
        #7(T1): 8
        #7(T3): 7
      #4(T3): 3
        #2(T1): 4
        #2(T2): 3
        #2(T3): 3
        #3(T1): 4
        #3(T2): 4
        #3(T3): 3
        #6(T1): 4
        #6(T2): 4
        #6(T3): 3
        #7(T1): 5
        #7(T2): 3
        #7(T3): 3
    #5(T2): 3
      #4(T1): 3
        #2(T1): 5
        #2(T3): 3
        #3(T1): 5
        #3(T3): 3
        #6(T1): 5
        #6(T3): 3
        #7(T1): 6
        #7(T3): 3
      #4(T3): 3
        #2(T1): 4
        #2(T3): 3
        #3(T1): 4
        #3(T3): 3
        #6(T1): 4
        #6(T3): 3
        #7(T1): 5
        #7(T3): 3
    #5(T3): 2
      #4(T1): 3
        #2(T1): 5
        #2(T2): 4
        #2(T3): 3
        #3(T1): 5
        #3(T2): 5
        #3(T3): 3
        #6(T1): 5
        #6(T2): 5
        #6(T3): 3
        #7(T1): 6
        #7(T2): 4
        #7(T3): 3
      #4(T2): 5
        #2(T1): 5
        #2(T3): 5
        #3(T1): 5
        #3(T3): 5
        #6(T1): 5
        #6(T3): 5
        #7(T1): 6
        #7(T3): 5
      #4(T3): 2
        #2(T1): 3
        #2(T2): 2
        #2(T3): 2
        #3(T1): 3
        #3(T2): 3
        #3(T3): 2
        #6(T1): 3
        #6(T2): 3
        #6(T3): 2
        #7(T1): 4
        #7(T2): 2
        #7(T3): 2
    #7(T1): 3
      #4(T1): 5
        #2(T1): 7
        #2(T2): 6
        #2(T3): 5
        #3(T1): 7
        #3(T2): 7
        #3(T3): 5
        #5(T1): 8
        #5(T2): 6
        #5(T3): 5
        #6(T1): 7
        #6(T2): 7
        #6(T3): 5
      #4(T2): 7
        #2(T1): 7
        #2(T3): 7
        #3(T1): 7
        #3(T3): 7
        #5(T1): 8
        #5(T3): 7
        #6(T1): 7
        #6(T3): 7
      #4(T3): 3
        #2(T1): 4
        #2(T2): 3
        #2(T3): 3
        #3(T1): 4
        #3(T2): 4
        #3(T3): 3
        #5(T1): 5
        #5(T2): 3
        #5(T3): 3
        #6(T1): 4
        #6(T2): 4
        #6(T3): 3
    #7(T2): 3
      #4(T1): 3
        #2(T1): 5
        #2(T3): 3
        #3(T1): 5
        #3(T3): 3
        #5(T1): 6
        #5(T3): 3
        #6(T1): 5
        #6(T3): 3
      #4(T3): 3
        #2(T1): 4
        #2(T3): 3
        #3(T1): 4
        #3(T3): 3
        #5(T1): 5
        #5(T3): 3
        #6(T1): 4
        #6(T3): 3
    #7(T3): 2
      #4(T1): 3
        #2(T1): 5
        #2(T2): 4
        #2(T3): 3
        #3(T1): 5
        #3(T2): 5
        #3(T3): 3
        #5(T1): 6
        #5(T2): 4
        #5(T3): 3
        #6(T1): 5
        #6(T2): 5
        #6(T3): 3
      #4(T2): 5
        #2(T1): 5
        #2(T3): 5
        #3(T1): 5
        #3(T3): 5
        #5(T1): 6
        #5(T3): 5
        #6(T1): 5
        #6(T3): 5
      #4(T3): 2
        #2(T1): 3
        #2(T2): 2
        #2(T3): 2
        #3(T1): 3
        #3(T2): 3
        #3(T3): 2
        #5(T1): 4
        #5(T2): 2
        #5(T3): 2
        #6(T1): 3
        #6(T2): 3
        #6(T3): 2
    #9(T1): 3
    #9(T2): 2
    #9(T3): 2
  #4(T1): 2
    #2(T1): 4
    #2(T2): 3
    #2(T3): 2
    #3(T1): 4
      #6(T1): 8
      #6(T2): 6
      #6(T3): 4
    #3(T2): 4
      #6(T1): 6
      #6(T3): 4
    #3(T3): 2
      #6(T1): 5
      #6(T2): 3
      #6(T3): 2
    #5(T1): 4
      #8(T1): 6
        #7(T2): 8
        #7(T3): 6
        #9(T2): 7
        #9(T3): 6
      #8(T2): 6
        #7(T1): 8
        #7(T3): 6
        #9(T1): 6
        #9(T3): 6
      #8(T3): 4
        #7(T1): 7
        #7(T2): 5
        #7(T3): 4
        #9(T1): 5
        #9(T2): 4
        #9(T3): 4
    #5(T2): 4
      #8(T1): 4
        #7(T1): 8
        #7(T3): 4
        #9(T1): 6
        #9(T3): 4
      #8(T3): 4
        #7(T1): 7
        #7(T3): 4
        #9(T1): 5
        #9(T3): 4
    #5(T3): 2
      #8(T1): 3
        #7(T1): 7
        #7(T2): 5
        #7(T3): 3
        #9(T1): 5
        #9(T2): 4
        #9(T3): 3
      #8(T2): 3
        #7(T1): 5
        #7(T3): 3
        #9(T1): 3
        #9(T3): 3
      #8(T3): 2
        #7(T1): 5
        #7(T2): 3
        #7(T3): 2
        #9(T1): 3
        #9(T2): 2
        #9(T3): 2
    #6(T1): 4
      #3(T1): 8
      #3(T2): 6
      #3(T3): 4
    #6(T2): 4
      #3(T1): 6
      #3(T3): 4
    #6(T3): 2
      #3(T1): 5
      #3(T2): 3
      #3(T3): 2
    #7(T1): 4
      #8(T1): 6
        #5(T2): 8
        #5(T3): 6
        #9(T2): 7
        #9(T3): 6
      #8(T2): 6
        #5(T1): 8
        #5(T3): 6
        #9(T1): 6
        #9(T3): 6
      #8(T3): 4
        #5(T1): 7
        #5(T2): 5
        #5(T3): 4
        #9(T1): 5
        #9(T2): 4
        #9(T3): 4
    #7(T2): 4
      #8(T1): 4
        #5(T1): 8
        #5(T3): 4
        #9(T1): 6
        #9(T3): 4
      #8(T3): 4
        #5(T1): 7
        #5(T3): 4
        #9(T1): 5
        #9(T3): 4
    #7(T3): 2
      #8(T1): 3
        #5(T1): 7
        #5(T2): 5
        #5(T3): 3
        #9(T1): 5
        #9(T2): 4
        #9(T3): 3
      #8(T2): 3
        #5(T1): 5
        #5(T3): 3
        #9(T1): 3
        #9(T3): 3
      #8(T3): 2
        #5(T1): 5
        #5(T2): 3
        #5(T3): 2
        #9(T1): 3
        #9(T2): 2
        #9(T3): 2
  #4(T2): 6
    #2(T1): 6
    #2(T3): 6
    #3(T1): 6
      #6(T1): 8
      #6(T3): 6
    #3(T3): 6
      #6(T1): 7
      #6(T3): 6
    #5(T1): 6
      #8(T1): 8
        #7(T1): 10
        #7(T3): 8
        #9(T1): 10
        #9(T3): 8
      #8(T3): 6
        #7(T1): 7
        #7(T3): 6
        #9(T1): 7
        #9(T3): 6
    #5(T3): 6
      #8(T1): 7
        #7(T1): 9
        #7(T3): 7
        #9(T1): 9
        #9(T3): 7
      #8(T3): 6
        #7(T1): 7
        #7(T3): 6
        #9(T1): 7
        #9(T3): 6
    #6(T1): 6
      #3(T1): 8
      #3(T3): 6
    #6(T3): 6
      #3(T1): 7
      #3(T3): 6
    #7(T1): 6
      #8(T1): 8
        #5(T1): 10
        #5(T3): 8
        #9(T1): 10
        #9(T3): 8
      #8(T3): 6
        #5(T1): 7
        #5(T3): 6
        #9(T1): 7
        #9(T3): 6
    #7(T3): 6
      #8(T1): 7
        #5(T1): 9
        #5(T3): 7
        #9(T1): 9
        #9(T3): 7
      #8(T3): 6
        #5(T1): 7
        #5(T3): 6
        #9(T1): 7
        #9(T3): 6
  #4(T3): 2
    #2(T1): 3
    #2(T2): 2
    #2(T3): 2
    #3(T1): 3
      #6(T1): 6
      #6(T2): 4
      #6(T3): 3
    #3(T2): 3
      #6(T1): 4
      #6(T3): 3
    #3(T3): 2
      #6(T1): 4
      #6(T2): 2
      #6(T3): 2
    #5(T1): 3
      #8(T1): 5
        #7(T1): 8
        #7(T2): 6
        #7(T3): 5
        #9(T1): 7
        #9(T2): 6
        #9(T3): 5
      #8(T2): 5
        #7(T1): 6
        #7(T3): 5
        #9(T1): 5
        #9(T3): 5
      #8(T3): 3
        #7(T1): 5
        #7(T2): 3
        #7(T3): 3
        #9(T1): 4
        #9(T2): 3
        #9(T3): 3
    #5(T2): 3
      #8(T1): 3
        #7(T1): 6
        #7(T3): 3
        #9(T1): 5
        #9(T3): 3
      #8(T3): 3
        #7(T1): 5
        #7(T3): 3
        #9(T1): 4
        #9(T3): 3
    #5(T3): 2
      #8(T1): 3
        #7(T1): 6
        #7(T2): 4
        #7(T3): 3
        #9(T1): 5
        #9(T2): 4
        #9(T3): 3
      #8(T2): 3
        #7(T1): 4
        #7(T3): 3
        #9(T1): 3
        #9(T3): 3
      #8(T3): 2
        #7(T1): 4
        #7(T2): 2
        #7(T3): 2
        #9(T1): 3
        #9(T2): 2
        #9(T3): 2
    #6(T1): 3
      #3(T1): 6
      #3(T2): 4
      #3(T3): 3
    #6(T2): 3
      #3(T1): 4
      #3(T3): 3
    #6(T3): 2
      #3(T1): 4
      #3(T2): 2
      #3(T3): 2
    #7(T1): 3
      #8(T1): 5
        #5(T1): 8
        #5(T2): 6
        #5(T3): 5
        #9(T1): 7
        #9(T2): 6
        #9(T3): 5
      #8(T2): 5
        #5(T1): 6
        #5(T3): 5
        #9(T1): 5
        #9(T3): 5
      #8(T3): 3
        #5(T1): 5
        #5(T2): 3
        #5(T3): 3
        #9(T1): 4
        #9(T2): 3
        #9(T3): 3
    #7(T2): 3
      #8(T1): 3
        #5(T1): 6
        #5(T3): 3
        #9(T1): 5
        #9(T3): 3
      #8(T3): 3
        #5(T1): 5
        #5(T3): 3
        #9(T1): 4
        #9(T3): 3
    #7(T3): 2
      #8(T1): 3
        #5(T1): 6
        #5(T2): 4
        #5(T3): 3
        #9(T1): 5
        #9(T2): 4
        #9(T3): 3
      #8(T2): 3
        #5(T1): 4
        #5(T3): 3
        #9(T1): 3
        #9(T3): 3
      #8(T3): 2
        #5(T1): 4
        #5(T2): 2
        #5(T3): 2
        #9(T1): 3
        #9(T2): 2
        #9(T3): 2
#1(T3): 0
  #8(T1): 1
    #5(T1): 3
      #4(T1): 6
        #2(T2): 7
        #2(T3): 6
        #3(T2): 8
        #3(T3): 6
        #6(T2): 8
        #6(T3): 6
        #7(T2): 8
        #7(T3): 6
      #4(T2): 8
        #2(T1): 8
        #2(T2): 7
        #2(T3): 8
        #3(T1): 8
        #3(T2): 8
        #3(T3): 8
        #6(T1): 8
        #6(T2): 8
        #6(T3): 8
        #7(T1): 10
        #7(T2): 8
        #7(T3): 8
      #4(T3): 3
        #2(T1): 4
        #2(T2): 3
        #2(T3): 3
        #3(T1): 4
        #3(T2): 4
        #3(T3): 3
        #6(T1): 4
        #6(T2): 4
        #6(T3): 3
        #7(T1): 6
        #7(T2): 4
        #7(T3): 3
    #5(T2): 3
      #4(T1): 4
        #2(T1): 6
        #2(T2): 5
        #2(T3): 4
        #3(T1): 6
        #3(T2): 6
        #3(T3): 4
        #6(T1): 6
        #6(T2): 6
        #6(T3): 4
        #7(T1): 8
        #7(T2): 6
        #7(T3): 4
      #4(T2): 6
        #2(T1): 6
        #2(T3): 6
        #3(T1): 6
        #3(T3): 6
        #6(T1): 6
        #6(T3): 6
        #7(T1): 8
        #7(T3): 6
      #4(T3): 3
        #2(T1): 4
        #2(T2): 3
        #2(T3): 3
        #3(T1): 4
        #3(T2): 4
        #3(T3): 3
        #6(T1): 4
        #6(T2): 4
        #6(T3): 3
        #7(T1): 6
        #7(T2): 4
        #7(T3): 3
    #5(T3): 1
      #4(T1): 3
        #2(T1): 5
        #2(T2): 4
        #2(T3): 3
        #3(T1): 5
        #3(T2): 5
        #3(T3): 3
        #6(T1): 5
        #6(T2): 5
        #6(T3): 3
        #7(T1): 7
        #7(T2): 5
        #7(T3): 3
      #4(T2): 5
        #2(T1): 5
        #2(T2): 4
        #2(T3): 5
        #3(T1): 5
        #3(T2): 5
        #3(T3): 5
        #6(T1): 5
        #6(T2): 5
        #6(T3): 5
        #7(T1): 7
        #7(T2): 5
        #7(T3): 5
      #4(T3): 1
        #2(T1): 2
        #2(T2): 1
        #2(T3): 1
        #3(T1): 2
        #3(T2): 2
        #3(T3): 1
        #6(T1): 2
        #6(T2): 2
        #6(T3): 1
        #7(T1): 4
        #7(T2): 2
        #7(T3): 1
    #7(T1): 3
      #4(T1): 6
        #2(T2): 7
        #2(T3): 6
        #3(T2): 8
        #3(T3): 6
        #5(T2): 8
        #5(T3): 6
        #6(T2): 8
        #6(T3): 6
      #4(T2): 8
        #2(T1): 8
        #2(T2): 7
        #2(T3): 8
        #3(T1): 8
        #3(T2): 8
        #3(T3): 8
        #5(T1): 10
        #5(T2): 8
        #5(T3): 8
        #6(T1): 8
        #6(T2): 8
        #6(T3): 8
      #4(T3): 3
        #2(T1): 4
        #2(T2): 3
        #2(T3): 3
        #3(T1): 4
        #3(T2): 4
        #3(T3): 3
        #5(T1): 6
        #5(T2): 4
        #5(T3): 3
        #6(T1): 4
        #6(T2): 4
        #6(T3): 3
    #7(T2): 3
      #4(T1): 4
        #2(T1): 6
        #2(T2): 5
        #2(T3): 4
        #3(T1): 6
        #3(T2): 6
        #3(T3): 4
        #5(T1): 8
        #5(T2): 6
        #5(T3): 4
        #6(T1): 6
        #6(T2): 6
        #6(T3): 4
      #4(T2): 6
        #2(T1): 6
        #2(T3): 6
        #3(T1): 6
        #3(T3): 6
        #5(T1): 8
        #5(T3): 6
        #6(T1): 6
        #6(T3): 6
      #4(T3): 3
        #2(T1): 4
        #2(T2): 3
        #2(T3): 3
        #3(T1): 4
        #3(T2): 4
        #3(T3): 3
        #5(T1): 6
        #5(T2): 4
        #5(T3): 3
        #6(T1): 4
        #6(T2): 4
        #6(T3): 3
    #7(T3): 1
      #4(T1): 3
        #2(T1): 5
        #2(T2): 4
        #2(T3): 3
        #3(T1): 5
        #3(T2): 5
        #3(T3): 3
        #5(T1): 7
        #5(T2): 5
        #5(T3): 3
        #6(T1): 5
        #6(T2): 5
        #6(T3): 3
      #4(T2): 5
        #2(T1): 5
        #2(T2): 4
        #2(T3): 5
        #3(T1): 5
        #3(T2): 5
        #3(T3): 5
        #5(T1): 7
        #5(T2): 5
        #5(T3): 5
        #6(T1): 5
        #6(T2): 5
        #6(T3): 5
      #4(T3): 1
        #2(T1): 2
        #2(T2): 1
        #2(T3): 1
        #3(T1): 2
        #3(T2): 2
        #3(T3): 1
        #5(T1): 4
        #5(T2): 2
        #5(T3): 1
        #6(T1): 2
        #6(T2): 2
        #6(T3): 1
    #9(T1): 3
    #9(T2): 2
    #9(T3): 1
  #8(T2): 3
    #5(T1): 3
      #4(T1): 6
        #2(T1): 8
        #2(T2): 7
        #2(T3): 6
        #3(T1): 8
        #3(T2): 8
        #3(T3): 6
        #6(T1): 8
        #6(T2): 8
        #6(T3): 6
        #7(T1): 8
        #7(T2): 6
        #7(T3): 6
      #4(T2): 8
        #2(T1): 8
        #2(T3): 8
        #3(T1): 8
        #3(T3): 8
        #6(T1): 8
        #6(T3): 8
        #7(T1): 8
        #7(T3): 8
      #4(T3): 3
        #2(T1): 4
        #2(T2): 3
        #2(T3): 3
        #3(T1): 4
        #3(T2): 4
        #3(T3): 3
        #6(T1): 4
        #6(T2): 4
        #6(T3): 3
        #7(T1): 4
        #7(T2): 2
        #7(T3): 3
    #5(T2): 3
      #4(T1): 4
        #2(T1): 6
        #2(T3): 4
        #3(T1): 6
        #3(T3): 4
        #6(T1): 6
        #6(T3): 4
        #7(T1): 6
        #7(T3): 4
      #4(T3): 3
        #2(T1): 4
        #2(T3): 3
        #3(T1): 4
        #3(T3): 3
        #6(T1): 4
        #6(T3): 3
        #7(T1): 4
        #7(T3): 3
    #5(T3): 3
      #4(T1): 5
        #2(T1): 7
        #2(T2): 6
        #2(T3): 5
        #3(T1): 7
        #3(T2): 7
        #3(T3): 5
        #6(T1): 7
        #6(T2): 7
        #6(T3): 5
        #7(T1): 7
        #7(T2): 5
        #7(T3): 5
      #4(T2): 7
        #2(T1): 7
        #2(T3): 7
        #3(T1): 7
        #3(T3): 7
        #6(T1): 7
        #6(T3): 7
        #7(T1): 7
        #7(T3): 7
      #4(T3): 3
        #2(T1): 4
        #2(T2): 3
        #2(T3): 3
        #3(T1): 4
        #3(T2): 4
        #3(T3): 3
        #6(T1): 4
        #6(T2): 4
        #6(T3): 3
        #7(T1): 4
        #7(T2): 2
        #7(T3): 3
    #7(T1): 3
      #4(T1): 6
        #2(T1): 8
        #2(T2): 7
        #2(T3): 6
        #3(T1): 8
        #3(T2): 8
        #3(T3): 6
        #5(T1): 8
        #5(T2): 6
        #5(T3): 6
        #6(T1): 8
        #6(T2): 8
        #6(T3): 6
      #4(T2): 8
        #2(T1): 8
        #2(T3): 8
        #3(T1): 8
        #3(T3): 8
        #5(T1): 8
        #5(T3): 8
        #6(T1): 8
        #6(T3): 8
      #4(T3): 3
        #2(T1): 4
        #2(T2): 3
        #2(T3): 3
        #3(T1): 4
        #3(T2): 4
        #3(T3): 3
        #5(T1): 4
        #5(T2): 2
        #5(T3): 3
        #6(T1): 4
        #6(T2): 4
        #6(T3): 3
    #7(T2): 3
      #4(T1): 4
        #2(T1): 6
        #2(T3): 4
        #3(T1): 6
        #3(T3): 4
        #5(T1): 6
        #5(T3): 4
        #6(T1): 6
        #6(T3): 4
      #4(T3): 3
        #2(T1): 4
        #2(T3): 3
        #3(T1): 4
        #3(T3): 3
        #5(T1): 4
        #5(T3): 3
        #6(T1): 4
        #6(T3): 3
    #7(T3): 3
      #4(T1): 5
        #2(T1): 7
        #2(T2): 6
        #2(T3): 5
        #3(T1): 7
        #3(T2): 7
        #3(T3): 5
        #5(T1): 7
        #5(T2): 5
        #5(T3): 5
        #6(T1): 7
        #6(T2): 7
        #6(T3): 5
      #4(T2): 7
        #2(T1): 7
        #2(T3): 7
        #3(T1): 7
        #3(T3): 7
        #5(T1): 7
        #5(T3): 7
        #6(T1): 7
        #6(T3): 7
      #4(T3): 3
        #2(T1): 4
        #2(T2): 3
        #2(T3): 3
        #3(T1): 4
        #3(T2): 4
        #3(T3): 3
        #5(T1): 4
        #5(T2): 2
        #5(T3): 3
        #6(T1): 4
        #6(T2): 4
        #6(T3): 3
    #9(T1): 3
    #9(T2): 2
    #9(T3): 3
  #8(T3): 0
    #5(T1): 1
      #4(T1): 4
        #2(T1): 6
        #2(T2): 5
        #2(T3): 4
        #3(T1): 6
        #3(T2): 6
        #3(T3): 4
        #6(T1): 6
        #6(T2): 6
        #6(T3): 4
        #7(T1): 7
        #7(T2): 5
        #7(T3): 4
      #4(T2): 6
        #2(T1): 6
        #2(T2): 5
        #2(T3): 6
        #3(T1): 6
        #3(T2): 6
        #3(T3): 6
        #6(T1): 6
        #6(T2): 6
        #6(T3): 6
        #7(T1): 7
        #7(T2): 5
        #7(T3): 6
      #4(T3): 1
        #2(T1): 2
        #2(T2): 1
        #2(T3): 1
        #3(T1): 2
        #3(T2): 2
        #3(T3): 1
        #6(T1): 2
        #6(T2): 2
        #6(T3): 1
        #7(T1): 3
        #7(T2): 1
        #7(T3): 1
    #5(T2): 1
      #4(T1): 2
        #2(T1): 4
        #2(T2): 3
        #2(T3): 2
        #3(T1): 4
        #3(T2): 4
        #3(T3): 2
        #6(T1): 4
        #6(T2): 4
        #6(T3): 2
        #7(T1): 5
        #7(T2): 3
        #7(T3): 2
      #4(T2): 4
        #2(T1): 4
        #2(T3): 4
        #3(T1): 4
        #3(T3): 4
        #6(T1): 4
        #6(T3): 4
        #7(T1): 5
        #7(T3): 4
      #4(T3): 1
        #2(T1): 2
        #2(T2): 1
        #2(T3): 1
        #3(T1): 2
        #3(T2): 2
        #3(T3): 1
        #6(T1): 2
        #6(T2): 2
        #6(T3): 1
        #7(T1): 3
        #7(T2): 1
        #7(T3): 1
    #5(T3): 0
      #4(T1): 2
        #2(T1): 4
        #2(T2): 3
        #2(T3): 2
        #3(T1): 4
        #3(T2): 4
        #3(T3): 2
        #6(T1): 4
        #6(T2): 4
        #6(T3): 2
        #7(T1): 5
        #7(T2): 3
        #7(T3): 2
      #4(T2): 4
        #2(T1): 4
        #2(T2): 3
        #2(T3): 4
        #3(T1): 4
        #3(T2): 4
        #3(T3): 4
        #6(T1): 4
        #6(T2): 4
        #6(T3): 4
        #7(T1): 5
        #7(T2): 3
        #7(T3): 4
      #4(T3): 0
        #2(T1): 1
        #2(T2): 0
        #2(T3): 0
        #3(T1): 1
        #3(T2): 1
        #3(T3): 0
        #6(T1): 1
        #6(T2): 1
        #6(T3): 0
        #7(T1): 2
        #7(T2): 0
        #7(T3): 0
    #7(T1): 1
      #4(T1): 4
        #2(T1): 6
        #2(T2): 5
        #2(T3): 4
        #3(T1): 6
        #3(T2): 6
        #3(T3): 4
        #5(T1): 7
        #5(T2): 5
        #5(T3): 4
        #6(T1): 6
        #6(T2): 6
        #6(T3): 4
      #4(T2): 6
        #2(T1): 6
        #2(T2): 5
        #2(T3): 6
        #3(T1): 6
        #3(T2): 6
        #3(T3): 6
        #5(T1): 7
        #5(T2): 5
        #5(T3): 6
        #6(T1): 6
        #6(T2): 6
        #6(T3): 6
      #4(T3): 1
        #2(T1): 2
        #2(T2): 1
        #2(T3): 1
        #3(T1): 2
        #3(T2): 2
        #3(T3): 1
        #5(T1): 3
        #5(T2): 1
        #5(T3): 1
        #6(T1): 2
        #6(T2): 2
        #6(T3): 1
    #7(T2): 1
      #4(T1): 2
        #2(T1): 4
        #2(T2): 3
        #2(T3): 2
        #3(T1): 4
        #3(T2): 4
        #3(T3): 2
        #5(T1): 5
        #5(T2): 3
        #5(T3): 2
        #6(T1): 4
        #6(T2): 4
        #6(T3): 2
      #4(T2): 4
        #2(T1): 4
        #2(T3): 4
        #3(T1): 4
        #3(T3): 4
        #5(T1): 5
        #5(T3): 4
        #6(T1): 4
        #6(T3): 4
      #4(T3): 1
        #2(T1): 2
        #2(T2): 1
        #2(T3): 1
        #3(T1): 2
        #3(T2): 2
        #3(T3): 1
        #5(T1): 3
        #5(T2): 1
        #5(T3): 1
        #6(T1): 2
        #6(T2): 2
        #6(T3): 1
    #7(T3): 0
      #4(T1): 2
        #2(T1): 4
        #2(T2): 3
        #2(T3): 2
        #3(T1): 4
        #3(T2): 4
        #3(T3): 2
        #5(T1): 5
        #5(T2): 3
        #5(T3): 2
        #6(T1): 4
        #6(T2): 4
        #6(T3): 2
      #4(T2): 4
        #2(T1): 4
        #2(T2): 3
        #2(T3): 4
        #3(T1): 4
        #3(T2): 4
        #3(T3): 4
        #5(T1): 5
        #5(T2): 3
        #5(T3): 4
        #6(T1): 4
        #6(T2): 4
        #6(T3): 4
      #4(T3): 0
        #2(T1): 1
        #2(T2): 0
        #2(T3): 0
        #3(T1): 1
        #3(T2): 1
        #3(T3): 0
        #5(T1): 2
        #5(T2): 0
        #5(T3): 0
        #6(T1): 1
        #6(T2): 1
        #6(T3): 0
    #9(T1): 1
    #9(T2): 0
    #9(T3): 0
  #4(T1): 1
    #2(T1): 3
    #2(T2): 2
    #2(T3): 1
    #3(T1): 3
      #6(T1): 7
      #6(T2): 5
      #6(T3): 3
    #3(T2): 3
      #6(T1): 5
      #6(T2): 3
      #6(T3): 3
    #3(T3): 1
      #6(T1): 4
      #6(T2): 2
      #6(T3): 1
    #5(T1): 3
      #8(T1): 6
        #7(T2): 8
        #7(T3): 6
        #9(T2): 7
        #9(T3): 6
      #8(T2): 6
        #7(T1): 8
        #7(T2): 6
        #7(T3): 6
        #9(T1): 6
        #9(T2): 5
        #9(T3): 6
      #8(T3): 3
        #7(T1): 6
        #7(T2): 4
        #7(T3): 3
        #9(T1): 4
        #9(T2): 3
        #9(T3): 3
    #5(T2): 3
      #8(T1): 4
        #7(T1): 8
        #7(T2): 6
        #7(T3): 4
        #9(T1): 6
        #9(T2): 5
        #9(T3): 4
      #8(T2): 4
        #7(T1): 6
        #7(T3): 4
        #9(T1): 4
        #9(T3): 4
      #8(T3): 3
        #7(T1): 6
        #7(T2): 4
        #7(T3): 3
        #9(T1): 4
        #9(T2): 3
        #9(T3): 3
    #5(T3): 1
      #8(T1): 3
        #7(T1): 7
        #7(T2): 5
        #7(T3): 3
        #9(T1): 5
        #9(T2): 4
        #9(T3): 3
      #8(T2): 3
        #7(T1): 5
        #7(T2): 3
        #7(T3): 3
        #9(T1): 3
        #9(T2): 2
        #9(T3): 3
      #8(T3): 1
        #7(T1): 4
        #7(T2): 2
        #7(T3): 1
        #9(T1): 2
        #9(T2): 1
        #9(T3): 1
    #6(T1): 3
      #3(T1): 7
      #3(T2): 5
      #3(T3): 3
    #6(T2): 3
      #3(T1): 5
      #3(T2): 3
      #3(T3): 3
    #6(T3): 1
      #3(T1): 4
      #3(T2): 2
      #3(T3): 1
    #7(T1): 3
      #8(T1): 6
        #5(T2): 8
        #5(T3): 6
        #9(T2): 7
        #9(T3): 6
      #8(T2): 6
        #5(T1): 8
        #5(T2): 6
        #5(T3): 6
        #9(T1): 6
        #9(T2): 5
        #9(T3): 6
      #8(T3): 3
        #5(T1): 6
        #5(T2): 4
        #5(T3): 3
        #9(T1): 4
        #9(T2): 3
        #9(T3): 3
    #7(T2): 3
      #8(T1): 4
        #5(T1): 8
        #5(T2): 6
        #5(T3): 4
        #9(T1): 6
        #9(T2): 5
        #9(T3): 4
      #8(T2): 4
        #5(T1): 6
        #5(T3): 4
        #9(T1): 4
        #9(T3): 4
      #8(T3): 3
        #5(T1): 6
        #5(T2): 4
        #5(T3): 3
        #9(T1): 4
        #9(T2): 3
        #9(T3): 3
    #7(T3): 1
      #8(T1): 3
        #5(T1): 7
        #5(T2): 5
        #5(T3): 3
        #9(T1): 5
        #9(T2): 4
        #9(T3): 3
      #8(T2): 3
        #5(T1): 5
        #5(T2): 3
        #5(T3): 3
        #9(T1): 3
        #9(T2): 2
        #9(T3): 3
      #8(T3): 1
        #5(T1): 4
        #5(T2): 2
        #5(T3): 1
        #9(T1): 2
        #9(T2): 1
        #9(T3): 1
  #4(T2): 5
    #2(T1): 5
    #2(T2): 4
    #2(T3): 5
    #3(T1): 5
      #6(T1): 7
      #6(T2): 5
      #6(T3): 5
    #3(T2): 5
      #6(T1): 5
      #6(T3): 5
    #3(T3): 5
      #6(T1): 6
      #6(T2): 4
      #6(T3): 5
    #5(T1): 5
      #8(T1): 8
        #7(T1): 10
        #7(T2): 8
        #7(T3): 8
        #9(T1): 10
        #9(T2): 9
        #9(T3): 8
      #8(T2): 8
        #7(T1): 8
        #7(T3): 8
        #9(T1): 8
        #9(T3): 8
      #8(T3): 5
        #7(T1): 6
        #7(T2): 4
        #7(T3): 5
        #9(T1): 6
        #9(T2): 5
        #9(T3): 5
    #5(T2): 5
      #8(T1): 6
        #7(T1): 8
        #7(T3): 6
        #9(T1): 8
        #9(T3): 6
      #8(T3): 5
        #7(T1): 6
        #7(T3): 5
        #9(T1): 6
        #9(T3): 5
    #5(T3): 5
      #8(T1): 7
        #7(T1): 9
        #7(T2): 7
        #7(T3): 7
        #9(T1): 9
        #9(T2): 8
        #9(T3): 7
      #8(T2): 7
        #7(T1): 7
        #7(T3): 7
        #9(T1): 7
        #9(T3): 7
      #8(T3): 5
        #7(T1): 6
        #7(T2): 4
        #7(T3): 5
        #9(T1): 6
        #9(T2): 5
        #9(T3): 5
    #6(T1): 5
      #3(T1): 7
      #3(T2): 5
      #3(T3): 5
    #6(T2): 5
      #3(T1): 5
      #3(T3): 5
    #6(T3): 5
      #3(T1): 6
      #3(T2): 4
      #3(T3): 5
    #7(T1): 5
      #8(T1): 8
        #5(T1): 10
        #5(T2): 8
        #5(T3): 8
        #9(T1): 10
        #9(T2): 9
        #9(T3): 8
      #8(T2): 8
        #5(T1): 8
        #5(T3): 8
        #9(T1): 8
        #9(T3): 8
      #8(T3): 5
        #5(T1): 6
        #5(T2): 4
        #5(T3): 5
        #9(T1): 6
        #9(T2): 5
        #9(T3): 5
    #7(T2): 5
      #8(T1): 6
        #5(T1): 8
        #5(T3): 6
        #9(T1): 8
        #9(T3): 6
      #8(T3): 5
        #5(T1): 6
        #5(T3): 5
        #9(T1): 6
        #9(T3): 5
    #7(T3): 5
      #8(T1): 7
        #5(T1): 9
        #5(T2): 7
        #5(T3): 7
        #9(T1): 9
        #9(T2): 8
        #9(T3): 7
      #8(T2): 7
        #5(T1): 7
        #5(T3): 7
        #9(T1): 7
        #9(T3): 7
      #8(T3): 5
        #5(T1): 6
        #5(T2): 4
        #5(T3): 5
        #9(T1): 6
        #9(T2): 5
        #9(T3): 5
  #4(T3): 0
    #2(T1): 1
    #2(T2): 0
    #2(T3): 0
    #3(T1): 1
      #6(T1): 4
      #6(T2): 2
      #6(T3): 1
    #3(T2): 1
      #6(T1): 2
      #6(T2): 0
      #6(T3): 1
    #3(T3): 0
      #6(T1): 2
      #6(T2): 0
      #6(T3): 0
    #5(T1): 1
      #8(T1): 4
        #7(T1): 7
        #7(T2): 5
        #7(T3): 4
        #9(T1): 6
        #9(T2): 5
        #9(T3): 4
      #8(T2): 4
        #7(T1): 5
        #7(T2): 3
        #7(T3): 4
        #9(T1): 4
        #9(T2): 3
        #9(T3): 4
      #8(T3): 1
        #7(T1): 3
        #7(T2): 1
        #7(T3): 1
        #9(T1): 2
        #9(T2): 1
        #9(T3): 1
    #5(T2): 1
      #8(T1): 2
        #7(T1): 5
        #7(T2): 3
        #7(T3): 2
        #9(T1): 4
        #9(T2): 3
        #9(T3): 2
      #8(T2): 2
        #7(T1): 3
        #7(T3): 2
        #9(T1): 2
        #9(T3): 2
      #8(T3): 1
        #7(T1): 3
        #7(T2): 1
        #7(T3): 1
        #9(T1): 2
        #9(T2): 1
        #9(T3): 1
    #5(T3): 0
      #8(T1): 2
        #7(T1): 5
        #7(T2): 3
        #7(T3): 2
        #9(T1): 4
        #9(T2): 3
        #9(T3): 2
      #8(T2): 2
        #7(T1): 3
        #7(T2): 1
        #7(T3): 2
        #9(T1): 2
        #9(T2): 1
        #9(T3): 2
      #8(T3): 0
        #7(T1): 2
        #7(T2): 0
        #7(T3): 0
        #9(T1): 1
        #9(T2): 0
        #9(T3): 0
    #6(T1): 1
      #3(T1): 4
      #3(T2): 2
      #3(T3): 1
    #6(T2): 1
      #3(T1): 2
      #3(T2): 0
      #3(T3): 1
    #6(T3): 0
      #3(T1): 2
      #3(T2): 0
      #3(T3): 0
    #7(T1): 1
      #8(T1): 4
        #5(T1): 7
        #5(T2): 5
        #5(T3): 4
        #9(T1): 6
        #9(T2): 5
        #9(T3): 4
      #8(T2): 4
        #5(T1): 5
        #5(T2): 3
        #5(T3): 4
        #9(T1): 4
        #9(T2): 3
        #9(T3): 4
      #8(T3): 1
        #5(T1): 3
        #5(T2): 1
        #5(T3): 1
        #9(T1): 2
        #9(T2): 1
        #9(T3): 1
    #7(T2): 1
      #8(T1): 2
        #5(T1): 5
        #5(T2): 3
        #5(T3): 2
        #9(T1): 4
        #9(T2): 3
        #9(T3): 2
      #8(T2): 2
        #5(T1): 3
        #5(T3): 2
        #9(T1): 2
        #9(T3): 2
      #8(T3): 1
        #5(T1): 3
        #5(T2): 1
        #5(T3): 1
        #9(T1): 2
        #9(T2): 1
        #9(T3): 1
    #7(T3): 0
      #8(T1): 2
        #5(T1): 5
        #5(T2): 3
        #5(T3): 2
        #9(T1): 4
        #9(T2): 3
        #9(T3): 2
      #8(T2): 2
        #5(T1): 3
        #5(T2): 1
        #5(T3): 2
        #9(T1): 2
        #9(T2): 1
        #9(T3): 2
      #8(T3): 0
        #5(T1): 2
        #5(T2): 0
        #5(T3): 0
        #9(T1): 1
        #9(T2): 0
        #9(T3): 0-------------------


Best score = 10
-------------------
