Vertices sorted in 0ms

#4(T1): 0 -> 0+0 -> 0
  #3(T1): 0 -> 2+0 -> 2
    #6(T1): 2 -> 2+2 -> 4
    #6(T2): 2 -> 2+2 -> 4
      #5(T1): 4 -> 2+4 -> 6
      #5(T2): 4 -> 0+4 -> 4
      #2(T1): 4 -> 2+4 -> 6
      #2(T2): 4 -> 2+4 -> 6
      #1(T1): 4 -> 2+4 -> 6
      #1(T2): 4 -> 2+4 -> 6
    #5(T1): 2 -> 2+2 -> 4
    #5(T2): 2 -> 2+2 -> 4
    #2(T1): 2 -> 2+2 -> 4
    #2(T2): 2 -> 2+2 -> 4
    #1(T1): 2 -> 2+2 -> 4
    #1(T2): 2 -> 2+2 -> 4
  #3(T2): 0 -> 3+0 -> 3
    #6(T1): 3 -> 2+3 -> 5
      #5(T1): 5 -> 2+5 -> 7
      #5(T2): 5 -> 0+5 -> 5
      #2(T1): 5 -> 2+5 -> 7
      #2(T2): 5 -> 2+5 -> 7
      #1(T1): 5 -> 0+5 -> 5
      #1(T2): 5 -> 0+5 -> 5
    #6(T2): 3 -> 2+3 -> 5
      #5(T1): 5 -> 0+5 -> 5
      #5(T2): 5 -> -2+5 -> 3
      #2(T1): 5 -> 2+5 -> 7
      #2(T2): 5 -> 2+5 -> 7
      #1(T1): 5 -> 0+5 -> 5
      #1(T2): 5 -> 0+5 -> 5
    #5(T1): 3 -> 0+3 -> 3
    #5(T2): 3 -> 0+3 -> 3
    #2(T1): 3 -> 2+3 -> 5
    #2(T2): 3 -> 2+3 -> 5
      #6(T1): 5 -> 2+5 -> 7
      #6(T2): 5 -> 2+5 -> 7
      #5(T1): 5 -> 0+5 -> 5
      #5(T2): 5 -> 0+5 -> 5
      #1(T1): 5 -> 0+5 -> 5
      #1(T2): 5 -> -2+5 -> 3
    #1(T1): 3 -> 0+3 -> 3
    #1(T2): 3 -> 0+3 -> 3
  #6(T1): 0 -> 2+0 -> 2
  #6(T2): 0 -> 2+0 -> 2
    #3(T1): 2 -> 2+2 -> 4
    #3(T2): 2 -> 3+2 -> 5
      #5(T1): 5 -> 0+5 -> 5
      #5(T2): 5 -> -2+5 -> 3
      #2(T1): 5 -> 2+5 -> 7
      #2(T2): 5 -> 2+5 -> 7
      #1(T1): 5 -> 0+5 -> 5
      #1(T2): 5 -> 0+5 -> 5
    #5(T1): 2 -> 0+2 -> 2
    #5(T2): 2 -> 0+2 -> 2
      #3(T1): 2 -> 2+2 -> 4
      #3(T2): 2 -> 1+2 -> 3
      #2(T1): 2 -> 2+2 -> 4
      #2(T2): 2 -> 2+2 -> 4
      #1(T1): 2 -> 0+2 -> 2
      #1(T2): 2 -> 2+2 -> 4
    #2(T1): 2 -> 2+2 -> 4
    #2(T2): 2 -> 2+2 -> 4
      #3(T1): 4 -> 2+4 -> 6
      #3(T2): 4 -> 3+4 -> 7
      #5(T1): 4 -> 0+4 -> 4
      #5(T2): 4 -> 0+4 -> 4
      #1(T1): 4 -> 0+4 -> 4
      #1(T2): 4 -> 0+4 -> 4
    #1(T1): 2 -> 0+2 -> 2
    #1(T2): 2 -> 2+2 -> 4
      #3(T1): 4 -> 2+4 -> 6
      #3(T2): 4 -> 1+4 -> 5
      #5(T1): 4 -> 0+4 -> 4
      #5(T2): 4 -> 0+4 -> 4
      #2(T1): 4 -> 2+4 -> 6
      #2(T2): 4 -> 0+4 -> 4
  #5(T1): 0 -> 0+0 -> 0
  #5(T2): 0 -> 2+0 -> 2
    #3(T1): 2 -> 2+2 -> 4
    #3(T2): 2 -> 1+2 -> 3
    #6(T1): 2 -> 2+2 -> 4
    #6(T2): 2 -> 0+2 -> 2
      #3(T1): 2 -> 2+2 -> 4
      #3(T2): 2 -> 1+2 -> 3
      #2(T1): 2 -> 2+2 -> 4
      #2(T2): 2 -> 2+2 -> 4
      #1(T1): 2 -> 0+2 -> 2
      #1(T2): 2 -> 2+2 -> 4
    #2(T1): 2 -> 2+2 -> 4
    #2(T2): 2 -> 2+2 -> 4
      #3(T1): 4 -> 2+4 -> 6
      #3(T2): 4 -> 1+4 -> 5
      #6(T1): 4 -> 2+4 -> 6
      #6(T2): 4 -> 0+4 -> 4
      #1(T1): 4 -> 0+4 -> 4
      #1(T2): 4 -> 0+4 -> 4
    #1(T1): 2 -> 0+2 -> 2
    #1(T2): 2 -> 2+2 -> 4
      #3(T1): 4 -> 2+4 -> 6
      #3(T2): 4 -> -1+4 -> 3
      #6(T1): 4 -> 2+4 -> 6
      #6(T2): 4 -> 0+4 -> 4
      #2(T1): 4 -> 2+4 -> 6
      #2(T2): 4 -> 0+4 -> 4
  #2(T1): 0 -> 2+0 -> 2
  #2(T2): 0 -> 2+0 -> 2
    #3(T1): 2 -> 2+2 -> 4
    #3(T2): 2 -> 3+2 -> 5
      #6(T1): 5 -> 2+5 -> 7
      #6(T2): 5 -> 2+5 -> 7
      #5(T1): 5 -> 0+5 -> 5
      #5(T2): 5 -> 0+5 -> 5
      #1(T1): 5 -> 0+5 -> 5
      #1(T2): 5 -> -2+5 -> 3
    #6(T1): 2 -> 2+2 -> 4
    #6(T2): 2 -> 2+2 -> 4
      #3(T1): 4 -> 2+4 -> 6
      #3(T2): 4 -> 3+4 -> 7
      #5(T1): 4 -> 0+4 -> 4
      #5(T2): 4 -> 0+4 -> 4
      #1(T1): 4 -> 0+4 -> 4
      #1(T2): 4 -> 0+4 -> 4
    #5(T1): 2 -> 0+2 -> 2
    #5(T2): 2 -> 2+2 -> 4
      #3(T1): 4 -> 2+4 -> 6
      #3(T2): 4 -> 1+4 -> 5
      #6(T1): 4 -> 2+4 -> 6
      #6(T2): 4 -> 0+4 -> 4
      #1(T1): 4 -> 0+4 -> 4
      #1(T2): 4 -> 0+4 -> 4
    #1(T1): 2 -> 0+2 -> 2
    #1(T2): 2 -> 0+2 -> 2
      #3(T1): 2 -> 2+2 -> 4
      #3(T2): 2 -> 1+2 -> 3
      #6(T1): 2 -> 2+2 -> 4
      #6(T2): 2 -> 2+2 -> 4
      #5(T1): 2 -> 0+2 -> 2
      #5(T2): 2 -> 2+2 -> 4
  #1(T1): 0 -> 0+0 -> 0
  #1(T2): 0 -> 2+0 -> 2
    #3(T1): 2 -> 2+2 -> 4
    #3(T2): 2 -> 1+2 -> 3
    #6(T1): 2 -> 2+2 -> 4
    #6(T2): 2 -> 2+2 -> 4
      #3(T1): 4 -> 2+4 -> 6
      #3(T2): 4 -> 1+4 -> 5
      #5(T1): 4 -> 0+4 -> 4
      #5(T2): 4 -> 0+4 -> 4
      #2(T1): 4 -> 2+4 -> 6
      #2(T2): 4 -> 0+4 -> 4
    #5(T1): 2 -> 0+2 -> 2
    #5(T2): 2 -> 2+2 -> 4
      #3(T1): 4 -> 2+4 -> 6
      #3(T2): 4 -> -1+4 -> 3
      #6(T1): 4 -> 2+4 -> 6
      #6(T2): 4 -> 0+4 -> 4
      #2(T1): 4 -> 2+4 -> 6
      #2(T2): 4 -> 0+4 -> 4
    #2(T1): 2 -> 2+2 -> 4
    #2(T2): 2 -> 0+2 -> 2
      #3(T1): 2 -> 2+2 -> 4
      #3(T2): 2 -> 1+2 -> 3
      #6(T1): 2 -> 2+2 -> 4
      #6(T2): 2 -> 2+2 -> 4
      #5(T1): 2 -> 0+2 -> 2
      #5(T2): 2 -> 2+2 -> 4
#4(T2): 0 -> 3+0 -> 3
  #3(T1): 3 -> 0+3 -> 3
    #6(T1): 3 -> 0+3 -> 3
    #6(T2): 3 -> 0+3 -> 3
    #5(T1): 3 -> 2+3 -> 5
    #5(T2): 3 -> 2+3 -> 5
      #6(T1): 5 -> 0+5 -> 5
      #6(T2): 5 -> -2+5 -> 3
      #2(T1): 5 -> 0+5 -> 5
      #2(T2): 5 -> 0+5 -> 5
      #1(T1): 5 -> 2+5 -> 7
      #1(T2): 5 -> 2+5 -> 7
    #2(T1): 3 -> 0+3 -> 3
    #2(T2): 3 -> 0+3 -> 3
    #1(T1): 3 -> 2+3 -> 5
    #1(T2): 3 -> 2+3 -> 5
      #6(T1): 5 -> 0+5 -> 5
      #6(T2): 5 -> 0+5 -> 5
      #5(T1): 5 -> 2+5 -> 7
      #5(T2): 5 -> 2+5 -> 7
      #2(T1): 5 -> 0+5 -> 5
      #2(T2): 5 -> -2+5 -> 3
  #3(T2): 3 -> 1+3 -> 4
    #6(T1): 4 -> 0+4 -> 4
      #5(T1): 4 -> 2+4 -> 6
      #5(T2): 4 -> 0+4 -> 4
      #2(T1): 4 -> 0+4 -> 4
      #2(T2): 4 -> 0+4 -> 4
      #1(T1): 4 -> 0+4 -> 4
      #1(T2): 4 -> 0+4 -> 4
    #6(T2): 4 -> 0+4 -> 4
    #5(T1): 4 -> 0+4 -> 4
      #6(T1): 4 -> 2+4 -> 6
      #6(T2): 4 -> 0+4 -> 4
      #2(T1): 4 -> 0+4 -> 4
      #2(T2): 4 -> 0+4 -> 4
      #1(T1): 4 -> 0+4 -> 4
      #1(T2): 4 -> 0+4 -> 4
    #5(T2): 4 -> 0+4 -> 4
    #2(T1): 4 -> 0+4 -> 4
      #6(T1): 4 -> 0+4 -> 4
      #6(T2): 4 -> 0+4 -> 4
      #5(T1): 4 -> 0+4 -> 4
      #5(T2): 4 -> 0+4 -> 4
      #1(T1): 4 -> 2+4 -> 6
      #1(T2): 4 -> 0+4 -> 4
    #2(T2): 4 -> 0+4 -> 4
    #1(T1): 4 -> 0+4 -> 4
      #6(T1): 4 -> 0+4 -> 4
      #6(T2): 4 -> 0+4 -> 4
      #5(T1): 4 -> 0+4 -> 4
      #5(T2): 4 -> 0+4 -> 4
      #2(T1): 4 -> 2+4 -> 6
      #2(T2): 4 -> 0+4 -> 4
    #1(T2): 4 -> 0+4 -> 4
  #6(T1): 3 -> 0+3 -> 3
    #3(T1): 3 -> 0+3 -> 3
    #3(T2): 3 -> 1+3 -> 4
      #5(T1): 4 -> 2+4 -> 6
      #5(T2): 4 -> 0+4 -> 4
      #2(T1): 4 -> 0+4 -> 4
      #2(T2): 4 -> 0+4 -> 4
      #1(T1): 4 -> 0+4 -> 4
      #1(T2): 4 -> 0+4 -> 4
    #5(T1): 3 -> 2+3 -> 5
      #3(T1): 5 -> 2+5 -> 7
      #3(T2): 5 -> 1+5 -> 6
      #2(T1): 5 -> 0+5 -> 5
      #2(T2): 5 -> 0+5 -> 5
      #1(T1): 5 -> 0+5 -> 5
      #1(T2): 5 -> 2+5 -> 7
    #5(T2): 3 -> 2+3 -> 5
      #3(T1): 5 -> 0+5 -> 5
      #3(T2): 5 -> -1+5 -> 4
      #2(T1): 5 -> 0+5 -> 5
      #2(T2): 5 -> 0+5 -> 5
      #1(T1): 5 -> 0+5 -> 5
      #1(T2): 5 -> 2+5 -> 7
    #2(T1): 3 -> 0+3 -> 3
    #2(T2): 3 -> 0+3 -> 3
      #3(T1): 3 -> 0+3 -> 3
      #3(T2): 3 -> 1+3 -> 4
      #5(T1): 3 -> 2+3 -> 5
      #5(T2): 3 -> 2+3 -> 5
      #1(T1): 3 -> 0+3 -> 3
      #1(T2): 3 -> 0+3 -> 3
    #1(T1): 3 -> 0+3 -> 3
    #1(T2): 3 -> 2+3 -> 5
      #3(T1): 5 -> 0+5 -> 5
      #3(T2): 5 -> -1+5 -> 4
      #5(T1): 5 -> 2+5 -> 7
      #5(T2): 5 -> 2+5 -> 7
      #2(T1): 5 -> 0+5 -> 5
      #2(T2): 5 -> -2+5 -> 3
  #6(T2): 3 -> 0+3 -> 3
    #3(T1): 3 -> 0+3 -> 3
    #3(T2): 3 -> 1+3 -> 4
    #5(T1): 3 -> 0+3 -> 3
      #3(T1): 3 -> 2+3 -> 5
      #3(T2): 3 -> 1+3 -> 4
      #2(T1): 3 -> 0+3 -> 3
      #2(T2): 3 -> 0+3 -> 3
      #1(T1): 3 -> 0+3 -> 3
      #1(T2): 3 -> 2+3 -> 5
    #5(T2): 3 -> 0+3 -> 3
    #2(T1): 3 -> 0+3 -> 3
      #3(T1): 3 -> 0+3 -> 3
      #3(T2): 3 -> 1+3 -> 4
      #5(T1): 3 -> 0+3 -> 3
      #5(T2): 3 -> 0+3 -> 3
      #1(T1): 3 -> 2+3 -> 5
      #1(T2): 3 -> 2+3 -> 5
    #2(T2): 3 -> 0+3 -> 3
    #1(T1): 3 -> 0+3 -> 3
      #3(T1): 3 -> 2+3 -> 5
      #3(T2): 3 -> 1+3 -> 4
      #5(T1): 3 -> 0+3 -> 3
      #5(T2): 3 -> 0+3 -> 3
      #2(T1): 3 -> 2+3 -> 5
      #2(T2): 3 -> 0+3 -> 3
    #1(T2): 3 -> 2+3 -> 5
  #5(T1): 3 -> 0+3 -> 3
    #3(T1): 3 -> 2+3 -> 5
    #3(T2): 3 -> 1+3 -> 4
      #6(T1): 4 -> 2+4 -> 6
      #6(T2): 4 -> 0+4 -> 4
      #2(T1): 4 -> 0+4 -> 4
      #2(T2): 4 -> 0+4 -> 4
      #1(T1): 4 -> 0+4 -> 4
      #1(T2): 4 -> 0+4 -> 4
    #6(T1): 3 -> 2+3 -> 5
      #3(T1): 5 -> 2+5 -> 7
      #3(T2): 5 -> 1+5 -> 6
      #2(T1): 5 -> 0+5 -> 5
      #2(T2): 5 -> 0+5 -> 5
      #1(T1): 5 -> 0+5 -> 5
      #1(T2): 5 -> 2+5 -> 7
    #6(T2): 3 -> 0+3 -> 3
      #3(T1): 3 -> 2+3 -> 5
      #3(T2): 3 -> 1+3 -> 4
      #2(T1): 3 -> 0+3 -> 3
      #2(T2): 3 -> 0+3 -> 3
      #1(T1): 3 -> 0+3 -> 3
      #1(T2): 3 -> 2+3 -> 5
    #2(T1): 3 -> 0+3 -> 3
    #2(T2): 3 -> 0+3 -> 3
      #3(T1): 3 -> 2+3 -> 5
      #3(T2): 3 -> 1+3 -> 4
      #6(T1): 3 -> 2+3 -> 5
      #6(T2): 3 -> 0+3 -> 3
      #1(T1): 3 -> 0+3 -> 3
      #1(T2): 3 -> 0+3 -> 3
    #1(T1): 3 -> 0+3 -> 3
    #1(T2): 3 -> 2+3 -> 5
      #3(T1): 5 -> 2+5 -> 7
      #3(T2): 5 -> -1+5 -> 4
      #6(T1): 5 -> 2+5 -> 7
      #6(T2): 5 -> 0+5 -> 5
      #2(T1): 5 -> 0+5 -> 5
      #2(T2): 5 -> -2+5 -> 3
  #5(T2): 3 -> 2+3 -> 5
    #3(T1): 5 -> 0+5 -> 5
      #6(T1): 5 -> 0+5 -> 5
      #6(T2): 5 -> -2+5 -> 3
      #2(T1): 5 -> 0+5 -> 5
      #2(T2): 5 -> 0+5 -> 5
      #1(T1): 5 -> 2+5 -> 7
      #1(T2): 5 -> 2+5 -> 7
    #3(T2): 5 -> -1+5 -> 4
    #6(T1): 5 -> 0+5 -> 5
      #3(T1): 5 -> 0+5 -> 5
      #3(T2): 5 -> -1+5 -> 4
      #2(T1): 5 -> 0+5 -> 5
      #2(T2): 5 -> 0+5 -> 5
      #1(T1): 5 -> 0+5 -> 5
      #1(T2): 5 -> 2+5 -> 7
    #6(T2): 5 -> -2+5 -> 3
    #2(T1): 5 -> 0+5 -> 5
      #3(T1): 5 -> 0+5 -> 5
      #3(T2): 5 -> -1+5 -> 4
      #6(T1): 5 -> 0+5 -> 5
      #6(T2): 5 -> -2+5 -> 3
      #1(T1): 5 -> 2+5 -> 7
      #1(T2): 5 -> 2+5 -> 7
    #2(T2): 5 -> 0+5 -> 5
    #1(T1): 5 -> 0+5 -> 5
      #3(T1): 5 -> 2+5 -> 7
      #3(T2): 5 -> -1+5 -> 4
      #6(T1): 5 -> 0+5 -> 5
      #6(T2): 5 -> -2+5 -> 3
      #2(T1): 5 -> 2+5 -> 7
      #2(T2): 5 -> 0+5 -> 5
    #1(T2): 5 -> 2+5 -> 7
  #2(T1): 3 -> 0+3 -> 3
    #3(T1): 3 -> 0+3 -> 3
    #3(T2): 3 -> 1+3 -> 4
      #6(T1): 4 -> 0+4 -> 4
      #6(T2): 4 -> 0+4 -> 4
      #5(T1): 4 -> 0+4 -> 4
      #5(T2): 4 -> 0+4 -> 4
      #1(T1): 4 -> 2+4 -> 6
      #1(T2): 4 -> 0+4 -> 4
    #6(T1): 3 -> 0+3 -> 3
    #6(T2): 3 -> 0+3 -> 3
      #3(T1): 3 -> 0+3 -> 3
      #3(T2): 3 -> 1+3 -> 4
      #5(T1): 3 -> 0+3 -> 3
      #5(T2): 3 -> 0+3 -> 3
      #1(T1): 3 -> 2+3 -> 5
      #1(T2): 3 -> 2+3 -> 5
    #5(T1): 3 -> 0+3 -> 3
    #5(T2): 3 -> 2+3 -> 5
      #3(T1): 5 -> 0+5 -> 5
      #3(T2): 5 -> -1+5 -> 4
      #6(T1): 5 -> 0+5 -> 5
      #6(T2): 5 -> -2+5 -> 3
      #1(T1): 5 -> 2+5 -> 7
      #1(T2): 5 -> 2+5 -> 7
    #1(T1): 3 -> 2+3 -> 5
      #3(T1): 5 -> 2+5 -> 7
      #3(T2): 5 -> 1+5 -> 6
      #6(T1): 5 -> 0+5 -> 5
      #6(T2): 5 -> 0+5 -> 5
      #5(T1): 5 -> 0+5 -> 5
      #5(T2): 5 -> 2+5 -> 7
    #1(T2): 3 -> 2+3 -> 5
      #3(T1): 5 -> 0+5 -> 5
      #3(T2): 5 -> -1+5 -> 4
      #6(T1): 5 -> 0+5 -> 5
      #6(T2): 5 -> 0+5 -> 5
      #5(T1): 5 -> 0+5 -> 5
      #5(T2): 5 -> 2+5 -> 7
  #2(T2): 3 -> 0+3 -> 3
    #3(T1): 3 -> 0+3 -> 3
    #3(T2): 3 -> 1+3 -> 4
    #6(T1): 3 -> 0+3 -> 3
      #3(T1): 3 -> 0+3 -> 3
      #3(T2): 3 -> 1+3 -> 4
      #5(T1): 3 -> 2+3 -> 5
      #5(T2): 3 -> 2+3 -> 5
      #1(T1): 3 -> 0+3 -> 3
      #1(T2): 3 -> 0+3 -> 3
    #6(T2): 3 -> 0+3 -> 3
    #5(T1): 3 -> 0+3 -> 3
      #3(T1): 3 -> 2+3 -> 5
      #3(T2): 3 -> 1+3 -> 4
      #6(T1): 3 -> 2+3 -> 5
      #6(T2): 3 -> 0+3 -> 3
      #1(T1): 3 -> 0+3 -> 3
      #1(T2): 3 -> 0+3 -> 3
    #5(T2): 3 -> 2+3 -> 5
    #1(T1): 3 -> 0+3 -> 3
      #3(T1): 3 -> 2+3 -> 5
      #3(T2): 3 -> 1+3 -> 4
      #6(T1): 3 -> 0+3 -> 3
      #6(T2): 3 -> 0+3 -> 3
      #5(T1): 3 -> 0+3 -> 3
      #5(T2): 3 -> 2+3 -> 5
    #1(T2): 3 -> 0+3 -> 3
  #1(T1): 3 -> 0+3 -> 3
    #3(T1): 3 -> 2+3 -> 5
    #3(T2): 3 -> 1+3 -> 4
      #6(T1): 4 -> 0+4 -> 4
      #6(T2): 4 -> 0+4 -> 4
      #5(T1): 4 -> 0+4 -> 4
      #5(T2): 4 -> 0+4 -> 4
      #2(T1): 4 -> 2+4 -> 6
      #2(T2): 4 -> 0+4 -> 4
    #6(T1): 3 -> 0+3 -> 3
    #6(T2): 3 -> 0+3 -> 3
      #3(T1): 3 -> 2+3 -> 5
      #3(T2): 3 -> 1+3 -> 4
      #5(T1): 3 -> 0+3 -> 3
      #5(T2): 3 -> 0+3 -> 3
      #2(T1): 3 -> 2+3 -> 5
      #2(T2): 3 -> 0+3 -> 3
    #5(T1): 3 -> 0+3 -> 3
    #5(T2): 3 -> 2+3 -> 5
      #3(T1): 5 -> 2+5 -> 7
      #3(T2): 5 -> -1+5 -> 4
      #6(T1): 5 -> 0+5 -> 5
      #6(T2): 5 -> -2+5 -> 3
      #2(T1): 5 -> 2+5 -> 7
      #2(T2): 5 -> 0+5 -> 5
    #2(T1): 3 -> 2+3 -> 5
      #3(T1): 5 -> 2+5 -> 7
      #3(T2): 5 -> 1+5 -> 6
      #6(T1): 5 -> 0+5 -> 5
      #6(T2): 5 -> 0+5 -> 5
      #5(T1): 5 -> 0+5 -> 5
      #5(T2): 5 -> 2+5 -> 7
    #2(T2): 3 -> 0+3 -> 3
      #3(T1): 3 -> 2+3 -> 5
      #3(T2): 3 -> 1+3 -> 4
      #6(T1): 3 -> 0+3 -> 3
      #6(T2): 3 -> 0+3 -> 3
      #5(T1): 3 -> 0+3 -> 3
      #5(T2): 3 -> 2+3 -> 5
  #1(T2): 3 -> 2+3 -> 5
    #3(T1): 5 -> 0+5 -> 5
      #6(T1): 5 -> 0+5 -> 5
      #6(T2): 5 -> 0+5 -> 5
      #5(T1): 5 -> 2+5 -> 7
      #5(T2): 5 -> 2+5 -> 7
      #2(T1): 5 -> 0+5 -> 5
      #2(T2): 5 -> -2+5 -> 3
    #3(T2): 5 -> -1+5 -> 4
    #6(T1): 5 -> 0+5 -> 5
      #3(T1): 5 -> 0+5 -> 5
      #3(T2): 5 -> -1+5 -> 4
      #5(T1): 5 -> 2+5 -> 7
      #5(T2): 5 -> 2+5 -> 7
      #2(T1): 5 -> 0+5 -> 5
      #2(T2): 5 -> -2+5 -> 3
    #6(T2): 5 -> 0+5 -> 5
    #5(T1): 5 -> 0+5 -> 5
      #3(T1): 5 -> 2+5 -> 7
      #3(T2): 5 -> -1+5 -> 4
      #6(T1): 5 -> 2+5 -> 7
      #6(T2): 5 -> 0+5 -> 5
      #2(T1): 5 -> 0+5 -> 5
      #2(T2): 5 -> -2+5 -> 3
    #5(T2): 5 -> 2+5 -> 7
    #2(T1): 5 -> 0+5 -> 5
      #3(T1): 5 -> 0+5 -> 5
      #3(T2): 5 -> -1+5 -> 4
      #6(T1): 5 -> 0+5 -> 5
      #6(T2): 5 -> 0+5 -> 5
      #5(T1): 5 -> 0+5 -> 5
      #5(T2): 5 -> 2+5 -> 7
    #2(T2): 5 -> -2+5 -> 3
#3(T1): 0 -> 0+0 -> 0
  #4(T1): 0 -> 2+0 -> 2
  #4(T2): 0 -> 3+0 -> 3
    #6(T1): 3 -> 0+3 -> 3
    #6(T2): 3 -> 0+3 -> 3
    #5(T1): 3 -> 2+3 -> 5
    #5(T2): 3 -> 2+3 -> 5
      #6(T1): 5 -> 0+5 -> 5
      #6(T2): 5 -> -2+5 -> 3
      #2(T1): 5 -> 0+5 -> 5
      #2(T2): 5 -> 0+5 -> 5
      #1(T1): 5 -> 2+5 -> 7
      #1(T2): 5 -> 2+5 -> 7
    #2(T1): 3 -> 0+3 -> 3
    #2(T2): 3 -> 0+3 -> 3
    #1(T1): 3 -> 2+3 -> 5
    #1(T2): 3 -> 2+3 -> 5
      #6(T1): 5 -> 0+5 -> 5
      #6(T2): 5 -> 0+5 -> 5
      #5(T1): 5 -> 2+5 -> 7
      #5(T2): 5 -> 2+5 -> 7
      #2(T1): 5 -> 0+5 -> 5
      #2(T2): 5 -> -2+5 -> 3
  #6(T1): 0 -> 0+0 -> 0
  #6(T2): 0 -> 2+0 -> 2
    #4(T1): 2 -> 2+2 -> 4
    #4(T2): 2 -> 1+2 -> 3
    #5(T1): 2 -> 2+2 -> 4
    #5(T2): 2 -> 0+2 -> 2
      #4(T1): 2 -> 2+2 -> 4
      #4(T2): 2 -> 1+2 -> 3
      #2(T1): 2 -> 0+2 -> 2
      #2(T2): 2 -> 2+2 -> 4
      #1(T1): 2 -> 2+2 -> 4
      #1(T2): 2 -> 2+2 -> 4
    #2(T1): 2 -> 0+2 -> 2
    #2(T2): 2 -> 2+2 -> 4
      #4(T1): 4 -> 2+4 -> 6
      #4(T2): 4 -> -1+4 -> 3
      #5(T1): 4 -> 2+4 -> 6
      #5(T2): 4 -> 0+4 -> 4
      #1(T1): 4 -> 2+4 -> 6
      #1(T2): 4 -> 0+4 -> 4
    #1(T1): 2 -> 2+2 -> 4
    #1(T2): 2 -> 2+2 -> 4
      #4(T1): 4 -> 2+4 -> 6
      #4(T2): 4 -> 1+4 -> 5
      #5(T1): 4 -> 2+4 -> 6
      #5(T2): 4 -> 0+4 -> 4
      #2(T1): 4 -> 0+4 -> 4
      #2(T2): 4 -> 0+4 -> 4
  #5(T1): 0 -> 2+0 -> 2
  #5(T2): 0 -> 2+0 -> 2
    #4(T1): 2 -> 2+2 -> 4
    #4(T2): 2 -> 3+2 -> 5
      #6(T1): 5 -> 0+5 -> 5
      #6(T2): 5 -> -2+5 -> 3
      #2(T1): 5 -> 0+5 -> 5
      #2(T2): 5 -> 0+5 -> 5
      #1(T1): 5 -> 2+5 -> 7
      #1(T2): 5 -> 2+5 -> 7
    #6(T1): 2 -> 0+2 -> 2
    #6(T2): 2 -> 0+2 -> 2
      #4(T1): 2 -> 2+2 -> 4
      #4(T2): 2 -> 1+2 -> 3
      #2(T1): 2 -> 0+2 -> 2
      #2(T2): 2 -> 2+2 -> 4
      #1(T1): 2 -> 2+2 -> 4
      #1(T2): 2 -> 2+2 -> 4
    #2(T1): 2 -> 0+2 -> 2
    #2(T2): 2 -> 2+2 -> 4
      #4(T1): 4 -> 2+4 -> 6
      #4(T2): 4 -> 1+4 -> 5
      #6(T1): 4 -> 0+4 -> 4
      #6(T2): 4 -> 0+4 -> 4
      #1(T1): 4 -> 2+4 -> 6
      #1(T2): 4 -> 0+4 -> 4
    #1(T1): 2 -> 2+2 -> 4
    #1(T2): 2 -> 2+2 -> 4
      #4(T1): 4 -> 2+4 -> 6
      #4(T2): 4 -> 3+4 -> 7
      #6(T1): 4 -> 0+4 -> 4
      #6(T2): 4 -> 0+4 -> 4
      #2(T1): 4 -> 0+4 -> 4
      #2(T2): 4 -> 0+4 -> 4
  #2(T1): 0 -> 0+0 -> 0
  #2(T2): 0 -> 2+0 -> 2
    #4(T1): 2 -> 2+2 -> 4
    #4(T2): 2 -> 1+2 -> 3
    #6(T1): 2 -> 0+2 -> 2
    #6(T2): 2 -> 2+2 -> 4
      #4(T1): 4 -> 2+4 -> 6
      #4(T2): 4 -> -1+4 -> 3
      #5(T1): 4 -> 2+4 -> 6
      #5(T2): 4 -> 0+4 -> 4
      #1(T1): 4 -> 2+4 -> 6
      #1(T2): 4 -> 0+4 -> 4
    #5(T1): 2 -> 2+2 -> 4
    #5(T2): 2 -> 2+2 -> 4
      #4(T1): 4 -> 2+4 -> 6
      #4(T2): 4 -> 1+4 -> 5
      #6(T1): 4 -> 0+4 -> 4
      #6(T2): 4 -> 0+4 -> 4
      #1(T1): 4 -> 2+4 -> 6
      #1(T2): 4 -> 0+4 -> 4
    #1(T1): 2 -> 2+2 -> 4
    #1(T2): 2 -> 0+2 -> 2
      #4(T1): 2 -> 2+2 -> 4
      #4(T2): 2 -> 1+2 -> 3
      #6(T1): 2 -> 0+2 -> 2
      #6(T2): 2 -> 2+2 -> 4
      #5(T1): 2 -> 2+2 -> 4
      #5(T2): 2 -> 2+2 -> 4
  #1(T1): 0 -> 2+0 -> 2
  #1(T2): 0 -> 2+0 -> 2
    #4(T1): 2 -> 2+2 -> 4
    #4(T2): 2 -> 3+2 -> 5
      #6(T1): 5 -> 0+5 -> 5
      #6(T2): 5 -> 0+5 -> 5
      #5(T1): 5 -> 2+5 -> 7
      #5(T2): 5 -> 2+5 -> 7
      #2(T1): 5 -> 0+5 -> 5
      #2(T2): 5 -> -2+5 -> 3
    #6(T1): 2 -> 0+2 -> 2
    #6(T2): 2 -> 2+2 -> 4
      #4(T1): 4 -> 2+4 -> 6
      #4(T2): 4 -> 1+4 -> 5
      #5(T1): 4 -> 2+4 -> 6
      #5(T2): 4 -> 0+4 -> 4
      #2(T1): 4 -> 0+4 -> 4
      #2(T2): 4 -> 0+4 -> 4
    #5(T1): 2 -> 2+2 -> 4
    #5(T2): 2 -> 2+2 -> 4
      #4(T1): 4 -> 2+4 -> 6
      #4(T2): 4 -> 3+4 -> 7
      #6(T1): 4 -> 0+4 -> 4
      #6(T2): 4 -> 0+4 -> 4
      #2(T1): 4 -> 0+4 -> 4
      #2(T2): 4 -> 0+4 -> 4
    #2(T1): 2 -> 0+2 -> 2
    #2(T2): 2 -> 0+2 -> 2
      #4(T1): 2 -> 2+2 -> 4
      #4(T2): 2 -> 1+2 -> 3
      #6(T1): 2 -> 0+2 -> 2
      #6(T2): 2 -> 2+2 -> 4
      #5(T1): 2 -> 2+2 -> 4
      #5(T2): 2 -> 2+2 -> 4
#3(T2): 0 -> 3+0 -> 3
  #4(T1): 3 -> 0+3 -> 3
    #6(T1): 3 -> 2+3 -> 5
    #6(T2): 3 -> 2+3 -> 5
      #5(T1): 5 -> 0+5 -> 5
      #5(T2): 5 -> -2+5 -> 3
      #2(T1): 5 -> 2+5 -> 7
      #2(T2): 5 -> 2+5 -> 7
      #1(T1): 5 -> 0+5 -> 5
      #1(T2): 5 -> 0+5 -> 5
    #5(T1): 3 -> 0+3 -> 3
    #5(T2): 3 -> 0+3 -> 3
    #2(T1): 3 -> 2+3 -> 5
    #2(T2): 3 -> 2+3 -> 5
      #6(T1): 5 -> 2+5 -> 7
      #6(T2): 5 -> 2+5 -> 7
      #5(T1): 5 -> 0+5 -> 5
      #5(T2): 5 -> 0+5 -> 5
      #1(T1): 5 -> 0+5 -> 5
      #1(T2): 5 -> -2+5 -> 3
    #1(T1): 3 -> 0+3 -> 3
    #1(T2): 3 -> 0+3 -> 3
  #4(T2): 3 -> 1+3 -> 4
    #6(T1): 4 -> 0+4 -> 4
      #5(T1): 4 -> 2+4 -> 6
      #5(T2): 4 -> 0+4 -> 4
      #2(T1): 4 -> 0+4 -> 4
      #2(T2): 4 -> 0+4 -> 4
      #1(T1): 4 -> 0+4 -> 4
      #1(T2): 4 -> 0+4 -> 4
    #6(T2): 4 -> 0+4 -> 4
    #5(T1): 4 -> 0+4 -> 4
      #6(T1): 4 -> 2+4 -> 6
      #6(T2): 4 -> 0+4 -> 4
      #2(T1): 4 -> 0+4 -> 4
      #2(T2): 4 -> 0+4 -> 4
      #1(T1): 4 -> 0+4 -> 4
      #1(T2): 4 -> 0+4 -> 4
    #5(T2): 4 -> 0+4 -> 4
    #2(T1): 4 -> 0+4 -> 4
      #6(T1): 4 -> 0+4 -> 4
      #6(T2): 4 -> 0+4 -> 4
      #5(T1): 4 -> 0+4 -> 4
      #5(T2): 4 -> 0+4 -> 4
      #1(T1): 4 -> 2+4 -> 6
      #1(T2): 4 -> 0+4 -> 4
    #2(T2): 4 -> 0+4 -> 4
    #1(T1): 4 -> 0+4 -> 4
      #6(T1): 4 -> 0+4 -> 4
      #6(T2): 4 -> 0+4 -> 4
      #5(T1): 4 -> 0+4 -> 4
      #5(T2): 4 -> 0+4 -> 4
      #2(T1): 4 -> 2+4 -> 6
      #2(T2): 4 -> 0+4 -> 4
    #1(T2): 4 -> 0+4 -> 4
  #6(T1): 3 -> 0+3 -> 3
    #4(T1): 3 -> 2+3 -> 5
    #4(T2): 3 -> 1+3 -> 4
      #5(T1): 4 -> 2+4 -> 6
      #5(T2): 4 -> 0+4 -> 4
      #2(T1): 4 -> 0+4 -> 4
      #2(T2): 4 -> 0+4 -> 4
      #1(T1): 4 -> 0+4 -> 4
      #1(T2): 4 -> 0+4 -> 4
    #5(T1): 3 -> 2+3 -> 5
      #4(T1): 5 -> 2+5 -> 7
      #4(T2): 5 -> 1+5 -> 6
      #2(T1): 5 -> 0+5 -> 5
      #2(T2): 5 -> 2+5 -> 7
      #1(T1): 5 -> 0+5 -> 5
      #1(T2): 5 -> 0+5 -> 5
    #5(T2): 3 -> 0+3 -> 3
      #4(T1): 3 -> 2+3 -> 5
      #4(T2): 3 -> 1+3 -> 4
      #2(T1): 3 -> 0+3 -> 3
      #2(T2): 3 -> 2+3 -> 5
      #1(T1): 3 -> 0+3 -> 3
      #1(T2): 3 -> 0+3 -> 3
    #2(T1): 3 -> 0+3 -> 3
    #2(T2): 3 -> 2+3 -> 5
      #4(T1): 5 -> 2+5 -> 7
      #4(T2): 5 -> -1+5 -> 4
      #5(T1): 5 -> 2+5 -> 7
      #5(T2): 5 -> 0+5 -> 5
      #1(T1): 5 -> 0+5 -> 5
      #1(T2): 5 -> -2+5 -> 3
    #1(T1): 3 -> 0+3 -> 3
    #1(T2): 3 -> 0+3 -> 3
      #4(T1): 3 -> 2+3 -> 5
      #4(T2): 3 -> 1+3 -> 4
      #5(T1): 3 -> 2+3 -> 5
      #5(T2): 3 -> 0+3 -> 3
      #2(T1): 3 -> 0+3 -> 3
      #2(T2): 3 -> 0+3 -> 3
  #6(T2): 3 -> 2+3 -> 5
    #4(T1): 5 -> 0+5 -> 5
      #5(T1): 5 -> 0+5 -> 5
      #5(T2): 5 -> -2+5 -> 3
      #2(T1): 5 -> 2+5 -> 7
      #2(T2): 5 -> 2+5 -> 7
      #1(T1): 5 -> 0+5 -> 5
      #1(T2): 5 -> 0+5 -> 5
    #4(T2): 5 -> -1+5 -> 4
    #5(T1): 5 -> 0+5 -> 5
      #4(T1): 5 -> 0+5 -> 5
      #4(T2): 5 -> -1+5 -> 4
      #2(T1): 5 -> 0+5 -> 5
      #2(T2): 5 -> 2+5 -> 7
      #1(T1): 5 -> 0+5 -> 5
      #1(T2): 5 -> 0+5 -> 5
    #5(T2): 5 -> -2+5 -> 3
    #2(T1): 5 -> 0+5 -> 5
      #4(T1): 5 -> 2+5 -> 7
      #4(T2): 5 -> -1+5 -> 4
      #5(T1): 5 -> 0+5 -> 5
      #5(T2): 5 -> -2+5 -> 3
      #1(T1): 5 -> 2+5 -> 7
      #1(T2): 5 -> 0+5 -> 5
    #2(T2): 5 -> 2+5 -> 7
    #1(T1): 5 -> 0+5 -> 5
      #4(T1): 5 -> 0+5 -> 5
      #4(T2): 5 -> -1+5 -> 4
      #5(T1): 5 -> 0+5 -> 5
      #5(T2): 5 -> -2+5 -> 3
      #2(T1): 5 -> 2+5 -> 7
      #2(T2): 5 -> 2+5 -> 7
    #1(T2): 5 -> 0+5 -> 5
  #5(T1): 3 -> 0+3 -> 3
    #4(T1): 3 -> 0+3 -> 3
    #4(T2): 3 -> 1+3 -> 4
      #6(T1): 4 -> 2+4 -> 6
      #6(T2): 4 -> 0+4 -> 4
      #2(T1): 4 -> 0+4 -> 4
      #2(T2): 4 -> 0+4 -> 4
      #1(T1): 4 -> 0+4 -> 4
      #1(T2): 4 -> 0+4 -> 4
    #6(T1): 3 -> 2+3 -> 5
      #4(T1): 5 -> 2+5 -> 7
      #4(T2): 5 -> 1+5 -> 6
      #2(T1): 5 -> 0+5 -> 5
      #2(T2): 5 -> 2+5 -> 7
      #1(T1): 5 -> 0+5 -> 5
      #1(T2): 5 -> 0+5 -> 5
    #6(T2): 3 -> 2+3 -> 5
      #4(T1): 5 -> 0+5 -> 5
      #4(T2): 5 -> -1+5 -> 4
      #2(T1): 5 -> 0+5 -> 5
      #2(T2): 5 -> 2+5 -> 7
      #1(T1): 5 -> 0+5 -> 5
      #1(T2): 5 -> 0+5 -> 5
    #2(T1): 3 -> 0+3 -> 3
    #2(T2): 3 -> 2+3 -> 5
      #4(T1): 5 -> 0+5 -> 5
      #4(T2): 5 -> -1+5 -> 4
      #6(T1): 5 -> 2+5 -> 7
      #6(T2): 5 -> 2+5 -> 7
      #1(T1): 5 -> 0+5 -> 5
      #1(T2): 5 -> -2+5 -> 3
    #1(T1): 3 -> 0+3 -> 3
    #1(T2): 3 -> 0+3 -> 3
      #4(T1): 3 -> 0+3 -> 3
      #4(T2): 3 -> 1+3 -> 4
      #6(T1): 3 -> 2+3 -> 5
      #6(T2): 3 -> 2+3 -> 5
      #2(T1): 3 -> 0+3 -> 3
      #2(T2): 3 -> 0+3 -> 3
  #5(T2): 3 -> 0+3 -> 3
    #4(T1): 3 -> 0+3 -> 3
    #4(T2): 3 -> 1+3 -> 4
    #6(T1): 3 -> 0+3 -> 3
      #4(T1): 3 -> 2+3 -> 5
      #4(T2): 3 -> 1+3 -> 4
      #2(T1): 3 -> 0+3 -> 3
      #2(T2): 3 -> 2+3 -> 5
      #1(T1): 3 -> 0+3 -> 3
      #1(T2): 3 -> 0+3 -> 3
    #6(T2): 3 -> 0+3 -> 3
    #2(T1): 3 -> 0+3 -> 3
      #4(T1): 3 -> 2+3 -> 5
      #4(T2): 3 -> 1+3 -> 4
      #6(T1): 3 -> 0+3 -> 3
      #6(T2): 3 -> 0+3 -> 3
      #1(T1): 3 -> 2+3 -> 5
      #1(T2): 3 -> 0+3 -> 3
    #2(T2): 3 -> 2+3 -> 5
    #1(T1): 3 -> 0+3 -> 3
      #4(T1): 3 -> 0+3 -> 3
      #4(T2): 3 -> 1+3 -> 4
      #6(T1): 3 -> 0+3 -> 3
      #6(T2): 3 -> 0+3 -> 3
      #2(T1): 3 -> 2+3 -> 5
      #2(T2): 3 -> 2+3 -> 5
    #1(T2): 3 -> 0+3 -> 3
  #2(T1): 3 -> 0+3 -> 3
    #4(T1): 3 -> 2+3 -> 5
    #4(T2): 3 -> 1+3 -> 4
      #6(T1): 4 -> 0+4 -> 4
      #6(T2): 4 -> 0+4 -> 4
      #5(T1): 4 -> 0+4 -> 4
      #5(T2): 4 -> 0+4 -> 4
      #1(T1): 4 -> 2+4 -> 6
      #1(T2): 4 -> 0+4 -> 4
    #6(T1): 3 -> 0+3 -> 3
    #6(T2): 3 -> 2+3 -> 5
      #4(T1): 5 -> 2+5 -> 7
      #4(T2): 5 -> -1+5 -> 4
      #5(T1): 5 -> 0+5 -> 5
      #5(T2): 5 -> -2+5 -> 3
      #1(T1): 5 -> 2+5 -> 7
      #1(T2): 5 -> 0+5 -> 5
    #5(T1): 3 -> 0+3 -> 3
    #5(T2): 3 -> 0+3 -> 3
      #4(T1): 3 -> 2+3 -> 5
      #4(T2): 3 -> 1+3 -> 4
      #6(T1): 3 -> 0+3 -> 3
      #6(T2): 3 -> 0+3 -> 3
      #1(T1): 3 -> 2+3 -> 5
      #1(T2): 3 -> 0+3 -> 3
    #1(T1): 3 -> 2+3 -> 5
      #4(T1): 5 -> 2+5 -> 7
      #4(T2): 5 -> 1+5 -> 6
      #6(T1): 5 -> 0+5 -> 5
      #6(T2): 5 -> 2+5 -> 7
      #5(T1): 5 -> 0+5 -> 5
      #5(T2): 5 -> 0+5 -> 5
    #1(T2): 3 -> 0+3 -> 3
      #4(T1): 3 -> 2+3 -> 5
      #4(T2): 3 -> 1+3 -> 4
      #6(T1): 3 -> 0+3 -> 3
      #6(T2): 3 -> 2+3 -> 5
      #5(T1): 3 -> 0+3 -> 3
      #5(T2): 3 -> 0+3 -> 3
  #2(T2): 3 -> 2+3 -> 5
    #4(T1): 5 -> 0+5 -> 5
      #6(T1): 5 -> 2+5 -> 7
      #6(T2): 5 -> 2+5 -> 7
      #5(T1): 5 -> 0+5 -> 5
      #5(T2): 5 -> 0+5 -> 5
      #1(T1): 5 -> 0+5 -> 5
      #1(T2): 5 -> -2+5 -> 3
    #4(T2): 5 -> -1+5 -> 4
    #6(T1): 5 -> 0+5 -> 5
      #4(T1): 5 -> 2+5 -> 7
      #4(T2): 5 -> -1+5 -> 4
      #5(T1): 5 -> 2+5 -> 7
      #5(T2): 5 -> 0+5 -> 5
      #1(T1): 5 -> 0+5 -> 5
      #1(T2): 5 -> -2+5 -> 3
    #6(T2): 5 -> 2+5 -> 7
    #5(T1): 5 -> 0+5 -> 5
      #4(T1): 5 -> 0+5 -> 5
      #4(T2): 5 -> -1+5 -> 4
      #6(T1): 5 -> 2+5 -> 7
      #6(T2): 5 -> 2+5 -> 7
      #1(T1): 5 -> 0+5 -> 5
      #1(T2): 5 -> -2+5 -> 3
    #5(T2): 5 -> 0+5 -> 5
    #1(T1): 5 -> 0+5 -> 5
      #4(T1): 5 -> 0+5 -> 5
      #4(T2): 5 -> -1+5 -> 4
      #6(T1): 5 -> 0+5 -> 5
      #6(T2): 5 -> 2+5 -> 7
      #5(T1): 5 -> 0+5 -> 5
      #5(T2): 5 -> 0+5 -> 5
    #1(T2): 5 -> -2+5 -> 3
  #1(T1): 3 -> 0+3 -> 3
    #4(T1): 3 -> 0+3 -> 3
    #4(T2): 3 -> 1+3 -> 4
      #6(T1): 4 -> 0+4 -> 4
      #6(T2): 4 -> 0+4 -> 4
      #5(T1): 4 -> 0+4 -> 4
      #5(T2): 4 -> 0+4 -> 4
      #2(T1): 4 -> 2+4 -> 6
      #2(T2): 4 -> 0+4 -> 4
    #6(T1): 3 -> 0+3 -> 3
    #6(T2): 3 -> 2+3 -> 5
      #4(T1): 5 -> 0+5 -> 5
      #4(T2): 5 -> -1+5 -> 4
      #5(T1): 5 -> 0+5 -> 5
      #5(T2): 5 -> -2+5 -> 3
      #2(T1): 5 -> 2+5 -> 7
      #2(T2): 5 -> 2+5 -> 7
    #5(T1): 3 -> 0+3 -> 3
    #5(T2): 3 -> 0+3 -> 3
      #4(T1): 3 -> 0+3 -> 3
      #4(T2): 3 -> 1+3 -> 4
      #6(T1): 3 -> 0+3 -> 3
      #6(T2): 3 -> 0+3 -> 3
      #2(T1): 3 -> 2+3 -> 5
      #2(T2): 3 -> 2+3 -> 5
    #2(T1): 3 -> 2+3 -> 5
      #4(T1): 5 -> 2+5 -> 7
      #4(T2): 5 -> 1+5 -> 6
      #6(T1): 5 -> 0+5 -> 5
      #6(T2): 5 -> 2+5 -> 7
      #5(T1): 5 -> 0+5 -> 5
      #5(T2): 5 -> 0+5 -> 5
    #2(T2): 3 -> 2+3 -> 5
      #4(T1): 5 -> 0+5 -> 5
      #4(T2): 5 -> -1+5 -> 4
      #6(T1): 5 -> 0+5 -> 5
      #6(T2): 5 -> 2+5 -> 7
      #5(T1): 5 -> 0+5 -> 5
      #5(T2): 5 -> 0+5 -> 5
  #1(T2): 3 -> 0+3 -> 3
    #4(T1): 3 -> 0+3 -> 3
    #4(T2): 3 -> 1+3 -> 4
    #6(T1): 3 -> 0+3 -> 3
      #4(T1): 3 -> 2+3 -> 5
      #4(T2): 3 -> 1+3 -> 4
      #5(T1): 3 -> 2+3 -> 5
      #5(T2): 3 -> 0+3 -> 3
      #2(T1): 3 -> 0+3 -> 3
      #2(T2): 3 -> 0+3 -> 3
    #6(T2): 3 -> 2+3 -> 5
    #5(T1): 3 -> 0+3 -> 3
      #4(T1): 3 -> 0+3 -> 3
      #4(T2): 3 -> 1+3 -> 4
      #6(T1): 3 -> 2+3 -> 5
      #6(T2): 3 -> 2+3 -> 5
      #2(T1): 3 -> 0+3 -> 3
      #2(T2): 3 -> 0+3 -> 3
    #5(T2): 3 -> 0+3 -> 3
    #2(T1): 3 -> 0+3 -> 3
      #4(T1): 3 -> 2+3 -> 5
      #4(T2): 3 -> 1+3 -> 4
      #6(T1): 3 -> 0+3 -> 3
      #6(T2): 3 -> 2+3 -> 5
      #5(T1): 3 -> 0+3 -> 3
      #5(T2): 3 -> 0+3 -> 3
    #2(T2): 3 -> 0+3 -> 3
#6(T1): 0 -> 0+0 -> 0
  #4(T1): 0 -> 2+0 -> 2
  #4(T2): 0 -> 3+0 -> 3
    #3(T1): 3 -> 0+3 -> 3
    #3(T2): 3 -> 1+3 -> 4
      #5(T1): 4 -> 2+4 -> 6
      #5(T2): 4 -> 0+4 -> 4
      #2(T1): 4 -> 0+4 -> 4
      #2(T2): 4 -> 0+4 -> 4
      #1(T1): 4 -> 0+4 -> 4
      #1(T2): 4 -> 0+4 -> 4
    #5(T1): 3 -> 2+3 -> 5
      #3(T1): 5 -> 2+5 -> 7
      #3(T2): 5 -> 1+5 -> 6
      #2(T1): 5 -> 0+5 -> 5
      #2(T2): 5 -> 0+5 -> 5
      #1(T1): 5 -> 0+5 -> 5
      #1(T2): 5 -> 2+5 -> 7
    #5(T2): 3 -> 2+3 -> 5
      #3(T1): 5 -> 0+5 -> 5
      #3(T2): 5 -> -1+5 -> 4
      #2(T1): 5 -> 0+5 -> 5
      #2(T2): 5 -> 0+5 -> 5
      #1(T1): 5 -> 0+5 -> 5
      #1(T2): 5 -> 2+5 -> 7
    #2(T1): 3 -> 0+3 -> 3
    #2(T2): 3 -> 0+3 -> 3
      #3(T1): 3 -> 0+3 -> 3
      #3(T2): 3 -> 1+3 -> 4
      #5(T1): 3 -> 2+3 -> 5
      #5(T2): 3 -> 2+3 -> 5
      #1(T1): 3 -> 0+3 -> 3
      #1(T2): 3 -> 0+3 -> 3
    #1(T1): 3 -> 0+3 -> 3
    #1(T2): 3 -> 2+3 -> 5
      #3(T1): 5 -> 0+5 -> 5
      #3(T2): 5 -> -1+5 -> 4
      #5(T1): 5 -> 2+5 -> 7
      #5(T2): 5 -> 2+5 -> 7
      #2(T1): 5 -> 0+5 -> 5
      #2(T2): 5 -> -2+5 -> 3
  #3(T1): 0 -> 0+0 -> 0
  #3(T2): 0 -> 3+0 -> 3
    #4(T1): 3 -> 2+3 -> 5
    #4(T2): 3 -> 1+3 -> 4
      #5(T1): 4 -> 2+4 -> 6
      #5(T2): 4 -> 0+4 -> 4
      #2(T1): 4 -> 0+4 -> 4
      #2(T2): 4 -> 0+4 -> 4
      #1(T1): 4 -> 0+4 -> 4
      #1(T2): 4 -> 0+4 -> 4
    #5(T1): 3 -> 2+3 -> 5
      #4(T1): 5 -> 2+5 -> 7
      #4(T2): 5 -> 1+5 -> 6
      #2(T1): 5 -> 0+5 -> 5
      #2(T2): 5 -> 2+5 -> 7
      #1(T1): 5 -> 0+5 -> 5
      #1(T2): 5 -> 0+5 -> 5
    #5(T2): 3 -> 0+3 -> 3
      #4(T1): 3 -> 2+3 -> 5
      #4(T2): 3 -> 1+3 -> 4
      #2(T1): 3 -> 0+3 -> 3
      #2(T2): 3 -> 2+3 -> 5
      #1(T1): 3 -> 0+3 -> 3
      #1(T2): 3 -> 0+3 -> 3
    #2(T1): 3 -> 0+3 -> 3
    #2(T2): 3 -> 2+3 -> 5
      #4(T1): 5 -> 2+5 -> 7
      #4(T2): 5 -> -1+5 -> 4
      #5(T1): 5 -> 2+5 -> 7
      #5(T2): 5 -> 0+5 -> 5
      #1(T1): 5 -> 0+5 -> 5
      #1(T2): 5 -> -2+5 -> 3
    #1(T1): 3 -> 0+3 -> 3
    #1(T2): 3 -> 0+3 -> 3
      #4(T1): 3 -> 2+3 -> 5
      #4(T2): 3 -> 1+3 -> 4
      #5(T1): 3 -> 2+3 -> 5
      #5(T2): 3 -> 0+3 -> 3
      #2(T1): 3 -> 0+3 -> 3
      #2(T2): 3 -> 0+3 -> 3
  #5(T1): 0 -> 2+0 -> 2
    #4(T1): 2 -> 2+2 -> 4
    #4(T2): 2 -> 3+2 -> 5
      #3(T1): 5 -> 2+5 -> 7
      #3(T2): 5 -> 1+5 -> 6
      #2(T1): 5 -> 0+5 -> 5
      #2(T2): 5 -> 0+5 -> 5
      #1(T1): 5 -> 0+5 -> 5
      #1(T2): 5 -> 2+5 -> 7
    #3(T1): 2 -> 2+2 -> 4
    #3(T2): 2 -> 3+2 -> 5
      #4(T1): 5 -> 2+5 -> 7
      #4(T2): 5 -> 1+5 -> 6
      #2(T1): 5 -> 0+5 -> 5
      #2(T2): 5 -> 2+5 -> 7
      #1(T1): 5 -> 0+5 -> 5
      #1(T2): 5 -> 0+5 -> 5
    #2(T1): 2 -> 0+2 -> 2
    #2(T2): 2 -> 2+2 -> 4
    #1(T1): 2 -> 0+2 -> 2
    #1(T2): 2 -> 2+2 -> 4
  #5(T2): 0 -> 2+0 -> 2
    #4(T1): 2 -> 2+2 -> 4
    #4(T2): 2 -> 3+2 -> 5
      #3(T1): 5 -> 0+5 -> 5
      #3(T2): 5 -> -1+5 -> 4
      #2(T1): 5 -> 0+5 -> 5
      #2(T2): 5 -> 0+5 -> 5
      #1(T1): 5 -> 0+5 -> 5
      #1(T2): 5 -> 2+5 -> 7
    #3(T1): 2 -> 0+2 -> 2
    #3(T2): 2 -> 1+2 -> 3
      #4(T1): 3 -> 2+3 -> 5
      #4(T2): 3 -> 1+3 -> 4
      #2(T1): 3 -> 0+3 -> 3
      #2(T2): 3 -> 2+3 -> 5
      #1(T1): 3 -> 0+3 -> 3
      #1(T2): 3 -> 0+3 -> 3
    #2(T1): 2 -> 0+2 -> 2
    #2(T2): 2 -> 2+2 -> 4
      #4(T1): 4 -> 2+4 -> 6
      #4(T2): 4 -> 1+4 -> 5
      #3(T1): 4 -> 0+4 -> 4
      #3(T2): 4 -> 1+4 -> 5
      #1(T1): 4 -> 0+4 -> 4
      #1(T2): 4 -> 0+4 -> 4
    #1(T1): 2 -> 0+2 -> 2
    #1(T2): 2 -> 2+2 -> 4
      #4(T1): 4 -> 2+4 -> 6
      #4(T2): 4 -> 3+4 -> 7
      #3(T1): 4 -> 0+4 -> 4
      #3(T2): 4 -> -1+4 -> 3
      #2(T1): 4 -> 0+4 -> 4
      #2(T2): 4 -> 0+4 -> 4
  #2(T1): 0 -> 0+0 -> 0
  #2(T2): 0 -> 2+0 -> 2
    #4(T1): 2 -> 2+2 -> 4
    #4(T2): 2 -> 1+2 -> 3
      #3(T1): 3 -> 0+3 -> 3
      #3(T2): 3 -> 1+3 -> 4
      #5(T1): 3 -> 2+3 -> 5
      #5(T2): 3 -> 2+3 -> 5
      #1(T1): 3 -> 0+3 -> 3
      #1(T2): 3 -> 0+3 -> 3
    #3(T1): 2 -> 0+2 -> 2
    #3(T2): 2 -> 3+2 -> 5
      #4(T1): 5 -> 2+5 -> 7
      #4(T2): 5 -> -1+5 -> 4
      #5(T1): 5 -> 2+5 -> 7
      #5(T2): 5 -> 0+5 -> 5
      #1(T1): 5 -> 0+5 -> 5
      #1(T2): 5 -> -2+5 -> 3
    #5(T1): 2 -> 2+2 -> 4
    #5(T2): 2 -> 2+2 -> 4
      #4(T1): 4 -> 2+4 -> 6
      #4(T2): 4 -> 1+4 -> 5
      #3(T1): 4 -> 0+4 -> 4
      #3(T2): 4 -> 1+4 -> 5
      #1(T1): 4 -> 0+4 -> 4
      #1(T2): 4 -> 0+4 -> 4
    #1(T1): 2 -> 0+2 -> 2
    #1(T2): 2 -> 0+2 -> 2
      #4(T1): 2 -> 2+2 -> 4
      #4(T2): 2 -> 1+2 -> 3
      #3(T1): 2 -> 0+2 -> 2
      #3(T2): 2 -> 1+2 -> 3
      #5(T1): 2 -> 2+2 -> 4
      #5(T2): 2 -> 2+2 -> 4
  #1(T1): 0 -> 0+0 -> 0
  #1(T2): 0 -> 2+0 -> 2
    #4(T1): 2 -> 2+2 -> 4
    #4(T2): 2 -> 3+2 -> 5
      #3(T1): 5 -> 0+5 -> 5
      #3(T2): 5 -> -1+5 -> 4
      #5(T1): 5 -> 2+5 -> 7
      #5(T2): 5 -> 2+5 -> 7
      #2(T1): 5 -> 0+5 -> 5
      #2(T2): 5 -> -2+5 -> 3
    #3(T1): 2 -> 0+2 -> 2
    #3(T2): 2 -> 1+2 -> 3
      #4(T1): 3 -> 2+3 -> 5
      #4(T2): 3 -> 1+3 -> 4
      #5(T1): 3 -> 2+3 -> 5
      #5(T2): 3 -> 0+3 -> 3
      #2(T1): 3 -> 0+3 -> 3
      #2(T2): 3 -> 0+3 -> 3
    #5(T1): 2 -> 2+2 -> 4
    #5(T2): 2 -> 2+2 -> 4
      #4(T1): 4 -> 2+4 -> 6
      #4(T2): 4 -> 3+4 -> 7
      #3(T1): 4 -> 0+4 -> 4
      #3(T2): 4 -> -1+4 -> 3
      #2(T1): 4 -> 0+4 -> 4
      #2(T2): 4 -> 0+4 -> 4
    #2(T1): 2 -> 0+2 -> 2
    #2(T2): 2 -> 0+2 -> 2
      #4(T1): 2 -> 2+2 -> 4
      #4(T2): 2 -> 1+2 -> 3
      #3(T1): 2 -> 0+2 -> 2
      #3(T2): 2 -> 1+2 -> 3
      #5(T1): 2 -> 2+2 -> 4
      #5(T2): 2 -> 2+2 -> 4
#6(T2): 0 -> 2+0 -> 2
  #4(T1): 2 -> 0+2 -> 2
    #3(T1): 2 -> 2+2 -> 4
    #3(T2): 2 -> 3+2 -> 5
      #5(T1): 5 -> 0+5 -> 5
      #5(T2): 5 -> -2+5 -> 3
      #2(T1): 5 -> 2+5 -> 7
      #2(T2): 5 -> 2+5 -> 7
      #1(T1): 5 -> 0+5 -> 5
      #1(T2): 5 -> 0+5 -> 5
    #5(T1): 2 -> 0+2 -> 2
    #5(T2): 2 -> 0+2 -> 2
      #3(T1): 2 -> 2+2 -> 4
      #3(T2): 2 -> 1+2 -> 3
      #2(T1): 2 -> 2+2 -> 4
      #2(T2): 2 -> 2+2 -> 4
      #1(T1): 2 -> 0+2 -> 2
      #1(T2): 2 -> 2+2 -> 4
    #2(T1): 2 -> 2+2 -> 4
    #2(T2): 2 -> 2+2 -> 4
      #3(T1): 4 -> 2+4 -> 6
      #3(T2): 4 -> 3+4 -> 7
      #5(T1): 4 -> 0+4 -> 4
      #5(T2): 4 -> 0+4 -> 4
      #1(T1): 4 -> 0+4 -> 4
      #1(T2): 4 -> 0+4 -> 4
    #1(T1): 2 -> 0+2 -> 2
    #1(T2): 2 -> 2+2 -> 4
      #3(T1): 4 -> 2+4 -> 6
      #3(T2): 4 -> 1+4 -> 5
      #5(T1): 4 -> 0+4 -> 4
      #5(T2): 4 -> 0+4 -> 4
      #2(T1): 4 -> 2+4 -> 6
      #2(T2): 4 -> 0+4 -> 4
  #4(T2): 2 -> 1+2 -> 3
    #3(T1): 3 -> 0+3 -> 3
    #3(T2): 3 -> 1+3 -> 4
    #5(T1): 3 -> 0+3 -> 3
      #3(T1): 3 -> 2+3 -> 5
      #3(T2): 3 -> 1+3 -> 4
      #2(T1): 3 -> 0+3 -> 3
      #2(T2): 3 -> 0+3 -> 3
      #1(T1): 3 -> 0+3 -> 3
      #1(T2): 3 -> 2+3 -> 5
    #5(T2): 3 -> 0+3 -> 3
    #2(T1): 3 -> 0+3 -> 3
      #3(T1): 3 -> 0+3 -> 3
      #3(T2): 3 -> 1+3 -> 4
      #5(T1): 3 -> 0+3 -> 3
      #5(T2): 3 -> 0+3 -> 3
      #1(T1): 3 -> 2+3 -> 5
      #1(T2): 3 -> 2+3 -> 5
    #2(T2): 3 -> 0+3 -> 3
    #1(T1): 3 -> 0+3 -> 3
      #3(T1): 3 -> 2+3 -> 5
      #3(T2): 3 -> 1+3 -> 4
      #5(T1): 3 -> 0+3 -> 3
      #5(T2): 3 -> 0+3 -> 3
      #2(T1): 3 -> 2+3 -> 5
      #2(T2): 3 -> 0+3 -> 3
    #1(T2): 3 -> 2+3 -> 5
  #3(T1): 2 -> 0+2 -> 2
    #4(T1): 2 -> 2+2 -> 4
    #4(T2): 2 -> 1+2 -> 3
    #5(T1): 2 -> 2+2 -> 4
    #5(T2): 2 -> 0+2 -> 2
      #4(T1): 2 -> 2+2 -> 4
      #4(T2): 2 -> 1+2 -> 3
      #2(T1): 2 -> 0+2 -> 2
      #2(T2): 2 -> 2+2 -> 4
      #1(T1): 2 -> 2+2 -> 4
      #1(T2): 2 -> 2+2 -> 4
    #2(T1): 2 -> 0+2 -> 2
    #2(T2): 2 -> 2+2 -> 4
      #4(T1): 4 -> 2+4 -> 6
      #4(T2): 4 -> -1+4 -> 3
      #5(T1): 4 -> 2+4 -> 6
      #5(T2): 4 -> 0+4 -> 4
      #1(T1): 4 -> 2+4 -> 6
      #1(T2): 4 -> 0+4 -> 4
    #1(T1): 2 -> 2+2 -> 4
    #1(T2): 2 -> 2+2 -> 4
      #4(T1): 4 -> 2+4 -> 6
      #4(T2): 4 -> 1+4 -> 5
      #5(T1): 4 -> 2+4 -> 6
      #5(T2): 4 -> 0+4 -> 4
      #2(T1): 4 -> 0+4 -> 4
      #2(T2): 4 -> 0+4 -> 4
  #3(T2): 2 -> 3+2 -> 5
    #4(T1): 5 -> 0+5 -> 5
      #5(T1): 5 -> 0+5 -> 5
      #5(T2): 5 -> -2+5 -> 3
      #2(T1): 5 -> 2+5 -> 7
      #2(T2): 5 -> 2+5 -> 7
      #1(T1): 5 -> 0+5 -> 5
      #1(T2): 5 -> 0+5 -> 5
    #4(T2): 5 -> -1+5 -> 4
    #5(T1): 5 -> 0+5 -> 5
      #4(T1): 5 -> 0+5 -> 5
      #4(T2): 5 -> -1+5 -> 4
      #2(T1): 5 -> 0+5 -> 5
      #2(T2): 5 -> 2+5 -> 7
      #1(T1): 5 -> 0+5 -> 5
      #1(T2): 5 -> 0+5 -> 5
    #5(T2): 5 -> -2+5 -> 3
    #2(T1): 5 -> 0+5 -> 5
      #4(T1): 5 -> 2+5 -> 7
      #4(T2): 5 -> -1+5 -> 4
      #5(T1): 5 -> 0+5 -> 5
      #5(T2): 5 -> -2+5 -> 3
      #1(T1): 5 -> 2+5 -> 7
      #1(T2): 5 -> 0+5 -> 5
    #2(T2): 5 -> 2+5 -> 7
    #1(T1): 5 -> 0+5 -> 5
      #4(T1): 5 -> 0+5 -> 5
      #4(T2): 5 -> -1+5 -> 4
      #5(T1): 5 -> 0+5 -> 5
      #5(T2): 5 -> -2+5 -> 3
      #2(T1): 5 -> 2+5 -> 7
      #2(T2): 5 -> 2+5 -> 7
    #1(T2): 5 -> 0+5 -> 5
  #5(T1): 2 -> 0+2 -> 2
    #4(T1): 2 -> 0+2 -> 2
    #4(T2): 2 -> 1+2 -> 3
      #3(T1): 3 -> 2+3 -> 5
      #3(T2): 3 -> 1+3 -> 4
      #2(T1): 3 -> 0+3 -> 3
      #2(T2): 3 -> 0+3 -> 3
      #1(T1): 3 -> 0+3 -> 3
      #1(T2): 3 -> 2+3 -> 5
    #3(T1): 2 -> 2+2 -> 4
    #3(T2): 2 -> 3+2 -> 5
      #4(T1): 5 -> 0+5 -> 5
      #4(T2): 5 -> -1+5 -> 4
      #2(T1): 5 -> 0+5 -> 5
      #2(T2): 5 -> 2+5 -> 7
      #1(T1): 5 -> 0+5 -> 5
      #1(T2): 5 -> 0+5 -> 5
    #2(T1): 2 -> 0+2 -> 2
    #2(T2): 2 -> 2+2 -> 4
      #4(T1): 4 -> 0+4 -> 4
      #4(T2): 4 -> -1+4 -> 3
      #3(T1): 4 -> 2+4 -> 6
      #3(T2): 4 -> 3+4 -> 7
      #1(T1): 4 -> 0+4 -> 4
      #1(T2): 4 -> 0+4 -> 4
    #1(T1): 2 -> 0+2 -> 2
    #1(T2): 2 -> 2+2 -> 4
      #4(T1): 4 -> 0+4 -> 4
      #4(T2): 4 -> 1+4 -> 5
      #3(T1): 4 -> 2+4 -> 6
      #3(T2): 4 -> 1+4 -> 5
      #2(T1): 4 -> 0+4 -> 4
      #2(T2): 4 -> 0+4 -> 4
  #5(T2): 2 -> 0+2 -> 2
    #4(T1): 2 -> 0+2 -> 2
      #3(T1): 2 -> 2+2 -> 4
      #3(T2): 2 -> 1+2 -> 3
      #2(T1): 2 -> 2+2 -> 4
      #2(T2): 2 -> 2+2 -> 4
      #1(T1): 2 -> 0+2 -> 2
      #1(T2): 2 -> 2+2 -> 4
    #4(T2): 2 -> 1+2 -> 3
    #3(T1): 2 -> 0+2 -> 2
      #4(T1): 2 -> 2+2 -> 4
      #4(T2): 2 -> 1+2 -> 3
      #2(T1): 2 -> 0+2 -> 2
      #2(T2): 2 -> 2+2 -> 4
      #1(T1): 2 -> 2+2 -> 4
      #1(T2): 2 -> 2+2 -> 4
    #3(T2): 2 -> 1+2 -> 3
    #2(T1): 2 -> 0+2 -> 2
      #4(T1): 2 -> 2+2 -> 4
      #4(T2): 2 -> 1+2 -> 3
      #3(T1): 2 -> 0+2 -> 2
      #3(T2): 2 -> 1+2 -> 3
      #1(T1): 2 -> 2+2 -> 4
      #1(T2): 2 -> 2+2 -> 4
    #2(T2): 2 -> 2+2 -> 4
    #1(T1): 2 -> 0+2 -> 2
      #4(T1): 2 -> 0+2 -> 2
      #4(T2): 2 -> 1+2 -> 3
      #3(T1): 2 -> 2+2 -> 4
      #3(T2): 2 -> 1+2 -> 3
      #2(T1): 2 -> 2+2 -> 4
      #2(T2): 2 -> 2+2 -> 4
    #1(T2): 2 -> 2+2 -> 4
  #2(T1): 2 -> 0+2 -> 2
    #4(T1): 2 -> 2+2 -> 4
    #4(T2): 2 -> 1+2 -> 3
      #3(T1): 3 -> 0+3 -> 3
      #3(T2): 3 -> 1+3 -> 4
      #5(T1): 3 -> 0+3 -> 3
      #5(T2): 3 -> 0+3 -> 3
      #1(T1): 3 -> 2+3 -> 5
      #1(T2): 3 -> 2+3 -> 5
    #3(T1): 2 -> 0+2 -> 2
    #3(T2): 2 -> 3+2 -> 5
      #4(T1): 5 -> 2+5 -> 7
      #4(T2): 5 -> -1+5 -> 4
      #5(T1): 5 -> 0+5 -> 5
      #5(T2): 5 -> -2+5 -> 3
      #1(T1): 5 -> 2+5 -> 7
      #1(T2): 5 -> 0+5 -> 5
    #5(T1): 2 -> 0+2 -> 2
    #5(T2): 2 -> 0+2 -> 2
      #4(T1): 2 -> 2+2 -> 4
      #4(T2): 2 -> 1+2 -> 3
      #3(T1): 2 -> 0+2 -> 2
      #3(T2): 2 -> 1+2 -> 3
      #1(T1): 2 -> 2+2 -> 4
      #1(T2): 2 -> 2+2 -> 4
    #1(T1): 2 -> 2+2 -> 4
    #1(T2): 2 -> 2+2 -> 4
      #4(T1): 4 -> 2+4 -> 6
      #4(T2): 4 -> 1+4 -> 5
      #3(T1): 4 -> 0+4 -> 4
      #3(T2): 4 -> 1+4 -> 5
      #5(T1): 4 -> 0+4 -> 4
      #5(T2): 4 -> 0+4 -> 4
  #2(T2): 2 -> 2+2 -> 4
    #4(T1): 4 -> 0+4 -> 4
      #3(T1): 4 -> 2+4 -> 6
      #3(T2): 4 -> 3+4 -> 7
      #5(T1): 4 -> 0+4 -> 4
      #5(T2): 4 -> 0+4 -> 4
      #1(T1): 4 -> 0+4 -> 4
      #1(T2): 4 -> 0+4 -> 4
    #4(T2): 4 -> -1+4 -> 3
    #3(T1): 4 -> 0+4 -> 4
      #4(T1): 4 -> 2+4 -> 6
      #4(T2): 4 -> -1+4 -> 3
      #5(T1): 4 -> 2+4 -> 6
      #5(T2): 4 -> 0+4 -> 4
      #1(T1): 4 -> 2+4 -> 6
      #1(T2): 4 -> 0+4 -> 4
    #3(T2): 4 -> 3+4 -> 7
    #5(T1): 4 -> 0+4 -> 4
      #4(T1): 4 -> 0+4 -> 4
      #4(T2): 4 -> -1+4 -> 3
      #3(T1): 4 -> 2+4 -> 6
      #3(T2): 4 -> 3+4 -> 7
      #1(T1): 4 -> 0+4 -> 4
      #1(T2): 4 -> 0+4 -> 4
    #5(T2): 4 -> 0+4 -> 4
    #1(T1): 4 -> 0+4 -> 4
      #4(T1): 4 -> 0+4 -> 4
      #4(T2): 4 -> -1+4 -> 3
      #3(T1): 4 -> 2+4 -> 6
      #3(T2): 4 -> 3+4 -> 7
      #5(T1): 4 -> 0+4 -> 4
      #5(T2): 4 -> 0+4 -> 4
    #1(T2): 4 -> 0+4 -> 4
  #1(T1): 2 -> 0+2 -> 2
    #4(T1): 2 -> 0+2 -> 2
    #4(T2): 2 -> 1+2 -> 3
      #3(T1): 3 -> 2+3 -> 5
      #3(T2): 3 -> 1+3 -> 4
      #5(T1): 3 -> 0+3 -> 3
      #5(T2): 3 -> 0+3 -> 3
      #2(T1): 3 -> 2+3 -> 5
      #2(T2): 3 -> 0+3 -> 3
    #3(T1): 2 -> 2+2 -> 4
    #3(T2): 2 -> 3+2 -> 5
      #4(T1): 5 -> 0+5 -> 5
      #4(T2): 5 -> -1+5 -> 4
      #5(T1): 5 -> 0+5 -> 5
      #5(T2): 5 -> -2+5 -> 3
      #2(T1): 5 -> 2+5 -> 7
      #2(T2): 5 -> 2+5 -> 7
    #5(T1): 2 -> 0+2 -> 2
    #5(T2): 2 -> 0+2 -> 2
      #4(T1): 2 -> 0+2 -> 2
      #4(T2): 2 -> 1+2 -> 3
      #3(T1): 2 -> 2+2 -> 4
      #3(T2): 2 -> 1+2 -> 3
      #2(T1): 2 -> 2+2 -> 4
      #2(T2): 2 -> 2+2 -> 4
    #2(T1): 2 -> 2+2 -> 4
    #2(T2): 2 -> 2+2 -> 4
      #4(T1): 4 -> 0+4 -> 4
      #4(T2): 4 -> -1+4 -> 3
      #3(T1): 4 -> 2+4 -> 6
      #3(T2): 4 -> 3+4 -> 7
      #5(T1): 4 -> 0+4 -> 4
      #5(T2): 4 -> 0+4 -> 4
  #1(T2): 2 -> 2+2 -> 4
    #4(T1): 4 -> 0+4 -> 4
      #3(T1): 4 -> 2+4 -> 6
      #3(T2): 4 -> 1+4 -> 5
      #5(T1): 4 -> 0+4 -> 4
      #5(T2): 4 -> 0+4 -> 4
      #2(T1): 4 -> 2+4 -> 6
      #2(T2): 4 -> 0+4 -> 4
    #4(T2): 4 -> 1+4 -> 5
    #3(T1): 4 -> 0+4 -> 4
      #4(T1): 4 -> 2+4 -> 6
      #4(T2): 4 -> 1+4 -> 5
      #5(T1): 4 -> 2+4 -> 6
      #5(T2): 4 -> 0+4 -> 4
      #2(T1): 4 -> 0+4 -> 4
      #2(T2): 4 -> 0+4 -> 4
    #3(T2): 4 -> 1+4 -> 5
    #5(T1): 4 -> 0+4 -> 4
      #4(T1): 4 -> 0+4 -> 4
      #4(T2): 4 -> 1+4 -> 5
      #3(T1): 4 -> 2+4 -> 6
      #3(T2): 4 -> 1+4 -> 5
      #2(T1): 4 -> 0+4 -> 4
      #2(T2): 4 -> 0+4 -> 4
    #5(T2): 4 -> 0+4 -> 4
    #2(T1): 4 -> 0+4 -> 4
      #4(T1): 4 -> 2+4 -> 6
      #4(T2): 4 -> 1+4 -> 5
      #3(T1): 4 -> 0+4 -> 4
      #3(T2): 4 -> 1+4 -> 5
      #5(T1): 4 -> 0+4 -> 4
      #5(T2): 4 -> 0+4 -> 4
    #2(T2): 4 -> 0+4 -> 4
#5(T1): 0 -> 0+0 -> 0
  #4(T1): 0 -> 0+0 -> 0
  #4(T2): 0 -> 3+0 -> 3
    #3(T1): 3 -> 2+3 -> 5
    #3(T2): 3 -> 1+3 -> 4
      #6(T1): 4 -> 2+4 -> 6
      #6(T2): 4 -> 0+4 -> 4
      #2(T1): 4 -> 0+4 -> 4
      #2(T2): 4 -> 0+4 -> 4
      #1(T1): 4 -> 0+4 -> 4
      #1(T2): 4 -> 0+4 -> 4
    #6(T1): 3 -> 2+3 -> 5
      #3(T1): 5 -> 2+5 -> 7
      #3(T2): 5 -> 1+5 -> 6
      #2(T1): 5 -> 0+5 -> 5
      #2(T2): 5 -> 0+5 -> 5
      #1(T1): 5 -> 0+5 -> 5
      #1(T2): 5 -> 2+5 -> 7
    #6(T2): 3 -> 0+3 -> 3
      #3(T1): 3 -> 2+3 -> 5
      #3(T2): 3 -> 1+3 -> 4
      #2(T1): 3 -> 0+3 -> 3
      #2(T2): 3 -> 0+3 -> 3
      #1(T1): 3 -> 0+3 -> 3
      #1(T2): 3 -> 2+3 -> 5
    #2(T1): 3 -> 0+3 -> 3
    #2(T2): 3 -> 0+3 -> 3
      #3(T1): 3 -> 2+3 -> 5
      #3(T2): 3 -> 1+3 -> 4
      #6(T1): 3 -> 2+3 -> 5
      #6(T2): 3 -> 0+3 -> 3
      #1(T1): 3 -> 0+3 -> 3
      #1(T2): 3 -> 0+3 -> 3
    #1(T1): 3 -> 0+3 -> 3
    #1(T2): 3 -> 2+3 -> 5
      #3(T1): 5 -> 2+5 -> 7
      #3(T2): 5 -> -1+5 -> 4
      #6(T1): 5 -> 2+5 -> 7
      #6(T2): 5 -> 0+5 -> 5
      #2(T1): 5 -> 0+5 -> 5
      #2(T2): 5 -> -2+5 -> 3
  #3(T1): 0 -> 2+0 -> 2
  #3(T2): 0 -> 3+0 -> 3
    #4(T1): 3 -> 0+3 -> 3
    #4(T2): 3 -> 1+3 -> 4
      #6(T1): 4 -> 2+4 -> 6
      #6(T2): 4 -> 0+4 -> 4
      #2(T1): 4 -> 0+4 -> 4
      #2(T2): 4 -> 0+4 -> 4
      #1(T1): 4 -> 0+4 -> 4
      #1(T2): 4 -> 0+4 -> 4
    #6(T1): 3 -> 2+3 -> 5
      #4(T1): 5 -> 2+5 -> 7
      #4(T2): 5 -> 1+5 -> 6
      #2(T1): 5 -> 0+5 -> 5
      #2(T2): 5 -> 2+5 -> 7
      #1(T1): 5 -> 0+5 -> 5
      #1(T2): 5 -> 0+5 -> 5
    #6(T2): 3 -> 2+3 -> 5
      #4(T1): 5 -> 0+5 -> 5
      #4(T2): 5 -> -1+5 -> 4
      #2(T1): 5 -> 0+5 -> 5
      #2(T2): 5 -> 2+5 -> 7
      #1(T1): 5 -> 0+5 -> 5
      #1(T2): 5 -> 0+5 -> 5
    #2(T1): 3 -> 0+3 -> 3
    #2(T2): 3 -> 2+3 -> 5
      #4(T1): 5 -> 0+5 -> 5
      #4(T2): 5 -> -1+5 -> 4
      #6(T1): 5 -> 2+5 -> 7
      #6(T2): 5 -> 2+5 -> 7
      #1(T1): 5 -> 0+5 -> 5
      #1(T2): 5 -> -2+5 -> 3
    #1(T1): 3 -> 0+3 -> 3
    #1(T2): 3 -> 0+3 -> 3
      #4(T1): 3 -> 0+3 -> 3
      #4(T2): 3 -> 1+3 -> 4
      #6(T1): 3 -> 2+3 -> 5
      #6(T2): 3 -> 2+3 -> 5
      #2(T1): 3 -> 0+3 -> 3
      #2(T2): 3 -> 0+3 -> 3
  #6(T1): 0 -> 2+0 -> 2
    #4(T1): 2 -> 2+2 -> 4
    #4(T2): 2 -> 3+2 -> 5
      #3(T1): 5 -> 2+5 -> 7
      #3(T2): 5 -> 1+5 -> 6
      #2(T1): 5 -> 0+5 -> 5
      #2(T2): 5 -> 0+5 -> 5
      #1(T1): 5 -> 0+5 -> 5
      #1(T2): 5 -> 2+5 -> 7
    #3(T1): 2 -> 2+2 -> 4
    #3(T2): 2 -> 3+2 -> 5
      #4(T1): 5 -> 2+5 -> 7
      #4(T2): 5 -> 1+5 -> 6
      #2(T1): 5 -> 0+5 -> 5
      #2(T2): 5 -> 2+5 -> 7
      #1(T1): 5 -> 0+5 -> 5
      #1(T2): 5 -> 0+5 -> 5
    #2(T1): 2 -> 0+2 -> 2
    #2(T2): 2 -> 2+2 -> 4
    #1(T1): 2 -> 0+2 -> 2
    #1(T2): 2 -> 2+2 -> 4
  #6(T2): 0 -> 2+0 -> 2
    #4(T1): 2 -> 0+2 -> 2
    #4(T2): 2 -> 1+2 -> 3
      #3(T1): 3 -> 2+3 -> 5
      #3(T2): 3 -> 1+3 -> 4
      #2(T1): 3 -> 0+3 -> 3
      #2(T2): 3 -> 0+3 -> 3
      #1(T1): 3 -> 0+3 -> 3
      #1(T2): 3 -> 2+3 -> 5
    #3(T1): 2 -> 2+2 -> 4
    #3(T2): 2 -> 3+2 -> 5
      #4(T1): 5 -> 0+5 -> 5
      #4(T2): 5 -> -1+5 -> 4
      #2(T1): 5 -> 0+5 -> 5
      #2(T2): 5 -> 2+5 -> 7
      #1(T1): 5 -> 0+5 -> 5
      #1(T2): 5 -> 0+5 -> 5
    #2(T1): 2 -> 0+2 -> 2
    #2(T2): 2 -> 2+2 -> 4
      #4(T1): 4 -> 0+4 -> 4
      #4(T2): 4 -> -1+4 -> 3
      #3(T1): 4 -> 2+4 -> 6
      #3(T2): 4 -> 3+4 -> 7
      #1(T1): 4 -> 0+4 -> 4
      #1(T2): 4 -> 0+4 -> 4
    #1(T1): 2 -> 0+2 -> 2
    #1(T2): 2 -> 2+2 -> 4
      #4(T1): 4 -> 0+4 -> 4
      #4(T2): 4 -> 1+4 -> 5
      #3(T1): 4 -> 2+4 -> 6
      #3(T2): 4 -> 1+4 -> 5
      #2(T1): 4 -> 0+4 -> 4
      #2(T2): 4 -> 0+4 -> 4
  #2(T1): 0 -> 0+0 -> 0
  #2(T2): 0 -> 2+0 -> 2
    #4(T1): 2 -> 0+2 -> 2
    #4(T2): 2 -> 1+2 -> 3
      #3(T1): 3 -> 2+3 -> 5
      #3(T2): 3 -> 1+3 -> 4
      #6(T1): 3 -> 2+3 -> 5
      #6(T2): 3 -> 0+3 -> 3
      #1(T1): 3 -> 0+3 -> 3
      #1(T2): 3 -> 0+3 -> 3
    #3(T1): 2 -> 2+2 -> 4
    #3(T2): 2 -> 3+2 -> 5
      #4(T1): 5 -> 0+5 -> 5
      #4(T2): 5 -> -1+5 -> 4
      #6(T1): 5 -> 2+5 -> 7
      #6(T2): 5 -> 2+5 -> 7
      #1(T1): 5 -> 0+5 -> 5
      #1(T2): 5 -> -2+5 -> 3
    #6(T1): 2 -> 2+2 -> 4
    #6(T2): 2 -> 2+2 -> 4
      #4(T1): 4 -> 0+4 -> 4
      #4(T2): 4 -> -1+4 -> 3
      #3(T1): 4 -> 2+4 -> 6
      #3(T2): 4 -> 3+4 -> 7
      #1(T1): 4 -> 0+4 -> 4
      #1(T2): 4 -> 0+4 -> 4
    #1(T1): 2 -> 0+2 -> 2
    #1(T2): 2 -> 0+2 -> 2
      #4(T1): 2 -> 0+2 -> 2
      #4(T2): 2 -> 1+2 -> 3
      #3(T1): 2 -> 2+2 -> 4
      #3(T2): 2 -> 1+2 -> 3
      #6(T1): 2 -> 2+2 -> 4
      #6(T2): 2 -> 2+2 -> 4
  #1(T1): 0 -> 0+0 -> 0
  #1(T2): 0 -> 2+0 -> 2
    #4(T1): 2 -> 0+2 -> 2
    #4(T2): 2 -> 3+2 -> 5
      #3(T1): 5 -> 2+5 -> 7
      #3(T2): 5 -> -1+5 -> 4
      #6(T1): 5 -> 2+5 -> 7
      #6(T2): 5 -> 0+5 -> 5
      #2(T1): 5 -> 0+5 -> 5
      #2(T2): 5 -> -2+5 -> 3
    #3(T1): 2 -> 2+2 -> 4
    #3(T2): 2 -> 1+2 -> 3
      #4(T1): 3 -> 0+3 -> 3
      #4(T2): 3 -> 1+3 -> 4
      #6(T1): 3 -> 2+3 -> 5
      #6(T2): 3 -> 2+3 -> 5
      #2(T1): 3 -> 0+3 -> 3
      #2(T2): 3 -> 0+3 -> 3
    #6(T1): 2 -> 2+2 -> 4
    #6(T2): 2 -> 2+2 -> 4
      #4(T1): 4 -> 0+4 -> 4
      #4(T2): 4 -> 1+4 -> 5
      #3(T1): 4 -> 2+4 -> 6
      #3(T2): 4 -> 1+4 -> 5
      #2(T1): 4 -> 0+4 -> 4
      #2(T2): 4 -> 0+4 -> 4
    #2(T1): 2 -> 0+2 -> 2
    #2(T2): 2 -> 0+2 -> 2
      #4(T1): 2 -> 0+2 -> 2
      #4(T2): 2 -> 1+2 -> 3
      #3(T1): 2 -> 2+2 -> 4
      #3(T2): 2 -> 1+2 -> 3
      #6(T1): 2 -> 2+2 -> 4
      #6(T2): 2 -> 2+2 -> 4
#5(T2): 0 -> 2+0 -> 2
  #4(T1): 2 -> 0+2 -> 2
    #3(T1): 2 -> 2+2 -> 4
    #3(T2): 2 -> 1+2 -> 3
    #6(T1): 2 -> 2+2 -> 4
    #6(T2): 2 -> 0+2 -> 2
      #3(T1): 2 -> 2+2 -> 4
      #3(T2): 2 -> 1+2 -> 3
      #2(T1): 2 -> 2+2 -> 4
      #2(T2): 2 -> 2+2 -> 4
      #1(T1): 2 -> 0+2 -> 2
      #1(T2): 2 -> 2+2 -> 4
    #2(T1): 2 -> 2+2 -> 4
    #2(T2): 2 -> 2+2 -> 4
      #3(T1): 4 -> 2+4 -> 6
      #3(T2): 4 -> 1+4 -> 5
      #6(T1): 4 -> 2+4 -> 6
      #6(T2): 4 -> 0+4 -> 4
      #1(T1): 4 -> 0+4 -> 4
      #1(T2): 4 -> 0+4 -> 4
    #1(T1): 2 -> 0+2 -> 2
    #1(T2): 2 -> 2+2 -> 4
      #3(T1): 4 -> 2+4 -> 6
      #3(T2): 4 -> -1+4 -> 3
      #6(T1): 4 -> 2+4 -> 6
      #6(T2): 4 -> 0+4 -> 4
      #2(T1): 4 -> 2+4 -> 6
      #2(T2): 4 -> 0+4 -> 4
  #4(T2): 2 -> 3+2 -> 5
    #3(T1): 5 -> 0+5 -> 5
      #6(T1): 5 -> 0+5 -> 5
      #6(T2): 5 -> -2+5 -> 3
      #2(T1): 5 -> 0+5 -> 5
      #2(T2): 5 -> 0+5 -> 5
      #1(T1): 5 -> 2+5 -> 7
      #1(T2): 5 -> 2+5 -> 7
    #3(T2): 5 -> -1+5 -> 4
    #6(T1): 5 -> 0+5 -> 5
      #3(T1): 5 -> 0+5 -> 5
      #3(T2): 5 -> -1+5 -> 4
      #2(T1): 5 -> 0+5 -> 5
      #2(T2): 5 -> 0+5 -> 5
      #1(T1): 5 -> 0+5 -> 5
      #1(T2): 5 -> 2+5 -> 7
    #6(T2): 5 -> -2+5 -> 3
    #2(T1): 5 -> 0+5 -> 5
      #3(T1): 5 -> 0+5 -> 5
      #3(T2): 5 -> -1+5 -> 4
      #6(T1): 5 -> 0+5 -> 5
      #6(T2): 5 -> -2+5 -> 3
      #1(T1): 5 -> 2+5 -> 7
      #1(T2): 5 -> 2+5 -> 7
    #2(T2): 5 -> 0+5 -> 5
    #1(T1): 5 -> 0+5 -> 5
      #3(T1): 5 -> 2+5 -> 7
      #3(T2): 5 -> -1+5 -> 4
      #6(T1): 5 -> 0+5 -> 5
      #6(T2): 5 -> -2+5 -> 3
      #2(T1): 5 -> 2+5 -> 7
      #2(T2): 5 -> 0+5 -> 5
    #1(T2): 5 -> 2+5 -> 7
  #3(T1): 2 -> 0+2 -> 2
    #4(T1): 2 -> 2+2 -> 4
    #4(T2): 2 -> 3+2 -> 5
      #6(T1): 5 -> 0+5 -> 5
      #6(T2): 5 -> -2+5 -> 3
      #2(T1): 5 -> 0+5 -> 5
      #2(T2): 5 -> 0+5 -> 5
      #1(T1): 5 -> 2+5 -> 7
      #1(T2): 5 -> 2+5 -> 7
    #6(T1): 2 -> 0+2 -> 2
    #6(T2): 2 -> 0+2 -> 2
      #4(T1): 2 -> 2+2 -> 4
      #4(T2): 2 -> 1+2 -> 3
      #2(T1): 2 -> 0+2 -> 2
      #2(T2): 2 -> 2+2 -> 4
      #1(T1): 2 -> 2+2 -> 4
      #1(T2): 2 -> 2+2 -> 4
    #2(T1): 2 -> 0+2 -> 2
    #2(T2): 2 -> 2+2 -> 4
      #4(T1): 4 -> 2+4 -> 6
      #4(T2): 4 -> 1+4 -> 5
      #6(T1): 4 -> 0+4 -> 4
      #6(T2): 4 -> 0+4 -> 4
      #1(T1): 4 -> 2+4 -> 6
      #1(T2): 4 -> 0+4 -> 4
    #1(T1): 2 -> 2+2 -> 4
    #1(T2): 2 -> 2+2 -> 4
      #4(T1): 4 -> 2+4 -> 6
      #4(T2): 4 -> 3+4 -> 7
      #6(T1): 4 -> 0+4 -> 4
      #6(T2): 4 -> 0+4 -> 4
      #2(T1): 4 -> 0+4 -> 4
      #2(T2): 4 -> 0+4 -> 4
  #3(T2): 2 -> 1+2 -> 3
    #4(T1): 3 -> 0+3 -> 3
    #4(T2): 3 -> 1+3 -> 4
    #6(T1): 3 -> 0+3 -> 3
      #4(T1): 3 -> 2+3 -> 5
      #4(T2): 3 -> 1+3 -> 4
      #2(T1): 3 -> 0+3 -> 3
      #2(T2): 3 -> 2+3 -> 5
      #1(T1): 3 -> 0+3 -> 3
      #1(T2): 3 -> 0+3 -> 3
    #6(T2): 3 -> 0+3 -> 3
    #2(T1): 3 -> 0+3 -> 3
      #4(T1): 3 -> 2+3 -> 5
      #4(T2): 3 -> 1+3 -> 4
      #6(T1): 3 -> 0+3 -> 3
      #6(T2): 3 -> 0+3 -> 3
      #1(T1): 3 -> 2+3 -> 5
      #1(T2): 3 -> 0+3 -> 3
    #2(T2): 3 -> 2+3 -> 5
    #1(T1): 3 -> 0+3 -> 3
      #4(T1): 3 -> 0+3 -> 3
      #4(T2): 3 -> 1+3 -> 4
      #6(T1): 3 -> 0+3 -> 3
      #6(T2): 3 -> 0+3 -> 3
      #2(T1): 3 -> 2+3 -> 5
      #2(T2): 3 -> 2+3 -> 5
    #1(T2): 3 -> 0+3 -> 3
  #6(T1): 2 -> 0+2 -> 2
    #4(T1): 2 -> 2+2 -> 4
    #4(T2): 2 -> 3+2 -> 5
      #3(T1): 5 -> 0+5 -> 5
      #3(T2): 5 -> -1+5 -> 4
      #2(T1): 5 -> 0+5 -> 5
      #2(T2): 5 -> 0+5 -> 5
      #1(T1): 5 -> 0+5 -> 5
      #1(T2): 5 -> 2+5 -> 7
    #3(T1): 2 -> 0+2 -> 2
    #3(T2): 2 -> 1+2 -> 3
      #4(T1): 3 -> 2+3 -> 5
      #4(T2): 3 -> 1+3 -> 4
      #2(T1): 3 -> 0+3 -> 3
      #2(T2): 3 -> 2+3 -> 5
      #1(T1): 3 -> 0+3 -> 3
      #1(T2): 3 -> 0+3 -> 3
    #2(T1): 2 -> 0+2 -> 2
    #2(T2): 2 -> 2+2 -> 4
      #4(T1): 4 -> 2+4 -> 6
      #4(T2): 4 -> 1+4 -> 5
      #3(T1): 4 -> 0+4 -> 4
      #3(T2): 4 -> 1+4 -> 5
      #1(T1): 4 -> 0+4 -> 4
      #1(T2): 4 -> 0+4 -> 4
    #1(T1): 2 -> 0+2 -> 2
    #1(T2): 2 -> 2+2 -> 4
      #4(T1): 4 -> 2+4 -> 6
      #4(T2): 4 -> 3+4 -> 7
      #3(T1): 4 -> 0+4 -> 4
      #3(T2): 4 -> -1+4 -> 3
      #2(T1): 4 -> 0+4 -> 4
      #2(T2): 4 -> 0+4 -> 4
  #6(T2): 2 -> 0+2 -> 2
    #4(T1): 2 -> 0+2 -> 2
      #3(T1): 2 -> 2+2 -> 4
      #3(T2): 2 -> 1+2 -> 3
      #2(T1): 2 -> 2+2 -> 4
      #2(T2): 2 -> 2+2 -> 4
      #1(T1): 2 -> 0+2 -> 2
      #1(T2): 2 -> 2+2 -> 4
    #4(T2): 2 -> 1+2 -> 3
    #3(T1): 2 -> 0+2 -> 2
      #4(T1): 2 -> 2+2 -> 4
      #4(T2): 2 -> 1+2 -> 3
      #2(T1): 2 -> 0+2 -> 2
      #2(T2): 2 -> 2+2 -> 4
      #1(T1): 2 -> 2+2 -> 4
      #1(T2): 2 -> 2+2 -> 4
    #3(T2): 2 -> 1+2 -> 3
    #2(T1): 2 -> 0+2 -> 2
      #4(T1): 2 -> 2+2 -> 4
      #4(T2): 2 -> 1+2 -> 3
      #3(T1): 2 -> 0+2 -> 2
      #3(T2): 2 -> 1+2 -> 3
      #1(T1): 2 -> 2+2 -> 4
      #1(T2): 2 -> 2+2 -> 4
    #2(T2): 2 -> 2+2 -> 4
    #1(T1): 2 -> 0+2 -> 2
      #4(T1): 2 -> 0+2 -> 2
      #4(T2): 2 -> 1+2 -> 3
      #3(T1): 2 -> 2+2 -> 4
      #3(T2): 2 -> 1+2 -> 3
      #2(T1): 2 -> 2+2 -> 4
      #2(T2): 2 -> 2+2 -> 4
    #1(T2): 2 -> 2+2 -> 4
  #2(T1): 2 -> 0+2 -> 2
    #4(T1): 2 -> 2+2 -> 4
    #4(T2): 2 -> 3+2 -> 5
      #3(T1): 5 -> 0+5 -> 5
      #3(T2): 5 -> -1+5 -> 4
      #6(T1): 5 -> 0+5 -> 5
      #6(T2): 5 -> -2+5 -> 3
      #1(T1): 5 -> 2+5 -> 7
      #1(T2): 5 -> 2+5 -> 7
    #3(T1): 2 -> 0+2 -> 2
    #3(T2): 2 -> 1+2 -> 3
      #4(T1): 3 -> 2+3 -> 5
      #4(T2): 3 -> 1+3 -> 4
      #6(T1): 3 -> 0+3 -> 3
      #6(T2): 3 -> 0+3 -> 3
      #1(T1): 3 -> 2+3 -> 5
      #1(T2): 3 -> 0+3 -> 3
    #6(T1): 2 -> 0+2 -> 2
    #6(T2): 2 -> 0+2 -> 2
      #4(T1): 2 -> 2+2 -> 4
      #4(T2): 2 -> 1+2 -> 3
      #3(T1): 2 -> 0+2 -> 2
      #3(T2): 2 -> 1+2 -> 3
      #1(T1): 2 -> 2+2 -> 4
      #1(T2): 2 -> 2+2 -> 4
    #1(T1): 2 -> 2+2 -> 4
    #1(T2): 2 -> 2+2 -> 4
      #4(T1): 4 -> 2+4 -> 6
      #4(T2): 4 -> 3+4 -> 7
      #3(T1): 4 -> 0+4 -> 4
      #3(T2): 4 -> -1+4 -> 3
      #6(T1): 4 -> 0+4 -> 4
      #6(T2): 4 -> 0+4 -> 4
  #2(T2): 2 -> 2+2 -> 4
    #4(T1): 4 -> 0+4 -> 4
      #3(T1): 4 -> 2+4 -> 6
      #3(T2): 4 -> 1+4 -> 5
      #6(T1): 4 -> 2+4 -> 6
      #6(T2): 4 -> 0+4 -> 4
      #1(T1): 4 -> 0+4 -> 4
      #1(T2): 4 -> 0+4 -> 4
    #4(T2): 4 -> 1+4 -> 5
    #3(T1): 4 -> 0+4 -> 4
      #4(T1): 4 -> 2+4 -> 6
      #4(T2): 4 -> 1+4 -> 5
      #6(T1): 4 -> 0+4 -> 4
      #6(T2): 4 -> 0+4 -> 4
      #1(T1): 4 -> 2+4 -> 6
      #1(T2): 4 -> 0+4 -> 4
    #3(T2): 4 -> 1+4 -> 5
    #6(T1): 4 -> 0+4 -> 4
      #4(T1): 4 -> 2+4 -> 6
      #4(T2): 4 -> 1+4 -> 5
      #3(T1): 4 -> 0+4 -> 4
      #3(T2): 4 -> 1+4 -> 5
      #1(T1): 4 -> 0+4 -> 4
      #1(T2): 4 -> 0+4 -> 4
    #6(T2): 4 -> 0+4 -> 4
    #1(T1): 4 -> 0+4 -> 4
      #4(T1): 4 -> 0+4 -> 4
      #4(T2): 4 -> 1+4 -> 5
      #3(T1): 4 -> 2+4 -> 6
      #3(T2): 4 -> 1+4 -> 5
      #6(T1): 4 -> 0+4 -> 4
      #6(T2): 4 -> 0+4 -> 4
    #1(T2): 4 -> 0+4 -> 4
  #1(T1): 2 -> 0+2 -> 2
    #4(T1): 2 -> 0+2 -> 2
    #4(T2): 2 -> 3+2 -> 5
      #3(T1): 5 -> 2+5 -> 7
      #3(T2): 5 -> -1+5 -> 4
      #6(T1): 5 -> 0+5 -> 5
      #6(T2): 5 -> -2+5 -> 3
      #2(T1): 5 -> 2+5 -> 7
      #2(T2): 5 -> 0+5 -> 5
    #3(T1): 2 -> 2+2 -> 4
    #3(T2): 2 -> 1+2 -> 3
      #4(T1): 3 -> 0+3 -> 3
      #4(T2): 3 -> 1+3 -> 4
      #6(T1): 3 -> 0+3 -> 3
      #6(T2): 3 -> 0+3 -> 3
      #2(T1): 3 -> 2+3 -> 5
      #2(T2): 3 -> 2+3 -> 5
    #6(T1): 2 -> 0+2 -> 2
    #6(T2): 2 -> 0+2 -> 2
      #4(T1): 2 -> 0+2 -> 2
      #4(T2): 2 -> 1+2 -> 3
      #3(T1): 2 -> 2+2 -> 4
      #3(T2): 2 -> 1+2 -> 3
      #2(T1): 2 -> 2+2 -> 4
      #2(T2): 2 -> 2+2 -> 4
    #2(T1): 2 -> 2+2 -> 4
    #2(T2): 2 -> 2+2 -> 4
      #4(T1): 4 -> 0+4 -> 4
      #4(T2): 4 -> 1+4 -> 5
      #3(T1): 4 -> 2+4 -> 6
      #3(T2): 4 -> 1+4 -> 5
      #6(T1): 4 -> 0+4 -> 4
      #6(T2): 4 -> 0+4 -> 4
  #1(T2): 2 -> 2+2 -> 4
    #4(T1): 4 -> 0+4 -> 4
      #3(T1): 4 -> 2+4 -> 6
      #3(T2): 4 -> -1+4 -> 3
      #6(T1): 4 -> 2+4 -> 6
      #6(T2): 4 -> 0+4 -> 4
      #2(T1): 4 -> 2+4 -> 6
      #2(T2): 4 -> 0+4 -> 4
    #4(T2): 4 -> 3+4 -> 7
    #3(T1): 4 -> 0+4 -> 4
      #4(T1): 4 -> 2+4 -> 6
      #4(T2): 4 -> 3+4 -> 7
      #6(T1): 4 -> 0+4 -> 4
      #6(T2): 4 -> 0+4 -> 4
      #2(T1): 4 -> 0+4 -> 4
      #2(T2): 4 -> 0+4 -> 4
    #3(T2): 4 -> -1+4 -> 3
    #6(T1): 4 -> 0+4 -> 4
      #4(T1): 4 -> 2+4 -> 6
      #4(T2): 4 -> 3+4 -> 7
      #3(T1): 4 -> 0+4 -> 4
      #3(T2): 4 -> -1+4 -> 3
      #2(T1): 4 -> 0+4 -> 4
      #2(T2): 4 -> 0+4 -> 4
    #6(T2): 4 -> 0+4 -> 4
    #2(T1): 4 -> 0+4 -> 4
      #4(T1): 4 -> 2+4 -> 6
      #4(T2): 4 -> 3+4 -> 7
      #3(T1): 4 -> 0+4 -> 4
      #3(T2): 4 -> -1+4 -> 3
      #6(T1): 4 -> 0+4 -> 4
      #6(T2): 4 -> 0+4 -> 4
    #2(T2): 4 -> 0+4 -> 4
#2(T1): 0 -> 0+0 -> 0
  #4(T1): 0 -> 2+0 -> 2
  #4(T2): 0 -> 3+0 -> 3
    #3(T1): 3 -> 0+3 -> 3
    #3(T2): 3 -> 1+3 -> 4
      #6(T1): 4 -> 0+4 -> 4
      #6(T2): 4 -> 0+4 -> 4
      #5(T1): 4 -> 0+4 -> 4
      #5(T2): 4 -> 0+4 -> 4
      #1(T1): 4 -> 2+4 -> 6
      #1(T2): 4 -> 0+4 -> 4
    #6(T1): 3 -> 0+3 -> 3
    #6(T2): 3 -> 0+3 -> 3
      #3(T1): 3 -> 0+3 -> 3
      #3(T2): 3 -> 1+3 -> 4
      #5(T1): 3 -> 0+3 -> 3
      #5(T2): 3 -> 0+3 -> 3
      #1(T1): 3 -> 2+3 -> 5
      #1(T2): 3 -> 2+3 -> 5
    #5(T1): 3 -> 0+3 -> 3
    #5(T2): 3 -> 2+3 -> 5
      #3(T1): 5 -> 0+5 -> 5
      #3(T2): 5 -> -1+5 -> 4
      #6(T1): 5 -> 0+5 -> 5
      #6(T2): 5 -> -2+5 -> 3
      #1(T1): 5 -> 2+5 -> 7
      #1(T2): 5 -> 2+5 -> 7
    #1(T1): 3 -> 2+3 -> 5
      #3(T1): 5 -> 2+5 -> 7
      #3(T2): 5 -> 1+5 -> 6
      #6(T1): 5 -> 0+5 -> 5
      #6(T2): 5 -> 0+5 -> 5
      #5(T1): 5 -> 0+5 -> 5
      #5(T2): 5 -> 2+5 -> 7
    #1(T2): 3 -> 2+3 -> 5
      #3(T1): 5 -> 0+5 -> 5
      #3(T2): 5 -> -1+5 -> 4
      #6(T1): 5 -> 0+5 -> 5
      #6(T2): 5 -> 0+5 -> 5
      #5(T1): 5 -> 0+5 -> 5
      #5(T2): 5 -> 2+5 -> 7
  #3(T1): 0 -> 0+0 -> 0
  #3(T2): 0 -> 3+0 -> 3
    #4(T1): 3 -> 2+3 -> 5
    #4(T2): 3 -> 1+3 -> 4
      #6(T1): 4 -> 0+4 -> 4
      #6(T2): 4 -> 0+4 -> 4
      #5(T1): 4 -> 0+4 -> 4
      #5(T2): 4 -> 0+4 -> 4
      #1(T1): 4 -> 2+4 -> 6
      #1(T2): 4 -> 0+4 -> 4
    #6(T1): 3 -> 0+3 -> 3
    #6(T2): 3 -> 2+3 -> 5
      #4(T1): 5 -> 2+5 -> 7
      #4(T2): 5 -> -1+5 -> 4
      #5(T1): 5 -> 0+5 -> 5
      #5(T2): 5 -> -2+5 -> 3
      #1(T1): 5 -> 2+5 -> 7
      #1(T2): 5 -> 0+5 -> 5
    #5(T1): 3 -> 0+3 -> 3
    #5(T2): 3 -> 0+3 -> 3
      #4(T1): 3 -> 2+3 -> 5
      #4(T2): 3 -> 1+3 -> 4
      #6(T1): 3 -> 0+3 -> 3
      #6(T2): 3 -> 0+3 -> 3
      #1(T1): 3 -> 2+3 -> 5
      #1(T2): 3 -> 0+3 -> 3
    #1(T1): 3 -> 2+3 -> 5
      #4(T1): 5 -> 2+5 -> 7
      #4(T2): 5 -> 1+5 -> 6
      #6(T1): 5 -> 0+5 -> 5
      #6(T2): 5 -> 2+5 -> 7
      #5(T1): 5 -> 0+5 -> 5
      #5(T2): 5 -> 0+5 -> 5
    #1(T2): 3 -> 0+3 -> 3
      #4(T1): 3 -> 2+3 -> 5
      #4(T2): 3 -> 1+3 -> 4
      #6(T1): 3 -> 0+3 -> 3
      #6(T2): 3 -> 2+3 -> 5
      #5(T1): 3 -> 0+3 -> 3
      #5(T2): 3 -> 0+3 -> 3
  #6(T1): 0 -> 0+0 -> 0
  #6(T2): 0 -> 2+0 -> 2
    #4(T1): 2 -> 2+2 -> 4
    #4(T2): 2 -> 1+2 -> 3
      #3(T1): 3 -> 0+3 -> 3
      #3(T2): 3 -> 1+3 -> 4
      #5(T1): 3 -> 0+3 -> 3
      #5(T2): 3 -> 0+3 -> 3
      #1(T1): 3 -> 2+3 -> 5
      #1(T2): 3 -> 2+3 -> 5
    #3(T1): 2 -> 0+2 -> 2
    #3(T2): 2 -> 3+2 -> 5
      #4(T1): 5 -> 2+5 -> 7
      #4(T2): 5 -> -1+5 -> 4
      #5(T1): 5 -> 0+5 -> 5
      #5(T2): 5 -> -2+5 -> 3
      #1(T1): 5 -> 2+5 -> 7
      #1(T2): 5 -> 0+5 -> 5
    #5(T1): 2 -> 0+2 -> 2
    #5(T2): 2 -> 0+2 -> 2
      #4(T1): 2 -> 2+2 -> 4
      #4(T2): 2 -> 1+2 -> 3
      #3(T1): 2 -> 0+2 -> 2
      #3(T2): 2 -> 1+2 -> 3
      #1(T1): 2 -> 2+2 -> 4
      #1(T2): 2 -> 2+2 -> 4
    #1(T1): 2 -> 2+2 -> 4
    #1(T2): 2 -> 2+2 -> 4
      #4(T1): 4 -> 2+4 -> 6
      #4(T2): 4 -> 1+4 -> 5
      #3(T1): 4 -> 0+4 -> 4
      #3(T2): 4 -> 1+4 -> 5
      #5(T1): 4 -> 0+4 -> 4
      #5(T2): 4 -> 0+4 -> 4
  #5(T1): 0 -> 0+0 -> 0
  #5(T2): 0 -> 2+0 -> 2
    #4(T1): 2 -> 2+2 -> 4
    #4(T2): 2 -> 3+2 -> 5
      #3(T1): 5 -> 0+5 -> 5
      #3(T2): 5 -> -1+5 -> 4
      #6(T1): 5 -> 0+5 -> 5
      #6(T2): 5 -> -2+5 -> 3
      #1(T1): 5 -> 2+5 -> 7
      #1(T2): 5 -> 2+5 -> 7
    #3(T1): 2 -> 0+2 -> 2
    #3(T2): 2 -> 1+2 -> 3
      #4(T1): 3 -> 2+3 -> 5
      #4(T2): 3 -> 1+3 -> 4
      #6(T1): 3 -> 0+3 -> 3
      #6(T2): 3 -> 0+3 -> 3
      #1(T1): 3 -> 2+3 -> 5
      #1(T2): 3 -> 0+3 -> 3
    #6(T1): 2 -> 0+2 -> 2
    #6(T2): 2 -> 0+2 -> 2
      #4(T1): 2 -> 2+2 -> 4
      #4(T2): 2 -> 1+2 -> 3
      #3(T1): 2 -> 0+2 -> 2
      #3(T2): 2 -> 1+2 -> 3
      #1(T1): 2 -> 2+2 -> 4
      #1(T2): 2 -> 2+2 -> 4
    #1(T1): 2 -> 2+2 -> 4
    #1(T2): 2 -> 2+2 -> 4
      #4(T1): 4 -> 2+4 -> 6
      #4(T2): 4 -> 3+4 -> 7
      #3(T1): 4 -> 0+4 -> 4
      #3(T2): 4 -> -1+4 -> 3
      #6(T1): 4 -> 0+4 -> 4
      #6(T2): 4 -> 0+4 -> 4
  #1(T1): 0 -> 2+0 -> 2
    #4(T1): 2 -> 2+2 -> 4
    #4(T2): 2 -> 3+2 -> 5
      #3(T1): 5 -> 2+5 -> 7
      #3(T2): 5 -> 1+5 -> 6
      #6(T1): 5 -> 0+5 -> 5
      #6(T2): 5 -> 0+5 -> 5
      #5(T1): 5 -> 0+5 -> 5
      #5(T2): 5 -> 2+5 -> 7
    #3(T1): 2 -> 2+2 -> 4
    #3(T2): 2 -> 3+2 -> 5
      #4(T1): 5 -> 2+5 -> 7
      #4(T2): 5 -> 1+5 -> 6
      #6(T1): 5 -> 0+5 -> 5
      #6(T2): 5 -> 2+5 -> 7
      #5(T1): 5 -> 0+5 -> 5
      #5(T2): 5 -> 0+5 -> 5
    #6(T1): 2 -> 0+2 -> 2
    #6(T2): 2 -> 2+2 -> 4
    #5(T1): 2 -> 0+2 -> 2
    #5(T2): 2 -> 2+2 -> 4
  #1(T2): 0 -> 2+0 -> 2
    #4(T1): 2 -> 2+2 -> 4
    #4(T2): 2 -> 3+2 -> 5
      #3(T1): 5 -> 0+5 -> 5
      #3(T2): 5 -> -1+5 -> 4
      #6(T1): 5 -> 0+5 -> 5
      #6(T2): 5 -> 0+5 -> 5
      #5(T1): 5 -> 0+5 -> 5
      #5(T2): 5 -> 2+5 -> 7
    #3(T1): 2 -> 0+2 -> 2
    #3(T2): 2 -> 1+2 -> 3
      #4(T1): 3 -> 2+3 -> 5
      #4(T2): 3 -> 1+3 -> 4
      #6(T1): 3 -> 0+3 -> 3
      #6(T2): 3 -> 2+3 -> 5
      #5(T1): 3 -> 0+3 -> 3
      #5(T2): 3 -> 0+3 -> 3
    #6(T1): 2 -> 0+2 -> 2
    #6(T2): 2 -> 2+2 -> 4
      #4(T1): 4 -> 2+4 -> 6
      #4(T2): 4 -> 1+4 -> 5
      #3(T1): 4 -> 0+4 -> 4
      #3(T2): 4 -> 1+4 -> 5
      #5(T1): 4 -> 0+4 -> 4
      #5(T2): 4 -> 0+4 -> 4
    #5(T1): 2 -> 0+2 -> 2
    #5(T2): 2 -> 2+2 -> 4
      #4(T1): 4 -> 2+4 -> 6
      #4(T2): 4 -> 3+4 -> 7
      #3(T1): 4 -> 0+4 -> 4
      #3(T2): 4 -> -1+4 -> 3
      #6(T1): 4 -> 0+4 -> 4
      #6(T2): 4 -> 0+4 -> 4
#2(T2): 0 -> 2+0 -> 2
  #4(T1): 2 -> 0+2 -> 2
    #3(T1): 2 -> 2+2 -> 4
    #3(T2): 2 -> 3+2 -> 5
      #6(T1): 5 -> 2+5 -> 7
      #6(T2): 5 -> 2+5 -> 7
      #5(T1): 5 -> 0+5 -> 5
      #5(T2): 5 -> 0+5 -> 5
      #1(T1): 5 -> 0+5 -> 5
      #1(T2): 5 -> -2+5 -> 3
    #6(T1): 2 -> 2+2 -> 4
    #6(T2): 2 -> 2+2 -> 4
      #3(T1): 4 -> 2+4 -> 6
      #3(T2): 4 -> 3+4 -> 7
      #5(T1): 4 -> 0+4 -> 4
      #5(T2): 4 -> 0+4 -> 4
      #1(T1): 4 -> 0+4 -> 4
      #1(T2): 4 -> 0+4 -> 4
    #5(T1): 2 -> 0+2 -> 2
    #5(T2): 2 -> 2+2 -> 4
      #3(T1): 4 -> 2+4 -> 6
      #3(T2): 4 -> 1+4 -> 5
      #6(T1): 4 -> 2+4 -> 6
      #6(T2): 4 -> 0+4 -> 4
      #1(T1): 4 -> 0+4 -> 4
      #1(T2): 4 -> 0+4 -> 4
    #1(T1): 2 -> 0+2 -> 2
    #1(T2): 2 -> 0+2 -> 2
      #3(T1): 2 -> 2+2 -> 4
      #3(T2): 2 -> 1+2 -> 3
      #6(T1): 2 -> 2+2 -> 4
      #6(T2): 2 -> 2+2 -> 4
      #5(T1): 2 -> 0+2 -> 2
      #5(T2): 2 -> 2+2 -> 4
  #4(T2): 2 -> 1+2 -> 3
    #3(T1): 3 -> 0+3 -> 3
    #3(T2): 3 -> 1+3 -> 4
    #6(T1): 3 -> 0+3 -> 3
      #3(T1): 3 -> 0+3 -> 3
      #3(T2): 3 -> 1+3 -> 4
      #5(T1): 3 -> 2+3 -> 5
      #5(T2): 3 -> 2+3 -> 5
      #1(T1): 3 -> 0+3 -> 3
      #1(T2): 3 -> 0+3 -> 3
    #6(T2): 3 -> 0+3 -> 3
    #5(T1): 3 -> 0+3 -> 3
      #3(T1): 3 -> 2+3 -> 5
      #3(T2): 3 -> 1+3 -> 4
      #6(T1): 3 -> 2+3 -> 5
      #6(T2): 3 -> 0+3 -> 3
      #1(T1): 3 -> 0+3 -> 3
      #1(T2): 3 -> 0+3 -> 3
    #5(T2): 3 -> 2+3 -> 5
    #1(T1): 3 -> 0+3 -> 3
      #3(T1): 3 -> 2+3 -> 5
      #3(T2): 3 -> 1+3 -> 4
      #6(T1): 3 -> 0+3 -> 3
      #6(T2): 3 -> 0+3 -> 3
      #5(T1): 3 -> 0+3 -> 3
      #5(T2): 3 -> 2+3 -> 5
    #1(T2): 3 -> 0+3 -> 3
  #3(T1): 2 -> 0+2 -> 2
    #4(T1): 2 -> 2+2 -> 4
    #4(T2): 2 -> 1+2 -> 3
    #6(T1): 2 -> 0+2 -> 2
    #6(T2): 2 -> 2+2 -> 4
      #4(T1): 4 -> 2+4 -> 6
      #4(T2): 4 -> -1+4 -> 3
      #5(T1): 4 -> 2+4 -> 6
      #5(T2): 4 -> 0+4 -> 4
      #1(T1): 4 -> 2+4 -> 6
      #1(T2): 4 -> 0+4 -> 4
    #5(T1): 2 -> 2+2 -> 4
    #5(T2): 2 -> 2+2 -> 4
      #4(T1): 4 -> 2+4 -> 6
      #4(T2): 4 -> 1+4 -> 5
      #6(T1): 4 -> 0+4 -> 4
      #6(T2): 4 -> 0+4 -> 4
      #1(T1): 4 -> 2+4 -> 6
      #1(T2): 4 -> 0+4 -> 4
    #1(T1): 2 -> 2+2 -> 4
    #1(T2): 2 -> 0+2 -> 2
      #4(T1): 2 -> 2+2 -> 4
      #4(T2): 2 -> 1+2 -> 3
      #6(T1): 2 -> 0+2 -> 2
      #6(T2): 2 -> 2+2 -> 4
      #5(T1): 2 -> 2+2 -> 4
      #5(T2): 2 -> 2+2 -> 4
  #3(T2): 2 -> 3+2 -> 5
    #4(T1): 5 -> 0+5 -> 5
      #6(T1): 5 -> 2+5 -> 7
      #6(T2): 5 -> 2+5 -> 7
      #5(T1): 5 -> 0+5 -> 5
      #5(T2): 5 -> 0+5 -> 5
      #1(T1): 5 -> 0+5 -> 5
      #1(T2): 5 -> -2+5 -> 3
    #4(T2): 5 -> -1+5 -> 4
    #6(T1): 5 -> 0+5 -> 5
      #4(T1): 5 -> 2+5 -> 7
      #4(T2): 5 -> -1+5 -> 4
      #5(T1): 5 -> 2+5 -> 7
      #5(T2): 5 -> 0+5 -> 5
      #1(T1): 5 -> 0+5 -> 5
      #1(T2): 5 -> -2+5 -> 3
    #6(T2): 5 -> 2+5 -> 7
    #5(T1): 5 -> 0+5 -> 5
      #4(T1): 5 -> 0+5 -> 5
      #4(T2): 5 -> -1+5 -> 4
      #6(T1): 5 -> 2+5 -> 7
      #6(T2): 5 -> 2+5 -> 7
      #1(T1): 5 -> 0+5 -> 5
      #1(T2): 5 -> -2+5 -> 3
    #5(T2): 5 -> 0+5 -> 5
    #1(T1): 5 -> 0+5 -> 5
      #4(T1): 5 -> 0+5 -> 5
      #4(T2): 5 -> -1+5 -> 4
      #6(T1): 5 -> 0+5 -> 5
      #6(T2): 5 -> 2+5 -> 7
      #5(T1): 5 -> 0+5 -> 5
      #5(T2): 5 -> 0+5 -> 5
    #1(T2): 5 -> -2+5 -> 3
  #6(T1): 2 -> 0+2 -> 2
    #4(T1): 2 -> 2+2 -> 4
    #4(T2): 2 -> 1+2 -> 3
      #3(T1): 3 -> 0+3 -> 3
      #3(T2): 3 -> 1+3 -> 4
      #5(T1): 3 -> 2+3 -> 5
      #5(T2): 3 -> 2+3 -> 5
      #1(T1): 3 -> 0+3 -> 3
      #1(T2): 3 -> 0+3 -> 3
    #3(T1): 2 -> 0+2 -> 2
    #3(T2): 2 -> 3+2 -> 5
      #4(T1): 5 -> 2+5 -> 7
      #4(T2): 5 -> -1+5 -> 4
      #5(T1): 5 -> 2+5 -> 7
      #5(T2): 5 -> 0+5 -> 5
      #1(T1): 5 -> 0+5 -> 5
      #1(T2): 5 -> -2+5 -> 3
    #5(T1): 2 -> 2+2 -> 4
    #5(T2): 2 -> 2+2 -> 4
      #4(T1): 4 -> 2+4 -> 6
      #4(T2): 4 -> 1+4 -> 5
      #3(T1): 4 -> 0+4 -> 4
      #3(T2): 4 -> 1+4 -> 5
      #1(T1): 4 -> 0+4 -> 4
      #1(T2): 4 -> 0+4 -> 4
    #1(T1): 2 -> 0+2 -> 2
    #1(T2): 2 -> 0+2 -> 2
      #4(T1): 2 -> 2+2 -> 4
      #4(T2): 2 -> 1+2 -> 3
      #3(T1): 2 -> 0+2 -> 2
      #3(T2): 2 -> 1+2 -> 3
      #5(T1): 2 -> 2+2 -> 4
      #5(T2): 2 -> 2+2 -> 4
  #6(T2): 2 -> 2+2 -> 4
    #4(T1): 4 -> 0+4 -> 4
      #3(T1): 4 -> 2+4 -> 6
      #3(T2): 4 -> 3+4 -> 7
      #5(T1): 4 -> 0+4 -> 4
      #5(T2): 4 -> 0+4 -> 4
      #1(T1): 4 -> 0+4 -> 4
      #1(T2): 4 -> 0+4 -> 4
    #4(T2): 4 -> -1+4 -> 3
    #3(T1): 4 -> 0+4 -> 4
      #4(T1): 4 -> 2+4 -> 6
      #4(T2): 4 -> -1+4 -> 3
      #5(T1): 4 -> 2+4 -> 6
      #5(T2): 4 -> 0+4 -> 4
      #1(T1): 4 -> 2+4 -> 6
      #1(T2): 4 -> 0+4 -> 4
    #3(T2): 4 -> 3+4 -> 7
    #5(T1): 4 -> 0+4 -> 4
      #4(T1): 4 -> 0+4 -> 4
      #4(T2): 4 -> -1+4 -> 3
      #3(T1): 4 -> 2+4 -> 6
      #3(T2): 4 -> 3+4 -> 7
      #1(T1): 4 -> 0+4 -> 4
      #1(T2): 4 -> 0+4 -> 4
    #5(T2): 4 -> 0+4 -> 4
    #1(T1): 4 -> 0+4 -> 4
      #4(T1): 4 -> 0+4 -> 4
      #4(T2): 4 -> -1+4 -> 3
      #3(T1): 4 -> 2+4 -> 6
      #3(T2): 4 -> 3+4 -> 7
      #5(T1): 4 -> 0+4 -> 4
      #5(T2): 4 -> 0+4 -> 4
    #1(T2): 4 -> 0+4 -> 4
  #5(T1): 2 -> 0+2 -> 2
    #4(T1): 2 -> 0+2 -> 2
    #4(T2): 2 -> 1+2 -> 3
      #3(T1): 3 -> 2+3 -> 5
      #3(T2): 3 -> 1+3 -> 4
      #6(T1): 3 -> 2+3 -> 5
      #6(T2): 3 -> 0+3 -> 3
      #1(T1): 3 -> 0+3 -> 3
      #1(T2): 3 -> 0+3 -> 3
    #3(T1): 2 -> 2+2 -> 4
    #3(T2): 2 -> 3+2 -> 5
      #4(T1): 5 -> 0+5 -> 5
      #4(T2): 5 -> -1+5 -> 4
      #6(T1): 5 -> 2+5 -> 7
      #6(T2): 5 -> 2+5 -> 7
      #1(T1): 5 -> 0+5 -> 5
      #1(T2): 5 -> -2+5 -> 3
    #6(T1): 2 -> 2+2 -> 4
    #6(T2): 2 -> 2+2 -> 4
      #4(T1): 4 -> 0+4 -> 4
      #4(T2): 4 -> -1+4 -> 3
      #3(T1): 4 -> 2+4 -> 6
      #3(T2): 4 -> 3+4 -> 7
      #1(T1): 4 -> 0+4 -> 4
      #1(T2): 4 -> 0+4 -> 4
    #1(T1): 2 -> 0+2 -> 2
    #1(T2): 2 -> 0+2 -> 2
      #4(T1): 2 -> 0+2 -> 2
      #4(T2): 2 -> 1+2 -> 3
      #3(T1): 2 -> 2+2 -> 4
      #3(T2): 2 -> 1+2 -> 3
      #6(T1): 2 -> 2+2 -> 4
      #6(T2): 2 -> 2+2 -> 4
  #5(T2): 2 -> 2+2 -> 4
    #4(T1): 4 -> 0+4 -> 4
      #3(T1): 4 -> 2+4 -> 6
      #3(T2): 4 -> 1+4 -> 5
      #6(T1): 4 -> 2+4 -> 6
      #6(T2): 4 -> 0+4 -> 4
      #1(T1): 4 -> 0+4 -> 4
      #1(T2): 4 -> 0+4 -> 4
    #4(T2): 4 -> 1+4 -> 5
    #3(T1): 4 -> 0+4 -> 4
      #4(T1): 4 -> 2+4 -> 6
      #4(T2): 4 -> 1+4 -> 5
      #6(T1): 4 -> 0+4 -> 4
      #6(T2): 4 -> 0+4 -> 4
      #1(T1): 4 -> 2+4 -> 6
      #1(T2): 4 -> 0+4 -> 4
    #3(T2): 4 -> 1+4 -> 5
    #6(T1): 4 -> 0+4 -> 4
      #4(T1): 4 -> 2+4 -> 6
      #4(T2): 4 -> 1+4 -> 5
      #3(T1): 4 -> 0+4 -> 4
      #3(T2): 4 -> 1+4 -> 5
      #1(T1): 4 -> 0+4 -> 4
      #1(T2): 4 -> 0+4 -> 4
    #6(T2): 4 -> 0+4 -> 4
    #1(T1): 4 -> 0+4 -> 4
      #4(T1): 4 -> 0+4 -> 4
      #4(T2): 4 -> 1+4 -> 5
      #3(T1): 4 -> 2+4 -> 6
      #3(T2): 4 -> 1+4 -> 5
      #6(T1): 4 -> 0+4 -> 4
      #6(T2): 4 -> 0+4 -> 4
    #1(T2): 4 -> 0+4 -> 4
  #1(T1): 2 -> 0+2 -> 2
    #4(T1): 2 -> 0+2 -> 2
    #4(T2): 2 -> 1+2 -> 3
      #3(T1): 3 -> 2+3 -> 5
      #3(T2): 3 -> 1+3 -> 4
      #6(T1): 3 -> 0+3 -> 3
      #6(T2): 3 -> 0+3 -> 3
      #5(T1): 3 -> 0+3 -> 3
      #5(T2): 3 -> 2+3 -> 5
    #3(T1): 2 -> 2+2 -> 4
    #3(T2): 2 -> 3+2 -> 5
      #4(T1): 5 -> 0+5 -> 5
      #4(T2): 5 -> -1+5 -> 4
      #6(T1): 5 -> 0+5 -> 5
      #6(T2): 5 -> 2+5 -> 7
      #5(T1): 5 -> 0+5 -> 5
      #5(T2): 5 -> 0+5 -> 5
    #6(T1): 2 -> 0+2 -> 2
    #6(T2): 2 -> 2+2 -> 4
      #4(T1): 4 -> 0+4 -> 4
      #4(T2): 4 -> -1+4 -> 3
      #3(T1): 4 -> 2+4 -> 6
      #3(T2): 4 -> 3+4 -> 7
      #5(T1): 4 -> 0+4 -> 4
      #5(T2): 4 -> 0+4 -> 4
    #5(T1): 2 -> 0+2 -> 2
    #5(T2): 2 -> 2+2 -> 4
      #4(T1): 4 -> 0+4 -> 4
      #4(T2): 4 -> 1+4 -> 5
      #3(T1): 4 -> 2+4 -> 6
      #3(T2): 4 -> 1+4 -> 5
      #6(T1): 4 -> 0+4 -> 4
      #6(T2): 4 -> 0+4 -> 4
  #1(T2): 2 -> 0+2 -> 2
    #4(T1): 2 -> 0+2 -> 2
      #3(T1): 2 -> 2+2 -> 4
      #3(T2): 2 -> 1+2 -> 3
      #6(T1): 2 -> 2+2 -> 4
      #6(T2): 2 -> 2+2 -> 4
      #5(T1): 2 -> 0+2 -> 2
      #5(T2): 2 -> 2+2 -> 4
    #4(T2): 2 -> 1+2 -> 3
    #3(T1): 2 -> 0+2 -> 2
      #4(T1): 2 -> 2+2 -> 4
      #4(T2): 2 -> 1+2 -> 3
      #6(T1): 2 -> 0+2 -> 2
      #6(T2): 2 -> 2+2 -> 4
      #5(T1): 2 -> 2+2 -> 4
      #5(T2): 2 -> 2+2 -> 4
    #3(T2): 2 -> 1+2 -> 3
    #6(T1): 2 -> 0+2 -> 2
      #4(T1): 2 -> 2+2 -> 4
      #4(T2): 2 -> 1+2 -> 3
      #3(T1): 2 -> 0+2 -> 2
      #3(T2): 2 -> 1+2 -> 3
      #5(T1): 2 -> 2+2 -> 4
      #5(T2): 2 -> 2+2 -> 4
    #6(T2): 2 -> 2+2 -> 4
    #5(T1): 2 -> 0+2 -> 2
      #4(T1): 2 -> 0+2 -> 2
      #4(T2): 2 -> 1+2 -> 3
      #3(T1): 2 -> 2+2 -> 4
      #3(T2): 2 -> 1+2 -> 3
      #6(T1): 2 -> 2+2 -> 4
      #6(T2): 2 -> 2+2 -> 4
    #5(T2): 2 -> 2+2 -> 4
#1(T1): 0 -> 0+0 -> 0
  #4(T1): 0 -> 0+0 -> 0
  #4(T2): 0 -> 3+0 -> 3
    #3(T1): 3 -> 2+3 -> 5
    #3(T2): 3 -> 1+3 -> 4
      #6(T1): 4 -> 0+4 -> 4
      #6(T2): 4 -> 0+4 -> 4
      #5(T1): 4 -> 0+4 -> 4
      #5(T2): 4 -> 0+4 -> 4
      #2(T1): 4 -> 2+4 -> 6
      #2(T2): 4 -> 0+4 -> 4
    #6(T1): 3 -> 0+3 -> 3
    #6(T2): 3 -> 0+3 -> 3
      #3(T1): 3 -> 2+3 -> 5
      #3(T2): 3 -> 1+3 -> 4
      #5(T1): 3 -> 0+3 -> 3
      #5(T2): 3 -> 0+3 -> 3
      #2(T1): 3 -> 2+3 -> 5
      #2(T2): 3 -> 0+3 -> 3
    #5(T1): 3 -> 0+3 -> 3
    #5(T2): 3 -> 2+3 -> 5
      #3(T1): 5 -> 2+5 -> 7
      #3(T2): 5 -> -1+5 -> 4
      #6(T1): 5 -> 0+5 -> 5
      #6(T2): 5 -> -2+5 -> 3
      #2(T1): 5 -> 2+5 -> 7
      #2(T2): 5 -> 0+5 -> 5
    #2(T1): 3 -> 2+3 -> 5
      #3(T1): 5 -> 2+5 -> 7
      #3(T2): 5 -> 1+5 -> 6
      #6(T1): 5 -> 0+5 -> 5
      #6(T2): 5 -> 0+5 -> 5
      #5(T1): 5 -> 0+5 -> 5
      #5(T2): 5 -> 2+5 -> 7
    #2(T2): 3 -> 0+3 -> 3
      #3(T1): 3 -> 2+3 -> 5
      #3(T2): 3 -> 1+3 -> 4
      #6(T1): 3 -> 0+3 -> 3
      #6(T2): 3 -> 0+3 -> 3
      #5(T1): 3 -> 0+3 -> 3
      #5(T2): 3 -> 2+3 -> 5
  #3(T1): 0 -> 2+0 -> 2
  #3(T2): 0 -> 3+0 -> 3
    #4(T1): 3 -> 0+3 -> 3
    #4(T2): 3 -> 1+3 -> 4
      #6(T1): 4 -> 0+4 -> 4
      #6(T2): 4 -> 0+4 -> 4
      #5(T1): 4 -> 0+4 -> 4
      #5(T2): 4 -> 0+4 -> 4
      #2(T1): 4 -> 2+4 -> 6
      #2(T2): 4 -> 0+4 -> 4
    #6(T1): 3 -> 0+3 -> 3
    #6(T2): 3 -> 2+3 -> 5
      #4(T1): 5 -> 0+5 -> 5
      #4(T2): 5 -> -1+5 -> 4
      #5(T1): 5 -> 0+5 -> 5
      #5(T2): 5 -> -2+5 -> 3
      #2(T1): 5 -> 2+5 -> 7
      #2(T2): 5 -> 2+5 -> 7
    #5(T1): 3 -> 0+3 -> 3
    #5(T2): 3 -> 0+3 -> 3
      #4(T1): 3 -> 0+3 -> 3
      #4(T2): 3 -> 1+3 -> 4
      #6(T1): 3 -> 0+3 -> 3
      #6(T2): 3 -> 0+3 -> 3
      #2(T1): 3 -> 2+3 -> 5
      #2(T2): 3 -> 2+3 -> 5
    #2(T1): 3 -> 2+3 -> 5
      #4(T1): 5 -> 2+5 -> 7
      #4(T2): 5 -> 1+5 -> 6
      #6(T1): 5 -> 0+5 -> 5
      #6(T2): 5 -> 2+5 -> 7
      #5(T1): 5 -> 0+5 -> 5
      #5(T2): 5 -> 0+5 -> 5
    #2(T2): 3 -> 2+3 -> 5
      #4(T1): 5 -> 0+5 -> 5
      #4(T2): 5 -> -1+5 -> 4
      #6(T1): 5 -> 0+5 -> 5
      #6(T2): 5 -> 2+5 -> 7
      #5(T1): 5 -> 0+5 -> 5
      #5(T2): 5 -> 0+5 -> 5
  #6(T1): 0 -> 0+0 -> 0
  #6(T2): 0 -> 2+0 -> 2
    #4(T1): 2 -> 0+2 -> 2
    #4(T2): 2 -> 1+2 -> 3
      #3(T1): 3 -> 2+3 -> 5
      #3(T2): 3 -> 1+3 -> 4
      #5(T1): 3 -> 0+3 -> 3
      #5(T2): 3 -> 0+3 -> 3
      #2(T1): 3 -> 2+3 -> 5
      #2(T2): 3 -> 0+3 -> 3
    #3(T1): 2 -> 2+2 -> 4
    #3(T2): 2 -> 3+2 -> 5
      #4(T1): 5 -> 0+5 -> 5
      #4(T2): 5 -> -1+5 -> 4
      #5(T1): 5 -> 0+5 -> 5
      #5(T2): 5 -> -2+5 -> 3
      #2(T1): 5 -> 2+5 -> 7
      #2(T2): 5 -> 2+5 -> 7
    #5(T1): 2 -> 0+2 -> 2
    #5(T2): 2 -> 0+2 -> 2
      #4(T1): 2 -> 0+2 -> 2
      #4(T2): 2 -> 1+2 -> 3
      #3(T1): 2 -> 2+2 -> 4
      #3(T2): 2 -> 1+2 -> 3
      #2(T1): 2 -> 2+2 -> 4
      #2(T2): 2 -> 2+2 -> 4
    #2(T1): 2 -> 2+2 -> 4
    #2(T2): 2 -> 2+2 -> 4
      #4(T1): 4 -> 0+4 -> 4
      #4(T2): 4 -> -1+4 -> 3
      #3(T1): 4 -> 2+4 -> 6
      #3(T2): 4 -> 3+4 -> 7
      #5(T1): 4 -> 0+4 -> 4
      #5(T2): 4 -> 0+4 -> 4
  #5(T1): 0 -> 0+0 -> 0
  #5(T2): 0 -> 2+0 -> 2
    #4(T1): 2 -> 0+2 -> 2
    #4(T2): 2 -> 3+2 -> 5
      #3(T1): 5 -> 2+5 -> 7
      #3(T2): 5 -> -1+5 -> 4
      #6(T1): 5 -> 0+5 -> 5
      #6(T2): 5 -> -2+5 -> 3
      #2(T1): 5 -> 2+5 -> 7
      #2(T2): 5 -> 0+5 -> 5
    #3(T1): 2 -> 2+2 -> 4
    #3(T2): 2 -> 1+2 -> 3
      #4(T1): 3 -> 0+3 -> 3
      #4(T2): 3 -> 1+3 -> 4
      #6(T1): 3 -> 0+3 -> 3
      #6(T2): 3 -> 0+3 -> 3
      #2(T1): 3 -> 2+3 -> 5
      #2(T2): 3 -> 2+3 -> 5
    #6(T1): 2 -> 0+2 -> 2
    #6(T2): 2 -> 0+2 -> 2
      #4(T1): 2 -> 0+2 -> 2
      #4(T2): 2 -> 1+2 -> 3
      #3(T1): 2 -> 2+2 -> 4
      #3(T2): 2 -> 1+2 -> 3
      #2(T1): 2 -> 2+2 -> 4
      #2(T2): 2 -> 2+2 -> 4
    #2(T1): 2 -> 2+2 -> 4
    #2(T2): 2 -> 2+2 -> 4
      #4(T1): 4 -> 0+4 -> 4
      #4(T2): 4 -> 1+4 -> 5
      #3(T1): 4 -> 2+4 -> 6
      #3(T2): 4 -> 1+4 -> 5
      #6(T1): 4 -> 0+4 -> 4
      #6(T2): 4 -> 0+4 -> 4
  #2(T1): 0 -> 2+0 -> 2
    #4(T1): 2 -> 2+2 -> 4
    #4(T2): 2 -> 3+2 -> 5
      #3(T1): 5 -> 2+5 -> 7
      #3(T2): 5 -> 1+5 -> 6
      #6(T1): 5 -> 0+5 -> 5
      #6(T2): 5 -> 0+5 -> 5
      #5(T1): 5 -> 0+5 -> 5
      #5(T2): 5 -> 2+5 -> 7
    #3(T1): 2 -> 2+2 -> 4
    #3(T2): 2 -> 3+2 -> 5
      #4(T1): 5 -> 2+5 -> 7
      #4(T2): 5 -> 1+5 -> 6
      #6(T1): 5 -> 0+5 -> 5
      #6(T2): 5 -> 2+5 -> 7
      #5(T1): 5 -> 0+5 -> 5
      #5(T2): 5 -> 0+5 -> 5
    #6(T1): 2 -> 0+2 -> 2
    #6(T2): 2 -> 2+2 -> 4
    #5(T1): 2 -> 0+2 -> 2
    #5(T2): 2 -> 2+2 -> 4
  #2(T2): 0 -> 2+0 -> 2
    #4(T1): 2 -> 0+2 -> 2
    #4(T2): 2 -> 1+2 -> 3
      #3(T1): 3 -> 2+3 -> 5
      #3(T2): 3 -> 1+3 -> 4
      #6(T1): 3 -> 0+3 -> 3
      #6(T2): 3 -> 0+3 -> 3
      #5(T1): 3 -> 0+3 -> 3
      #5(T2): 3 -> 2+3 -> 5
    #3(T1): 2 -> 2+2 -> 4
    #3(T2): 2 -> 3+2 -> 5
      #4(T1): 5 -> 0+5 -> 5
      #4(T2): 5 -> -1+5 -> 4
      #6(T1): 5 -> 0+5 -> 5
      #6(T2): 5 -> 2+5 -> 7
      #5(T1): 5 -> 0+5 -> 5
      #5(T2): 5 -> 0+5 -> 5
    #6(T1): 2 -> 0+2 -> 2
    #6(T2): 2 -> 2+2 -> 4
      #4(T1): 4 -> 0+4 -> 4
      #4(T2): 4 -> -1+4 -> 3
      #3(T1): 4 -> 2+4 -> 6
      #3(T2): 4 -> 3+4 -> 7
      #5(T1): 4 -> 0+4 -> 4
      #5(T2): 4 -> 0+4 -> 4
    #5(T1): 2 -> 0+2 -> 2
    #5(T2): 2 -> 2+2 -> 4
      #4(T1): 4 -> 0+4 -> 4
      #4(T2): 4 -> 1+4 -> 5
      #3(T1): 4 -> 2+4 -> 6
      #3(T2): 4 -> 1+4 -> 5
      #6(T1): 4 -> 0+4 -> 4
      #6(T2): 4 -> 0+4 -> 4
#1(T2): 0 -> 2+0 -> 2
  #4(T1): 2 -> 0+2 -> 2
    #3(T1): 2 -> 2+2 -> 4
    #3(T2): 2 -> 1+2 -> 3
    #6(T1): 2 -> 2+2 -> 4
    #6(T2): 2 -> 2+2 -> 4
      #3(T1): 4 -> 2+4 -> 6
      #3(T2): 4 -> 1+4 -> 5
      #5(T1): 4 -> 0+4 -> 4
      #5(T2): 4 -> 0+4 -> 4
      #2(T1): 4 -> 2+4 -> 6
      #2(T2): 4 -> 0+4 -> 4
    #5(T1): 2 -> 0+2 -> 2
    #5(T2): 2 -> 2+2 -> 4
      #3(T1): 4 -> 2+4 -> 6
      #3(T2): 4 -> -1+4 -> 3
      #6(T1): 4 -> 2+4 -> 6
      #6(T2): 4 -> 0+4 -> 4
      #2(T1): 4 -> 2+4 -> 6
      #2(T2): 4 -> 0+4 -> 4
    #2(T1): 2 -> 2+2 -> 4
    #2(T2): 2 -> 0+2 -> 2
      #3(T1): 2 -> 2+2 -> 4
      #3(T2): 2 -> 1+2 -> 3
      #6(T1): 2 -> 2+2 -> 4
      #6(T2): 2 -> 2+2 -> 4
      #5(T1): 2 -> 0+2 -> 2
      #5(T2): 2 -> 2+2 -> 4
  #4(T2): 2 -> 3+2 -> 5
    #3(T1): 5 -> 0+5 -> 5
      #6(T1): 5 -> 0+5 -> 5
      #6(T2): 5 -> 0+5 -> 5
      #5(T1): 5 -> 2+5 -> 7
      #5(T2): 5 -> 2+5 -> 7
      #2(T1): 5 -> 0+5 -> 5
      #2(T2): 5 -> -2+5 -> 3
    #3(T2): 5 -> -1+5 -> 4
    #6(T1): 5 -> 0+5 -> 5
      #3(T1): 5 -> 0+5 -> 5
      #3(T2): 5 -> -1+5 -> 4
      #5(T1): 5 -> 2+5 -> 7
      #5(T2): 5 -> 2+5 -> 7
      #2(T1): 5 -> 0+5 -> 5
      #2(T2): 5 -> -2+5 -> 3
    #6(T2): 5 -> 0+5 -> 5
    #5(T1): 5 -> 0+5 -> 5
      #3(T1): 5 -> 2+5 -> 7
      #3(T2): 5 -> -1+5 -> 4
      #6(T1): 5 -> 2+5 -> 7
      #6(T2): 5 -> 0+5 -> 5
      #2(T1): 5 -> 0+5 -> 5
      #2(T2): 5 -> -2+5 -> 3
    #5(T2): 5 -> 2+5 -> 7
    #2(T1): 5 -> 0+5 -> 5
      #3(T1): 5 -> 0+5 -> 5
      #3(T2): 5 -> -1+5 -> 4
      #6(T1): 5 -> 0+5 -> 5
      #6(T2): 5 -> 0+5 -> 5
      #5(T1): 5 -> 0+5 -> 5
      #5(T2): 5 -> 2+5 -> 7
    #2(T2): 5 -> -2+5 -> 3
  #3(T1): 2 -> 0+2 -> 2
    #4(T1): 2 -> 2+2 -> 4
    #4(T2): 2 -> 3+2 -> 5
      #6(T1): 5 -> 0+5 -> 5
      #6(T2): 5 -> 0+5 -> 5
      #5(T1): 5 -> 2+5 -> 7
      #5(T2): 5 -> 2+5 -> 7
      #2(T1): 5 -> 0+5 -> 5
      #2(T2): 5 -> -2+5 -> 3
    #6(T1): 2 -> 0+2 -> 2
    #6(T2): 2 -> 2+2 -> 4
      #4(T1): 4 -> 2+4 -> 6
      #4(T2): 4 -> 1+4 -> 5
      #5(T1): 4 -> 2+4 -> 6
      #5(T2): 4 -> 0+4 -> 4
      #2(T1): 4 -> 0+4 -> 4
      #2(T2): 4 -> 0+4 -> 4
    #5(T1): 2 -> 2+2 -> 4
    #5(T2): 2 -> 2+2 -> 4
      #4(T1): 4 -> 2+4 -> 6
      #4(T2): 4 -> 3+4 -> 7
      #6(T1): 4 -> 0+4 -> 4
      #6(T2): 4 -> 0+4 -> 4
      #2(T1): 4 -> 0+4 -> 4
      #2(T2): 4 -> 0+4 -> 4
    #2(T1): 2 -> 0+2 -> 2
    #2(T2): 2 -> 0+2 -> 2
      #4(T1): 2 -> 2+2 -> 4
      #4(T2): 2 -> 1+2 -> 3
      #6(T1): 2 -> 0+2 -> 2
      #6(T2): 2 -> 2+2 -> 4
      #5(T1): 2 -> 2+2 -> 4
      #5(T2): 2 -> 2+2 -> 4
  #3(T2): 2 -> 1+2 -> 3
    #4(T1): 3 -> 0+3 -> 3
    #4(T2): 3 -> 1+3 -> 4
    #6(T1): 3 -> 0+3 -> 3
      #4(T1): 3 -> 2+3 -> 5
      #4(T2): 3 -> 1+3 -> 4
      #5(T1): 3 -> 2+3 -> 5
      #5(T2): 3 -> 0+3 -> 3
      #2(T1): 3 -> 0+3 -> 3
      #2(T2): 3 -> 0+3 -> 3
    #6(T2): 3 -> 2+3 -> 5
    #5(T1): 3 -> 0+3 -> 3
      #4(T1): 3 -> 0+3 -> 3
      #4(T2): 3 -> 1+3 -> 4
      #6(T1): 3 -> 2+3 -> 5
      #6(T2): 3 -> 2+3 -> 5
      #2(T1): 3 -> 0+3 -> 3
      #2(T2): 3 -> 0+3 -> 3
    #5(T2): 3 -> 0+3 -> 3
    #2(T1): 3 -> 0+3 -> 3
      #4(T1): 3 -> 2+3 -> 5
      #4(T2): 3 -> 1+3 -> 4
      #6(T1): 3 -> 0+3 -> 3
      #6(T2): 3 -> 2+3 -> 5
      #5(T1): 3 -> 0+3 -> 3
      #5(T2): 3 -> 0+3 -> 3
    #2(T2): 3 -> 0+3 -> 3
  #6(T1): 2 -> 0+2 -> 2
    #4(T1): 2 -> 2+2 -> 4
    #4(T2): 2 -> 3+2 -> 5
      #3(T1): 5 -> 0+5 -> 5
      #3(T2): 5 -> -1+5 -> 4
      #5(T1): 5 -> 2+5 -> 7
      #5(T2): 5 -> 2+5 -> 7
      #2(T1): 5 -> 0+5 -> 5
      #2(T2): 5 -> -2+5 -> 3
    #3(T1): 2 -> 0+2 -> 2
    #3(T2): 2 -> 1+2 -> 3
      #4(T1): 3 -> 2+3 -> 5
      #4(T2): 3 -> 1+3 -> 4
      #5(T1): 3 -> 2+3 -> 5
      #5(T2): 3 -> 0+3 -> 3
      #2(T1): 3 -> 0+3 -> 3
      #2(T2): 3 -> 0+3 -> 3
    #5(T1): 2 -> 2+2 -> 4
    #5(T2): 2 -> 2+2 -> 4
      #4(T1): 4 -> 2+4 -> 6
      #4(T2): 4 -> 3+4 -> 7
      #3(T1): 4 -> 0+4 -> 4
      #3(T2): 4 -> -1+4 -> 3
      #2(T1): 4 -> 0+4 -> 4
      #2(T2): 4 -> 0+4 -> 4
    #2(T1): 2 -> 0+2 -> 2
    #2(T2): 2 -> 0+2 -> 2
      #4(T1): 2 -> 2+2 -> 4
      #4(T2): 2 -> 1+2 -> 3
      #3(T1): 2 -> 0+2 -> 2
      #3(T2): 2 -> 1+2 -> 3
      #5(T1): 2 -> 2+2 -> 4
      #5(T2): 2 -> 2+2 -> 4
  #6(T2): 2 -> 2+2 -> 4
    #4(T1): 4 -> 0+4 -> 4
      #3(T1): 4 -> 2+4 -> 6
      #3(T2): 4 -> 1+4 -> 5
      #5(T1): 4 -> 0+4 -> 4
      #5(T2): 4 -> 0+4 -> 4
      #2(T1): 4 -> 2+4 -> 6
      #2(T2): 4 -> 0+4 -> 4
    #4(T2): 4 -> 1+4 -> 5
    #3(T1): 4 -> 0+4 -> 4
      #4(T1): 4 -> 2+4 -> 6
      #4(T2): 4 -> 1+4 -> 5
      #5(T1): 4 -> 2+4 -> 6
      #5(T2): 4 -> 0+4 -> 4
      #2(T1): 4 -> 0+4 -> 4
      #2(T2): 4 -> 0+4 -> 4
    #3(T2): 4 -> 1+4 -> 5
    #5(T1): 4 -> 0+4 -> 4
      #4(T1): 4 -> 0+4 -> 4
      #4(T2): 4 -> 1+4 -> 5
      #3(T1): 4 -> 2+4 -> 6
      #3(T2): 4 -> 1+4 -> 5
      #2(T1): 4 -> 0+4 -> 4
      #2(T2): 4 -> 0+4 -> 4
    #5(T2): 4 -> 0+4 -> 4
    #2(T1): 4 -> 0+4 -> 4
      #4(T1): 4 -> 2+4 -> 6
      #4(T2): 4 -> 1+4 -> 5
      #3(T1): 4 -> 0+4 -> 4
      #3(T2): 4 -> 1+4 -> 5
      #5(T1): 4 -> 0+4 -> 4
      #5(T2): 4 -> 0+4 -> 4
    #2(T2): 4 -> 0+4 -> 4
  #5(T1): 2 -> 0+2 -> 2
    #4(T1): 2 -> 0+2 -> 2
    #4(T2): 2 -> 3+2 -> 5
      #3(T1): 5 -> 2+5 -> 7
      #3(T2): 5 -> -1+5 -> 4
      #6(T1): 5 -> 2+5 -> 7
      #6(T2): 5 -> 0+5 -> 5
      #2(T1): 5 -> 0+5 -> 5
      #2(T2): 5 -> -2+5 -> 3
    #3(T1): 2 -> 2+2 -> 4
    #3(T2): 2 -> 1+2 -> 3
      #4(T1): 3 -> 0+3 -> 3
      #4(T2): 3 -> 1+3 -> 4
      #6(T1): 3 -> 2+3 -> 5
      #6(T2): 3 -> 2+3 -> 5
      #2(T1): 3 -> 0+3 -> 3
      #2(T2): 3 -> 0+3 -> 3
    #6(T1): 2 -> 2+2 -> 4
    #6(T2): 2 -> 2+2 -> 4
      #4(T1): 4 -> 0+4 -> 4
      #4(T2): 4 -> 1+4 -> 5
      #3(T1): 4 -> 2+4 -> 6
      #3(T2): 4 -> 1+4 -> 5
      #2(T1): 4 -> 0+4 -> 4
      #2(T2): 4 -> 0+4 -> 4
    #2(T1): 2 -> 0+2 -> 2
    #2(T2): 2 -> 0+2 -> 2
      #4(T1): 2 -> 0+2 -> 2
      #4(T2): 2 -> 1+2 -> 3
      #3(T1): 2 -> 2+2 -> 4
      #3(T2): 2 -> 1+2 -> 3
      #6(T1): 2 -> 2+2 -> 4
      #6(T2): 2 -> 2+2 -> 4
  #5(T2): 2 -> 2+2 -> 4
    #4(T1): 4 -> 0+4 -> 4
      #3(T1): 4 -> 2+4 -> 6
      #3(T2): 4 -> -1+4 -> 3
      #6(T1): 4 -> 2+4 -> 6
      #6(T2): 4 -> 0+4 -> 4
      #2(T1): 4 -> 2+4 -> 6
      #2(T2): 4 -> 0+4 -> 4
    #4(T2): 4 -> 3+4 -> 7
    #3(T1): 4 -> 0+4 -> 4
      #4(T1): 4 -> 2+4 -> 6
      #4(T2): 4 -> 3+4 -> 7
      #6(T1): 4 -> 0+4 -> 4
      #6(T2): 4 -> 0+4 -> 4
      #2(T1): 4 -> 0+4 -> 4
      #2(T2): 4 -> 0+4 -> 4
    #3(T2): 4 -> -1+4 -> 3
    #6(T1): 4 -> 0+4 -> 4
      #4(T1): 4 -> 2+4 -> 6
      #4(T2): 4 -> 3+4 -> 7
      #3(T1): 4 -> 0+4 -> 4
      #3(T2): 4 -> -1+4 -> 3
      #2(T1): 4 -> 0+4 -> 4
      #2(T2): 4 -> 0+4 -> 4
    #6(T2): 4 -> 0+4 -> 4
    #2(T1): 4 -> 0+4 -> 4
      #4(T1): 4 -> 2+4 -> 6
      #4(T2): 4 -> 3+4 -> 7
      #3(T1): 4 -> 0+4 -> 4
      #3(T2): 4 -> -1+4 -> 3
      #6(T1): 4 -> 0+4 -> 4
      #6(T2): 4 -> 0+4 -> 4
    #2(T2): 4 -> 0+4 -> 4
  #2(T1): 2 -> 0+2 -> 2
    #4(T1): 2 -> 2+2 -> 4
    #4(T2): 2 -> 3+2 -> 5
      #3(T1): 5 -> 0+5 -> 5
      #3(T2): 5 -> -1+5 -> 4
      #6(T1): 5 -> 0+5 -> 5
      #6(T2): 5 -> 0+5 -> 5
      #5(T1): 5 -> 0+5 -> 5
      #5(T2): 5 -> 2+5 -> 7
    #3(T1): 2 -> 0+2 -> 2
    #3(T2): 2 -> 1+2 -> 3
      #4(T1): 3 -> 2+3 -> 5
      #4(T2): 3 -> 1+3 -> 4
      #6(T1): 3 -> 0+3 -> 3
      #6(T2): 3 -> 2+3 -> 5
      #5(T1): 3 -> 0+3 -> 3
      #5(T2): 3 -> 0+3 -> 3
    #6(T1): 2 -> 0+2 -> 2
    #6(T2): 2 -> 2+2 -> 4
      #4(T1): 4 -> 2+4 -> 6
      #4(T2): 4 -> 1+4 -> 5
      #3(T1): 4 -> 0+4 -> 4
      #3(T2): 4 -> 1+4 -> 5
      #5(T1): 4 -> 0+4 -> 4
      #5(T2): 4 -> 0+4 -> 4
    #5(T1): 2 -> 0+2 -> 2
    #5(T2): 2 -> 2+2 -> 4
      #4(T1): 4 -> 2+4 -> 6
      #4(T2): 4 -> 3+4 -> 7
      #3(T1): 4 -> 0+4 -> 4
      #3(T2): 4 -> -1+4 -> 3
      #6(T1): 4 -> 0+4 -> 4
      #6(T2): 4 -> 0+4 -> 4
  #2(T2): 2 -> 0+2 -> 2
    #4(T1): 2 -> 0+2 -> 2
      #3(T1): 2 -> 2+2 -> 4
      #3(T2): 2 -> 1+2 -> 3
      #6(T1): 2 -> 2+2 -> 4
      #6(T2): 2 -> 2+2 -> 4
      #5(T1): 2 -> 0+2 -> 2
      #5(T2): 2 -> 2+2 -> 4
    #4(T2): 2 -> 1+2 -> 3
    #3(T1): 2 -> 0+2 -> 2
      #4(T1): 2 -> 2+2 -> 4
      #4(T2): 2 -> 1+2 -> 3
      #6(T1): 2 -> 0+2 -> 2
      #6(T2): 2 -> 2+2 -> 4
      #5(T1): 2 -> 2+2 -> 4
      #5(T2): 2 -> 2+2 -> 4
    #3(T2): 2 -> 1+2 -> 3
    #6(T1): 2 -> 0+2 -> 2
      #4(T1): 2 -> 2+2 -> 4
      #4(T2): 2 -> 1+2 -> 3
      #3(T1): 2 -> 0+2 -> 2
      #3(T2): 2 -> 1+2 -> 3
      #5(T1): 2 -> 2+2 -> 4
      #5(T2): 2 -> 2+2 -> 4
    #6(T2): 2 -> 2+2 -> 4
    #5(T1): 2 -> 0+2 -> 2
      #4(T1): 2 -> 0+2 -> 2
      #4(T2): 2 -> 1+2 -> 3
      #3(T1): 2 -> 2+2 -> 4
      #3(T2): 2 -> 1+2 -> 3
      #6(T1): 2 -> 2+2 -> 4
      #6(T2): 2 -> 2+2 -> 4
    #5(T2): 2 -> 2+2 -> 4Program ended in 23ms
7
