6 3
4 7
2 6
2 5
2 4
2 2
2 0
1 8
1 1

#1(T1): 0 -> 0
  #8(T1): 0 -> 2
    #5(T1): 2 -> 4
      #4(T2): 4 -> 10
        #2(T2): 10 -> 9
        #2(T3): 10 -> 10
        #3(T2): 10 -> 10 --> STOP.
        #3(T3): 10 -> 10
          #6(T2): 10 -> 10
          #6(T3): 10 -> 10
        #6(T2): 10 -> 10 --> STOP.
        #6(T3): 10 -> 10
          #3(T2): 10 -> 10
          #3(T3): 10 -> 10
        #7(T2): 10 -> 10
        #7(T3): 10 -> 10
      #4(T3): 4 -> 4 Pruning for #2 4 4 Pruning for #3 4 4 Pruning for #6 4 4 Pruning for #7 4 4
    #5(T2): 2 -> 4
      #4(T1): 4 -> 6 Pruning for #2 2 6 Pruning for #3 2 6 Pruning for #6 2 6 Pruning for #7 2 6
      #4(T2): 4 -> 8
        #2(T1): 8 -> 8
        #2(T3): 8 -> 8
        #3(T1): 8 -> 8 --> STOP.
        #3(T3): 8 -> 8
          #6(T1): 8 -> 8
          #6(T3): 8 -> 8
        #6(T1): 8 -> 8 --> STOP.
        #6(T3): 8 -> 8
          #3(T1): 8 -> 8
          #3(T3): 8 -> 8
        #7(T1): 8 -> 10
        #7(T3): 8 -> 8
      #4(T3): 4 -> 4 Pruning for #2 6 4 Pruning for #3 6 4 Pruning for #6 6 4 Pruning for #7 6 4
    #5(T3): 2 -> 2
      #4(T1): 2 -> 4 Pruning for #2 4 4 Pruning for #3 4 4 Pruning for #6 4 4 Pruning for #7 4 4
      #4(T2): 2 -> 8
        #2(T1): 8 -> 8
        #2(T2): 8 -> 7
        #2(T3): 8 -> 8
        #3(T1): 8 -> 8 Pruning for #6 2 8
        #3(T2): 8 -> 8
          #6(T1): 8 -> 8
          #6(T3): 8 -> 8
        #3(T3): 8 -> 8
          #6(T1): 8 -> 8
          #6(T2): 8 -> 8
          #6(T3): 8 -> 8
        #6(T1): 8 -> 8 Pruning for #3 2 8
        #6(T2): 8 -> 8
          #3(T1): 8 -> 8
          #3(T3): 8 -> 8
        #6(T3): 8 -> 8
          #3(T1): 8 -> 8
          #3(T2): 8 -> 8
          #3(T3): 8 -> 8
        #7(T1): 8 -> 10
        #7(T2): 8 -> 8
        #7(T3): 8 -> 8
      #4(T3): 2 -> 2 Pruning for #2 8 2 Pruning for #3 8 2 Pruning for #6 8 2 Pruning for #7 8 2
    #7(T1): 2 -> 4
      #4(T2): 4 -> 10
        #2(T2): 10 -> 9
        #2(T3): 10 -> 10
        #3(T2): 10 -> 10 --> STOP.
        #3(T3): 10 -> 10
          #6(T2): 10 -> 10
          #6(T3): 10 -> 10
        #5(T2): 10 -> 10
        #5(T3): 10 -> 10
        #6(T2): 10 -> 10 --> STOP.
        #6(T3): 10 -> 10
          #3(T2): 10 -> 10
          #3(T3): 10 -> 10
      #4(T3): 4 -> 4 Pruning for #2 4 4 Pruning for #3 4 4 Pruning for #5 4 4 Pruning for #6 4 4
    #7(T2): 2 -> 4
      #4(T1): 4 -> 6 Pruning for #2 2 6 Pruning for #3 2 6 Pruning for #5 2 6 Pruning for #6 2 6
      #4(T2): 4 -> 8
        #2(T1): 8 -> 8
        #2(T3): 8 -> 8
        #3(T1): 8 -> 8 --> STOP.
        #3(T3): 8 -> 8
          #6(T1): 8 -> 8
          #6(T3): 8 -> 8
        #5(T1): 8 -> 10
        #5(T3): 8 -> 8
        #6(T1): 8 -> 8 --> STOP.
        #6(T3): 8 -> 8
          #3(T1): 8 -> 8
          #3(T3): 8 -> 8
      #4(T3): 4 -> 4 Pruning for #2 6 4 Pruning for #3 6 4 Pruning for #5 6 4 Pruning for #6 6 4
    #7(T3): 2 -> 2
      #4(T1): 2 -> 4 Pruning for #2 4 4 Pruning for #3 4 4 Pruning for #5 4 4 Pruning for #6 4 4
      #4(T2): 2 -> 8
        #2(T1): 8 -> 8
        #2(T2): 8 -> 7
        #2(T3): 8 -> 8
        #3(T1): 8 -> 8 Pruning for #6 2 8
        #3(T2): 8 -> 8
          #6(T1): 8 -> 8
          #6(T3): 8 -> 8
        #3(T3): 8 -> 8
          #6(T1): 8 -> 8
          #6(T2): 8 -> 8
          #6(T3): 8 -> 8
        #5(T1): 8 -> 10
        #5(T2): 8 -> 8
        #5(T3): 8 -> 8
        #6(T1): 8 -> 8 Pruning for #3 2 8
        #6(T2): 8 -> 8
          #3(T1): 8 -> 8
          #3(T3): 8 -> 8
        #6(T3): 8 -> 8
          #3(T1): 8 -> 8
          #3(T2): 8 -> 8
          #3(T3): 8 -> 8
      #4(T3): 2 -> 2 Pruning for #2 8 2 Pruning for #3 8 2 Pruning for #5 8 2 Pruning for #6 8 2
    #9(T1): 2 -> 4
    #9(T2): 2 -> 3
    #9(T3): 2 -> 2
  #8(T2): 0 -> 4
    #5(T1): 4 -> 4
      #4(T1): 4 -> 8 Pruning for #2 2 8 Pruning for #3 2 8 Pruning for #6 2 8 Pruning for #7 2 8
      #4(T2): 4 -> 10
        #2(T1): 10 -> 10
        #2(T3): 10 -> 10
        #3(T1): 10 -> 10 --> STOP.
        #3(T3): 10 -> 10
          #6(T1): 10 -> 10
          #6(T3): 10 -> 10
        #6(T1): 10 -> 10 --> STOP.
        #6(T3): 10 -> 10
          #3(T1): 10 -> 10
          #3(T3): 10 -> 10
        #7(T1): 10 -> 10
        #7(T3): 10 -> 10
      #4(T3): 4 -> 4 Pruning for #2 6 4 Pruning for #3 6 4 Pruning for #6 6 4 Pruning for #7 6 4
    #5(T2): 4 -> 4
      #4(T1): 4 -> 6 Pruning for #2 4 6 Pruning for #3 4 6 Pruning for #6 4 6 Pruning for #7 4 6
      #4(T3): 4 -> 4
        #2(T1): 4 -> 4
        #2(T3): 4 -> 4
        #3(T1): 4 -> 4 Pruning for #6 4 4
        #3(T3): 4 -> 4
          #6(T1): 4 -> 4
          #6(T3): 4 -> 4
        #6(T1): 4 -> 4 Pruning for #3 4 4
        #6(T3): 4 -> 4
          #3(T1): 4 -> 4
          #3(T3): 4 -> 4
        #7(T1): 4 -> 4
        #7(T3): 4 -> 4
    #5(T3): 4 -> 4
      #4(T1): 4 -> 6
        #2(T1): 6 -> 8
        #2(T2): 6 -> 7
        #2(T3): 6 -> 6
        #3(T1): 6 -> 8 Pruning for #6 2 8
        #3(T2): 6 -> 8
          #6(T1): 8 -> 10
          #6(T3): 8 -> 8
        #3(T3): 6 -> 6
          #6(T1): 6 -> 8
          #6(T2): 6 -> 8
          #6(T3): 6 -> 6
        #6(T1): 6 -> 8 Pruning for #3 2 8
        #6(T2): 6 -> 8
          #3(T1): 8 -> 10
          #3(T3): 8 -> 8
        #6(T3): 6 -> 6
          #3(T1): 6 -> 8
          #3(T2): 6 -> 8
          #3(T3): 6 -> 6
        #7(T1): 6 -> 8
        #7(T2): 6 -> 6
        #7(T3): 6 -> 6
      #4(T2): 4 -> 10
        #2(T1): 10 -> 10
        #2(T3): 10 -> 10
        #3(T1): 10 -> 10
          #6(T1): 10 -> 12
          #6(T3): 10 -> 10
        #3(T3): 10 -> 10
          #6(T1): 10 -> 10
          #6(T3): 10 -> 10
        #6(T1): 10 -> 10
          #3(T1): 10 -> 12
          #3(T3): 10 -> 10
        #6(T3): 10 -> 10
          #3(T1): 10 -> 10
          #3(T3): 10 -> 10
        #7(T1): 10 -> 10
        #7(T3): 10 -> 10
      #4(T3): 4 -> 4
        #2(T1): 4 -> 4
        #2(T2): 4 -> 5
        #2(T3): 4 -> 4
        #3(T1): 4 -> 4 Pruning for #6 6 4
        #3(T2): 4 -> 6
          #6(T1): 6 -> 6
          #6(T3): 6 -> 6
        #3(T3): 4 -> 4
          #6(T1): 4 -> 4
          #6(T2): 4 -> 6
          #6(T3): 4 -> 4
        #6(T1): 4 -> 4 Pruning for #3 6 4
        #6(T2): 4 -> 6
          #3(T1): 6 -> 6
          #3(T3): 6 -> 6
        #6(T3): 4 -> 4
          #3(T1): 4 -> 4
          #3(T2): 4 -> 6
          #3(T3): 4 -> 4
        #7(T1): 4 -> 4
        #7(T2): 4 -> 4
        #7(T3): 4 -> 4
    #7(T1): 4 -> 4
      #4(T1): 4 -> 8 Pruning for #2 2 8 Pruning for #3 2 8 Pruning for #5 2 8 Pruning for #6 2 8
      #4(T2): 4 -> 10
        #2(T1): 10 -> 10
        #2(T3): 10 -> 10
        #3(T1): 10 -> 10 --> STOP.
        #3(T3): 10 -> 10
          #6(T1): 10 -> 10
          #6(T3): 10 -> 10
        #5(T1): 10 -> 10
        #5(T3): 10 -> 10
        #6(T1): 10 -> 10 --> STOP.
        #6(T3): 10 -> 10
          #3(T1): 10 -> 10
          #3(T3): 10 -> 10
      #4(T3): 4 -> 4 Pruning for #2 6 4 Pruning for #3 6 4 Pruning for #5 6 4 Pruning for #6 6 4
    #7(T2): 4 -> 4
      #4(T1): 4 -> 6 Pruning for #2 4 6 Pruning for #3 4 6 Pruning for #5 4 6 Pruning for #6 4 6
      #4(T3): 4 -> 4 Pruning for #2 8 4 Pruning for #3 8 4 Pruning for #5 8 4 Pruning for #6 8 4
    #7(T3): 4 -> 4
      #4(T1): 4 -> 6 Pruning for #2 6 6 Pruning for #3 6 6 Pruning for #5 6 6 Pruning for #6 6 6
      #4(T2): 4 -> 10
        #2(T1): 10 -> 10
        #2(T3): 10 -> 10
        #3(T1): 10 -> 10
          #6(T1): 10 -> 12
          #6(T3): 10 -> 10
        #3(T3): 10 -> 10
          #6(T1): 10 -> 10
          #6(T3): 10 -> 10
        #5(T1): 10 -> 10
        #5(T3): 10 -> 10
        #6(T1): 10 -> 10
          #3(T1): 10 -> 12
          #3(T3): 10 -> 10
        #6(T3): 10 -> 10
          #3(T1): 10 -> 10
          #3(T3): 10 -> 10
      #4(T3): 4 -> 4
        #2(T1): 4 -> 4
        #2(T2): 4 -> 5
        #2(T3): 4 -> 4
        #3(T1): 4 -> 4 Pruning for #6 6 4
        #3(T2): 4 -> 6
          #6(T1): 6 -> 6
          #6(T3): 6 -> 6
        #3(T3): 4 -> 4
          #6(T1): 4 -> 4
          #6(T2): 4 -> 6
          #6(T3): 4 -> 4
        #5(T1): 4 -> 4
        #5(T2): 4 -> 4
        #5(T3): 4 -> 4
        #6(T1): 4 -> 4 Pruning for #3 6 4
        #6(T2): 4 -> 6
          #3(T1): 6 -> 6
          #3(T3): 6 -> 6
        #6(T3): 4 -> 4
          #3(T1): 4 -> 4
          #3(T2): 4 -> 6
          #3(T3): 4 -> 4
    #9(T1): 4 -> 4
    #9(T2): 4 -> 3
    #9(T3): 4 -> 4
  #8(T3): 0 -> 0
    #5(T1): 0 -> 0
      #4(T1): 0 -> 4 Pruning for #2 4 4 Pruning for #3 4 4 Pruning for #6 4 4 Pruning for #7 4 4
      #4(T2): 0 -> 6 Pruning for #2 6 6 Pruning for #3 6 6 Pruning for #6 6 6 Pruning for #7 6 6
      #4(T3): 0 -> 0 Pruning for #2 8 0 Pruning for #3 8 0 Pruning for #6 8 0 Pruning for #7 8 0
    #5(T2): 0 -> 2
      #4(T1): 2 -> 4 Pruning for #2 6 4 Pruning for #3 6 4 Pruning for #6 6 4 Pruning for #7 6 4
      #4(T2): 2 -> 6
        #2(T1): 6 -> 6
        #2(T3): 6 -> 6
        #3(T1): 6 -> 6 Pruning for #6 4 6
        #3(T3): 6 -> 6
          #6(T1): 6 -> 6
          #6(T3): 6 -> 6
        #6(T1): 6 -> 6 Pruning for #3 4 6
        #6(T3): 6 -> 6
          #3(T1): 6 -> 6
          #3(T3): 6 -> 6
        #7(T1): 6 -> 6
        #7(T3): 6 -> 6
      #4(T3): 2 -> 2 Pruning for #2 10 2 Pruning for #3 10 2 Pruning for #6 10 2 Pruning for #7 10 2
    #5(T3): 0 -> 0
      #4(T1): 0 -> 2 Pruning for #2 8 2 Pruning for #3 8 2 Pruning for #6 8 2 Pruning for #7 8 2
      #4(T2): 0 -> 6
        #2(T1): 6 -> 6
        #2(T2): 6 -> 5
        #2(T3): 6 -> 6
        #3(T1): 6 -> 6 Pruning for #6 6 6
        #3(T2): 6 -> 6
          #6(T1): 6 -> 6
          #6(T3): 6 -> 6
        #3(T3): 6 -> 6
          #6(T1): 6 -> 6
          #6(T2): 6 -> 6
          #6(T3): 6 -> 6
        #6(T1): 6 -> 6 Pruning for #3 6 6
        #6(T2): 6 -> 6
          #3(T1): 6 -> 6
          #3(T3): 6 -> 6
        #6(T3): 6 -> 6
          #3(T1): 6 -> 6
          #3(T2): 6 -> 6
          #3(T3): 6 -> 6
        #7(T1): 6 -> 6
        #7(T2): 6 -> 6
        #7(T3): 6 -> 6
      #4(T3): 0 -> 0 Pruning for #2 11 0 Pruning for #3 11 0 Pruning for #6 11 0 Pruning for #7 11 0
    #7(T1): 0 -> 0
      #4(T1): 0 -> 4 Pruning for #2 4 4 Pruning for #3 4 4 Pruning for #5 4 4 Pruning for #6 4 4
      #4(T2): 0 -> 6 Pruning for #2 6 6 Pruning for #3 6 6 Pruning for #5 6 6 Pruning for #6 6 6
      #4(T3): 0 -> 0 Pruning for #2 8 0 Pruning for #3 8 0 Pruning for #5 8 0 Pruning for #6 8 0
    #7(T2): 0 -> 2
      #4(T1): 2 -> 4 Pruning for #2 6 4 Pruning for #3 6 4 Pruning for #5 6 4 Pruning for #6 6 4
      #4(T2): 2 -> 6
        #2(T1): 6 -> 6
        #2(T3): 6 -> 6
        #3(T1): 6 -> 6 Pruning for #6 4 6
        #3(T3): 6 -> 6
          #6(T1): 6 -> 6
          #6(T3): 6 -> 6
        #5(T1): 6 -> 6
        #5(T3): 6 -> 6
        #6(T1): 6 -> 6 Pruning for #3 4 6
        #6(T3): 6 -> 6
          #3(T1): 6 -> 6
          #3(T3): 6 -> 6
      #4(T3): 2 -> 2 Pruning for #2 10 2 Pruning for #3 10 2 Pruning for #5 10 2 Pruning for #6 10 2
    #7(T3): 0 -> 0
      #4(T1): 0 -> 2 Pruning for #2 8 2 Pruning for #3 8 2 Pruning for #5 8 2 Pruning for #6 8 2
      #4(T2): 0 -> 6
        #2(T1): 6 -> 6
        #2(T2): 6 -> 5
        #2(T3): 6 -> 6
        #3(T1): 6 -> 6 Pruning for #6 6 6
        #3(T2): 6 -> 6
          #6(T1): 6 -> 6
          #6(T3): 6 -> 6
        #3(T3): 6 -> 6
          #6(T1): 6 -> 6
          #6(T2): 6 -> 6
          #6(T3): 6 -> 6
        #5(T1): 6 -> 6
        #5(T2): 6 -> 6
        #5(T3): 6 -> 6
        #6(T1): 6 -> 6 Pruning for #3 6 6
        #6(T2): 6 -> 6
          #3(T1): 6 -> 6
          #3(T3): 6 -> 6
        #6(T3): 6 -> 6
          #3(T1): 6 -> 6
          #3(T2): 6 -> 6
          #3(T3): 6 -> 6
      #4(T3): 0 -> 0 Pruning for #2 11 0 Pruning for #3 11 0 Pruning for #5 11 0 Pruning for #6 11 0
    #9(T1): 0 -> 0
    #9(T2): 0 -> 1
    #9(T3): 0 -> 0
  #4(T1): 0 -> 2
    #2(T1): 2 -> 4
    #2(T2): 2 -> 3
    #2(T3): 2 -> 2
    #3(T1): 2 -> 4 Pruning for #6 6 4
    #3(T2): 2 -> 4
      #6(T1): 4 -> 6
      #6(T2): 4 -> 4
      #6(T3): 4 -> 4
    #3(T3): 2 -> 2
      #6(T1): 2 -> 4
      #6(T2): 2 -> 4
      #6(T3): 2 -> 2
    #5(T1): 2 -> 4 Pruning for #8 6 4
    #5(T2): 2 -> 4
      #8(T1): 4 -> 6 Pruning for #7 2 6 Pruning for #9 2 6
      #8(T2): 4 -> 6 Pruning for #7 4 6 Pruning for #9 4 6
      #8(T3): 4 -> 4 Pruning for #7 6 4 Pruning for #9 6 4
    #5(T3): 2 -> 2
      #8(T1): 2 -> 4 Pruning for #7 4 4 Pruning for #9 4 4
      #8(T2): 2 -> 6 Pruning for #7 6 6 Pruning for #9 6 6
      #8(T3): 2 -> 2 Pruning for #7 8 2 Pruning for #9 8 2
    #6(T1): 2 -> 4 Pruning for #3 6 4
    #6(T2): 2 -> 4
      #3(T1): 4 -> 6
      #3(T2): 4 -> 4
      #3(T3): 4 -> 4
    #6(T3): 2 -> 2
      #3(T1): 2 -> 4
      #3(T2): 2 -> 4
      #3(T3): 2 -> 2
    #7(T1): 2 -> 4 Pruning for #8 6 4
    #7(T2): 2 -> 4
      #8(T1): 4 -> 6 Pruning for #5 2 6 Pruning for #9 2 6
      #8(T2): 4 -> 6 Pruning for #5 4 6 Pruning for #9 4 6
      #8(T3): 4 -> 4 Pruning for #5 6 4 Pruning for #9 6 4
    #7(T3): 2 -> 2
      #8(T1): 2 -> 4 Pruning for #5 4 4 Pruning for #9 4 4
      #8(T2): 2 -> 6 Pruning for #5 6 6 Pruning for #9 6 6
      #8(T3): 2 -> 2 Pruning for #5 8 2 Pruning for #9 8 2
  #4(T2): 0 -> 6
    #2(T1): 6 -> 6
    #2(T2): 6 -> 5
    #2(T3): 6 -> 6
    #3(T1): 6 -> 6
      #6(T1): 6 -> 8
      #6(T2): 6 -> 6
      #6(T3): 6 -> 6
    #3(T2): 6 -> 6
      #6(T1): 6 -> 6
      #6(T3): 6 -> 6
    #3(T3): 6 -> 6
      #6(T1): 6 -> 6
      #6(T2): 6 -> 6
      #6(T3): 6 -> 6
    #5(T1): 6 -> 6
      #8(T1): 6 -> 10 Pruning for #7 2 10 Pruning for #9 2 10
      #8(T2): 6 -> 10
        #7(T1): 10 -> 10
        #7(T3): 10 -> 10
        #9(T1): 10 -> 10
        #9(T3): 10 -> 10
      #8(T3): 6 -> 6 Pruning for #7 6 6 Pruning for #9 6 6
    #5(T2): 6 -> 6
      #8(T1): 6 -> 8 Pruning for #7 4 8 Pruning for #9 4 8
      #8(T3): 6 -> 6
        #7(T1): 6 -> 6
        #7(T3): 6 -> 6
        #9(T1): 6 -> 6
        #9(T3): 6 -> 6
    #5(T3): 6 -> 6
      #8(T1): 6 -> 8
        #7(T1): 8 -> 10
        #7(T2): 8 -> 8
        #7(T3): 8 -> 8
        #9(T1): 8 -> 10
        #9(T2): 8 -> 9
        #9(T3): 8 -> 8
      #8(T2): 6 -> 10
        #7(T1): 10 -> 10
        #7(T3): 10 -> 10
        #9(T1): 10 -> 10
        #9(T3): 10 -> 10
      #8(T3): 6 -> 6
        #7(T1): 6 -> 6
        #7(T2): 6 -> 6
        #7(T3): 6 -> 6
        #9(T1): 6 -> 6
        #9(T2): 6 -> 7
        #9(T3): 6 -> 6
    #6(T1): 6 -> 6
      #3(T1): 6 -> 8
      #3(T2): 6 -> 6
      #3(T3): 6 -> 6
    #6(T2): 6 -> 6
      #3(T1): 6 -> 6
      #3(T3): 6 -> 6
    #6(T3): 6 -> 6
      #3(T1): 6 -> 6
      #3(T2): 6 -> 6
      #3(T3): 6 -> 6
    #7(T1): 6 -> 6
      #8(T1): 6 -> 10 Pruning for #5 2 10 Pruning for #9 2 10
      #8(T2): 6 -> 10
        #5(T1): 10 -> 10
        #5(T3): 10 -> 10
        #9(T1): 10 -> 10
        #9(T3): 10 -> 10
      #8(T3): 6 -> 6 Pruning for #5 6 6 Pruning for #9 6 6
    #7(T2): 6 -> 6
      #8(T1): 6 -> 8 Pruning for #5 4 8 Pruning for #9 4 8
      #8(T3): 6 -> 6
        #5(T1): 6 -> 6
        #5(T3): 6 -> 6
        #9(T1): 6 -> 6
        #9(T3): 6 -> 6
    #7(T3): 6 -> 6
      #8(T1): 6 -> 8
        #5(T1): 8 -> 10
        #5(T2): 8 -> 8
        #5(T3): 8 -> 8
        #9(T1): 8 -> 10
        #9(T2): 8 -> 9
        #9(T3): 8 -> 8
      #8(T2): 6 -> 10
        #5(T1): 10 -> 10
        #5(T3): 10 -> 10
        #9(T1): 10 -> 10
        #9(T3): 10 -> 10
      #8(T3): 6 -> 6
        #5(T1): 6 -> 6
        #5(T2): 6 -> 6
        #5(T3): 6 -> 6
        #9(T1): 6 -> 6
        #9(T2): 6 -> 7
        #9(T3): 6 -> 6
  #4(T3): 0 -> 0
    #2(T1): 0 -> 0
    #2(T2): 0 -> 1
    #2(T3): 0 -> 0
    #3(T1): 0 -> 0 Pruning for #6 12 0
    #3(T2): 0 -> 2
      #6(T1): 2 -> 2
      #6(T2): 2 -> 2
      #6(T3): 2 -> 2
    #3(T3): 0 -> 0
      #6(T1): 0 -> 0
      #6(T2): 0 -> 2
      #6(T3): 0 -> 0
    #5(T1): 0 -> 0 Pruning for #8 12 0
    #5(T2): 0 -> 2
      #8(T1): 2 -> 4 Pruning for #7 6 4 Pruning for #9 6 4
      #8(T2): 2 -> 4 Pruning for #7 8 4 Pruning for #9 8 4
      #8(T3): 2 -> 2 Pruning for #7 10 2 Pruning for #9 10 2
    #5(T3): 0 -> 0
      #8(T1): 0 -> 2 Pruning for #7 8 2 Pruning for #9 8 2
      #8(T2): 0 -> 4
        #7(T1): 4 -> 4
        #7(T2): 4 -> 4
        #7(T3): 4 -> 4
        #9(T1): 4 -> 4
        #9(T2): 4 -> 3
        #9(T3): 4 -> 4
      #8(T3): 0 -> 0 Pruning for #7 11 0 Pruning for #9 11 0
    #6(T1): 0 -> 0 Pruning for #3 12 0
    #6(T2): 0 -> 2
      #3(T1): 2 -> 2
      #3(T2): 2 -> 2
      #3(T3): 2 -> 2
    #6(T3): 0 -> 0
      #3(T1): 0 -> 0
      #3(T2): 0 -> 2
      #3(T3): 0 -> 0
    #7(T1): 0 -> 0 Pruning for #8 12 0
    #7(T2): 0 -> 2
      #8(T1): 2 -> 4 Pruning for #5 6 4 Pruning for #9 6 4
      #8(T2): 2 -> 4 Pruning for #5 8 4 Pruning for #9 8 4
      #8(T3): 2 -> 2 Pruning for #5 10 2 Pruning for #9 10 2
    #7(T3): 0 -> 0
      #8(T1): 0 -> 2 Pruning for #5 8 2 Pruning for #9 8 2
      #8(T2): 0 -> 4
        #5(T1): 4 -> 4
        #5(T2): 4 -> 4
        #5(T3): 4 -> 4
        #9(T1): 4 -> 4
        #9(T2): 4 -> 3
        #9(T3): 4 -> 4
      #8(T3): 0 -> 0 Pruning for #5 11 0 Pruning for #9 11 0
#1(T2): 0 -> 2
  #8(T1): 2 -> 2
    #5(T1): 2 -> 4
      #4(T1): 4 -> 6 Pruning for #2 2 6 Pruning for #3 2 6 Pruning for #6 2 6 Pruning for #7 2 6
      #4(T2): 4 -> 8 Pruning for #2 4 8 Pruning for #3 4 8 Pruning for #6 4 8 Pruning for #7 4 8
      #4(T3): 4 -> 4 Pruning for #2 6 4 Pruning for #3 6 4 Pruning for #6 6 4 Pruning for #7 6 4
    #5(T2): 2 -> 4
      #4(T1): 4 -> 4 Pruning for #2 4 4 Pruning for #3 4 4 Pruning for #6 4 4 Pruning for #7 4 4
      #4(T3): 4 -> 4 Pruning for #2 8 4 Pruning for #3 8 4 Pruning for #6 8 4 Pruning for #7 8 4
    #5(T3): 2 -> 2
      #4(T1): 2 -> 2 Pruning for #2 6 2 Pruning for #3 6 2 Pruning for #6 6 2 Pruning for #7 6 2
      #4(T2): 2 -> 6
        #2(T1): 6 -> 6
        #2(T3): 6 -> 6
        #3(T1): 6 -> 6 Pruning for #6 4 6
        #3(T3): 6 -> 6
          #6(T1): 6 -> 6
          #6(T3): 6 -> 6
        #6(T1): 6 -> 6 Pruning for #3 4 6
        #6(T3): 6 -> 6
          #3(T1): 6 -> 6
          #3(T3): 6 -> 6
        #7(T1): 6 -> 8
        #7(T3): 6 -> 6
      #4(T3): 2 -> 2 Pruning for #2 10 2 Pruning for #3 10 2 Pruning for #6 10 2 Pruning for #7 10 2
    #7(T1): 2 -> 4
      #4(T1): 4 -> 6 Pruning for #2 2 6 Pruning for #3 2 6 Pruning for #5 2 6 Pruning for #6 2 6
      #4(T2): 4 -> 8 Pruning for #2 4 8 Pruning for #3 4 8 Pruning for #5 4 8 Pruning for #6 4 8
      #4(T3): 4 -> 4 Pruning for #2 6 4 Pruning for #3 6 4 Pruning for #5 6 4 Pruning for #6 6 4
    #7(T2): 2 -> 4
      #4(T1): 4 -> 4 Pruning for #2 4 4 Pruning for #3 4 4 Pruning for #5 4 4 Pruning for #6 4 4
      #4(T3): 4 -> 4 Pruning for #2 8 4 Pruning for #3 8 4 Pruning for #5 8 4 Pruning for #6 8 4
    #7(T3): 2 -> 2
      #4(T1): 2 -> 2 Pruning for #2 6 2 Pruning for #3 6 2 Pruning for #5 6 2 Pruning for #6 6 2
      #4(T2): 2 -> 6
        #2(T1): 6 -> 6
        #2(T3): 6 -> 6
        #3(T1): 6 -> 6 Pruning for #6 4 6
        #3(T3): 6 -> 6
          #6(T1): 6 -> 6
          #6(T3): 6 -> 6
        #5(T1): 6 -> 8
        #5(T3): 6 -> 6
        #6(T1): 6 -> 6 Pruning for #3 4 6
        #6(T3): 6 -> 6
          #3(T1): 6 -> 6
          #3(T3): 6 -> 6
      #4(T3): 2 -> 2 Pruning for #2 10 2 Pruning for #3 10 2 Pruning for #5 10 2 Pruning for #6 10 2
    #9(T1): 2 -> 4
    #9(T2): 2 -> 3
    #9(T3): 2 -> 2
  #8(T2): 2 -> 4
    #5(T1): 4 -> 4
      #4(T1): 4 -> 6 Pruning for #2 4 6 Pruning for #3 4 6 Pruning for #6 4 6 Pruning for #7 4 6
      #4(T3): 4 -> 4 Pruning for #2 8 4 Pruning for #3 8 4 Pruning for #6 8 4 Pruning for #7 8 4
    #5(T3): 4 -> 4
      #4(T1): 4 -> 4 Pruning for #2 8 4 Pruning for #3 8 4 Pruning for #6 8 4 Pruning for #7 8 4
      #4(T3): 4 -> 4
        #2(T1): 4 -> 4
        #2(T3): 4 -> 4
        #3(T1): 4 -> 4 Pruning for #6 8 4
        #3(T3): 4 -> 4
          #6(T1): 4 -> 4
          #6(T3): 4 -> 4
        #6(T1): 4 -> 4 Pruning for #3 8 4
        #6(T3): 4 -> 4
          #3(T1): 4 -> 4
          #3(T3): 4 -> 4
        #7(T1): 4 -> 4
        #7(T3): 4 -> 4
    #7(T1): 4 -> 4
      #4(T1): 4 -> 6 Pruning for #2 4 6 Pruning for #3 4 6 Pruning for #5 4 6 Pruning for #6 4 6
      #4(T3): 4 -> 4 Pruning for #2 8 4 Pruning for #3 8 4 Pruning for #5 8 4 Pruning for #6 8 4
    #7(T3): 4 -> 4
      #4(T1): 4 -> 4 Pruning for #2 8 4 Pruning for #3 8 4 Pruning for #5 8 4 Pruning for #6 8 4
      #4(T3): 4 -> 4
        #2(T1): 4 -> 4
        #2(T3): 4 -> 4
        #3(T1): 4 -> 4 Pruning for #6 8 4
        #3(T3): 4 -> 4
          #6(T1): 4 -> 4
          #6(T3): 4 -> 4
        #5(T1): 4 -> 4
        #5(T3): 4 -> 4
        #6(T1): 4 -> 4 Pruning for #3 8 4
        #6(T3): 4 -> 4
          #3(T1): 4 -> 4
          #3(T3): 4 -> 4
    #9(T1): 4 -> 4
    #9(T3): 4 -> 4
  #8(T3): 2 -> 2
    #5(T1): 2 -> 2
      #4(T1): 2 -> 4 Pruning for #2 6 4 Pruning for #3 6 4 Pruning for #6 6 4 Pruning for #7 6 4
      #4(T2): 2 -> 6
        #2(T1): 6 -> 6
        #2(T3): 6 -> 6
        #3(T1): 6 -> 6 Pruning for #6 4 6
        #3(T3): 6 -> 6
          #6(T1): 6 -> 6
          #6(T3): 6 -> 6
        #6(T1): 6 -> 6 Pruning for #3 4 6
        #6(T3): 6 -> 6
          #3(T1): 6 -> 6
          #3(T3): 6 -> 6
        #7(T1): 6 -> 6
        #7(T3): 6 -> 6
      #4(T3): 2 -> 2 Pruning for #2 10 2 Pruning for #3 10 2 Pruning for #6 10 2 Pruning for #7 10 2
    #5(T2): 2 -> 4
      #4(T1): 4 -> 4 Pruning for #2 8 4 Pruning for #3 8 4 Pruning for #6 8 4 Pruning for #7 8 4
      #4(T3): 4 -> 4
        #2(T1): 4 -> 4
        #2(T3): 4 -> 4
        #3(T1): 4 -> 4 Pruning for #6 8 4
        #3(T3): 4 -> 4
          #6(T1): 4 -> 4
          #6(T3): 4 -> 4
        #6(T1): 4 -> 4 Pruning for #3 8 4
        #6(T3): 4 -> 4
          #3(T1): 4 -> 4
          #3(T3): 4 -> 4
        #7(T1): 4 -> 4
        #7(T3): 4 -> 4
    #5(T3): 2 -> 2
      #4(T1): 2 -> 2 Pruning for #2 10 2 Pruning for #3 10 2 Pruning for #6 10 2 Pruning for #7 10 2
      #4(T2): 2 -> 6
        #2(T1): 6 -> 6
        #2(T3): 6 -> 6
        #3(T1): 6 -> 6
          #6(T1): 6 -> 8
          #6(T3): 6 -> 6
        #3(T3): 6 -> 6
          #6(T1): 6 -> 6
          #6(T3): 6 -> 6
        #6(T1): 6 -> 6
          #3(T1): 6 -> 8
          #3(T3): 6 -> 6
        #6(T3): 6 -> 6
          #3(T1): 6 -> 6
          #3(T3): 6 -> 6
        #7(T1): 6 -> 6
        #7(T3): 6 -> 6
      #4(T3): 2 -> 2
        #2(T1): 2 -> 2
        #2(T2): 2 -> 3
        #2(T3): 2 -> 2
        #3(T1): 2 -> 2 Pruning for #6 9 2
        #3(T2): 2 -> 4
          #6(T1): 4 -> 4
          #6(T3): 4 -> 4
        #3(T3): 2 -> 2 Pruning for #6 0 2
        #6(T1): 2 -> 2 Pruning for #3 9 2
        #6(T2): 2 -> 4
          #3(T1): 4 -> 4
          #3(T3): 4 -> 4
        #6(T3): 2 -> 2 Pruning for #3 0 2
        #7(T1): 2 -> 2
        #7(T2): 2 -> 4
        #7(T3): 2 -> 2
    #7(T1): 2 -> 2
      #4(T1): 2 -> 4 Pruning for #2 6 4 Pruning for #3 6 4 Pruning for #5 6 4 Pruning for #6 6 4
      #4(T2): 2 -> 6
        #2(T1): 6 -> 6
        #2(T3): 6 -> 6
        #3(T1): 6 -> 6 Pruning for #6 4 6
        #3(T3): 6 -> 6
          #6(T1): 6 -> 6
          #6(T3): 6 -> 6
        #5(T1): 6 -> 6
        #5(T3): 6 -> 6
        #6(T1): 6 -> 6 Pruning for #3 4 6
        #6(T3): 6 -> 6
          #3(T1): 6 -> 6
          #3(T3): 6 -> 6
      #4(T3): 2 -> 2 Pruning for #2 10 2 Pruning for #3 10 2 Pruning for #5 10 2 Pruning for #6 10 2
    #7(T2): 2 -> 4
      #4(T1): 4 -> 4 Pruning for #2 8 4 Pruning for #3 8 4 Pruning for #5 8 4 Pruning for #6 8 4
      #4(T3): 4 -> 4
        #2(T1): 4 -> 4
        #2(T3): 4 -> 4
        #3(T1): 4 -> 4 Pruning for #6 8 4
        #3(T3): 4 -> 4
          #6(T1): 4 -> 4
          #6(T3): 4 -> 4
        #5(T1): 4 -> 4
        #5(T3): 4 -> 4
        #6(T1): 4 -> 4 Pruning for #3 8 4
        #6(T3): 4 -> 4
          #3(T1): 4 -> 4
          #3(T3): 4 -> 4
    #7(T3): 2 -> 2
      #4(T1): 2 -> 2 Pruning for #2 10 2 Pruning for #3 10 2 Pruning for #5 10 2 Pruning for #6 10 2
      #4(T2): 2 -> 6
        #2(T1): 6 -> 6
        #2(T3): 6 -> 6
        #3(T1): 6 -> 6
          #6(T1): 6 -> 8
          #6(T3): 6 -> 6
        #3(T3): 6 -> 6
          #6(T1): 6 -> 6
          #6(T3): 6 -> 6
        #5(T1): 6 -> 6
        #5(T3): 6 -> 6
        #6(T1): 6 -> 6
          #3(T1): 6 -> 8
          #3(T3): 6 -> 6
        #6(T3): 6 -> 6
          #3(T1): 6 -> 6
          #3(T3): 6 -> 6
      #4(T3): 2 -> 2
        #2(T1): 2 -> 2
        #2(T2): 2 -> 3
        #2(T3): 2 -> 2
        #3(T1): 2 -> 2 Pruning for #6 9 2
        #3(T2): 2 -> 4
          #6(T1): 4 -> 4
          #6(T3): 4 -> 4
        #3(T3): 2 -> 2 Pruning for #6 0 2
        #5(T1): 2 -> 2
        #5(T2): 2 -> 4
        #5(T3): 2 -> 2
        #6(T1): 2 -> 2 Pruning for #3 9 2
        #6(T2): 2 -> 4
          #3(T1): 4 -> 4
          #3(T3): 4 -> 4
        #6(T3): 2 -> 2 Pruning for #3 0 2
    #9(T1): 2 -> 2
    #9(T2): 2 -> 3
    #9(T3): 2 -> 2
  #4(T1): 2 -> 2
    #2(T1): 2 -> 4
    #2(T2): 2 -> 3
    #2(T3): 2 -> 2
    #3(T1): 2 -> 4
      #6(T1): 4 -> 8
      #6(T2): 4 -> 6
      #6(T3): 4 -> 4
    #3(T2): 2 -> 4
      #6(T1): 4 -> 6
      #6(T3): 4 -> 4
    #3(T3): 2 -> 2
      #6(T1): 2 -> 4
      #6(T2): 2 -> 4
      #6(T3): 2 -> 2
    #5(T1): 2 -> 4
      #8(T1): 4 -> 6 Pruning for #7 2 6 Pruning for #9 2 6
      #8(T2): 4 -> 6 Pruning for #7 4 6 Pruning for #9 4 6
      #8(T3): 4 -> 4 Pruning for #7 6 4 Pruning for #9 6 4
    #5(T2): 2 -> 4
      #8(T1): 4 -> 4 Pruning for #7 4 4 Pruning for #9 4 4
      #8(T3): 4 -> 4 Pruning for #7 8 4 Pruning for #9 8 4
    #5(T3): 2 -> 2
      #8(T1): 2 -> 2 Pruning for #7 6 2 Pruning for #9 6 2
      #8(T2): 2 -> 4 Pruning for #7 8 4 Pruning for #9 8 4
      #8(T3): 2 -> 2 Pruning for #7 10 2 Pruning for #9 10 2
    #6(T1): 2 -> 4
      #3(T1): 4 -> 8
      #3(T2): 4 -> 6
      #3(T3): 4 -> 4
    #6(T2): 2 -> 4
      #3(T1): 4 -> 6
      #3(T3): 4 -> 4
    #6(T3): 2 -> 2
      #3(T1): 2 -> 4
      #3(T2): 2 -> 4
      #3(T3): 2 -> 2
    #7(T1): 2 -> 4
      #8(T1): 4 -> 6 Pruning for #5 2 6 Pruning for #9 2 6
      #8(T2): 4 -> 6 Pruning for #5 4 6 Pruning for #9 4 6
      #8(T3): 4 -> 4 Pruning for #5 6 4 Pruning for #9 6 4
    #7(T2): 2 -> 4
      #8(T1): 4 -> 4 Pruning for #5 4 4 Pruning for #9 4 4
      #8(T3): 4 -> 4 Pruning for #5 8 4 Pruning for #9 8 4
    #7(T3): 2 -> 2
      #8(T1): 2 -> 2 Pruning for #5 6 2 Pruning for #9 6 2
      #8(T2): 2 -> 4 Pruning for #5 8 4 Pruning for #9 8 4
      #8(T3): 2 -> 2 Pruning for #5 10 2 Pruning for #9 10 2
  #4(T2): 2 -> 6
    #2(T1): 6 -> 6
    #2(T3): 6 -> 6
    #3(T1): 6 -> 6
      #6(T1): 6 -> 8
      #6(T3): 6 -> 6
    #3(T3): 6 -> 6
      #6(T1): 6 -> 6
      #6(T3): 6 -> 6
    #5(T1): 6 -> 6
      #8(T1): 6 -> 8 Pruning for #7 4 8 Pruning for #9 4 8
      #8(T3): 6 -> 6
        #7(T1): 6 -> 6
        #7(T3): 6 -> 6
        #9(T1): 6 -> 6
        #9(T3): 6 -> 6
    #5(T3): 6 -> 6
      #8(T1): 6 -> 6
        #7(T1): 6 -> 8
        #7(T3): 6 -> 6
        #9(T1): 6 -> 8
        #9(T3): 6 -> 6
      #8(T3): 6 -> 6
        #7(T1): 6 -> 6
        #7(T3): 6 -> 6
        #9(T1): 6 -> 6
        #9(T3): 6 -> 6
    #6(T1): 6 -> 6
      #3(T1): 6 -> 8
      #3(T3): 6 -> 6
    #6(T3): 6 -> 6
      #3(T1): 6 -> 6
      #3(T3): 6 -> 6
    #7(T1): 6 -> 6
      #8(T1): 6 -> 8 Pruning for #5 4 8 Pruning for #9 4 8
      #8(T3): 6 -> 6
        #5(T1): 6 -> 6
        #5(T3): 6 -> 6
        #9(T1): 6 -> 6
        #9(T3): 6 -> 6
    #7(T3): 6 -> 6
      #8(T1): 6 -> 6
        #5(T1): 6 -> 8
        #5(T3): 6 -> 6
        #9(T1): 6 -> 8
        #9(T3): 6 -> 6
      #8(T3): 6 -> 6
        #5(T1): 6 -> 6
        #5(T3): 6 -> 6
        #9(T1): 6 -> 6
        #9(T3): 6 -> 6
  #4(T3): 2 -> 2
    #2(T1): 2 -> 2
    #2(T2): 2 -> 3
    #2(T3): 2 -> 2
    #3(T1): 2 -> 2
      #6(T1): 2 -> 4
      #6(T2): 2 -> 4
      #6(T3): 2 -> 2
    #3(T2): 2 -> 4
      #6(T1): 4 -> 4
      #6(T3): 4 -> 4
    #3(T3): 2 -> 2
      #6(T1): 2 -> 2
      #6(T2): 2 -> 4
      #6(T3): 2 -> 2
    #5(T1): 2 -> 2
      #8(T1): 2 -> 4 Pruning for #7 6 4 Pruning for #9 6 4
      #8(T2): 2 -> 4 Pruning for #7 8 4 Pruning for #9 8 4
      #8(T3): 2 -> 2 Pruning for #7 10 2 Pruning for #9 10 2
    #5(T2): 2 -> 4
      #8(T1): 4 -> 4 Pruning for #7 8 4 Pruning for #9 8 4
      #8(T3): 4 -> 4
        #7(T1): 4 -> 4
        #7(T3): 4 -> 4
        #9(T1): 4 -> 4
        #9(T3): 4 -> 4
    #5(T3): 2 -> 2
      #8(T1): 2 -> 2 Pruning for #7 10 2 Pruning for #9 10 2
      #8(T2): 2 -> 4
        #7(T1): 4 -> 4
        #7(T3): 4 -> 4
        #9(T1): 4 -> 4
        #9(T3): 4 -> 4
      #8(T3): 2 -> 2
        #7(T1): 2 -> 2
        #7(T2): 2 -> 4
        #7(T3): 2 -> 2
        #9(T1): 2 -> 2
        #9(T2): 2 -> 3
        #9(T3): 2 -> 2
    #6(T1): 2 -> 2
      #3(T1): 2 -> 4
      #3(T2): 2 -> 4
      #3(T3): 2 -> 2
    #6(T2): 2 -> 4
      #3(T1): 4 -> 4
      #3(T3): 4 -> 4
    #6(T3): 2 -> 2
      #3(T1): 2 -> 2
      #3(T2): 2 -> 4
      #3(T3): 2 -> 2
    #7(T1): 2 -> 2
      #8(T1): 2 -> 4 Pruning for #5 6 4 Pruning for #9 6 4
      #8(T2): 2 -> 4 Pruning for #5 8 4 Pruning for #9 8 4
      #8(T3): 2 -> 2 Pruning for #5 10 2 Pruning for #9 10 2
    #7(T2): 2 -> 4
      #8(T1): 4 -> 4 Pruning for #5 8 4 Pruning for #9 8 4
      #8(T3): 4 -> 4
        #5(T1): 4 -> 4
        #5(T3): 4 -> 4
        #9(T1): 4 -> 4
        #9(T3): 4 -> 4
    #7(T3): 2 -> 2
      #8(T1): 2 -> 2 Pruning for #5 10 2 Pruning for #9 10 2
      #8(T2): 2 -> 4
        #5(T1): 4 -> 4
        #5(T3): 4 -> 4
        #9(T1): 4 -> 4
        #9(T3): 4 -> 4
      #8(T3): 2 -> 2
        #5(T1): 2 -> 2
        #5(T2): 2 -> 4
        #5(T3): 2 -> 2
        #9(T1): 2 -> 2
        #9(T2): 2 -> 3
        #9(T3): 2 -> 2
#1(T3): 0 -> 0
  #8(T1): 0 -> 0
    #5(T1): 0 -> 2
      #4(T1): 2 -> 4 Pruning for #2 4 4 Pruning for #3 4 4 Pruning for #6 4 4 Pruning for #7 4 4
      #4(T2): 2 -> 8
        #2(T1): 8 -> 8
        #2(T2): 8 -> 7
        #2(T3): 8 -> 8
        #3(T1): 8 -> 8 Pruning for #6 2 8
        #3(T2): 8 -> 8 Pruning for #6 4 8
        #3(T3): 8 -> 8
          #6(T1): 8 -> 8
          #6(T2): 8 -> 8
          #6(T3): 8 -> 8
        #6(T1): 8 -> 8 Pruning for #3 2 8
        #6(T2): 8 -> 8 Pruning for #3 4 8
        #6(T3): 8 -> 8
          #3(T1): 8 -> 8
          #3(T2): 8 -> 8
          #3(T3): 8 -> 8
        #7(T1): 8 -> 10
        #7(T2): 8 -> 8
        #7(T3): 8 -> 8
      #4(T3): 2 -> 2 Pruning for #2 8 2 Pruning for #3 8 2 Pruning for #6 8 2 Pruning for #7 8 2
    #5(T2): 0 -> 2
      #4(T1): 2 -> 2 Pruning for #2 6 2 Pruning for #3 6 2 Pruning for #6 6 2 Pruning for #7 6 2
      #4(T2): 2 -> 6
        #2(T1): 6 -> 6
        #2(T3): 6 -> 6
        #3(T1): 6 -> 6 Pruning for #6 4 6
        #3(T3): 6 -> 6
          #6(T1): 6 -> 6
          #6(T3): 6 -> 6
        #6(T1): 6 -> 6 Pruning for #3 4 6
        #6(T3): 6 -> 6
          #3(T1): 6 -> 6
          #3(T3): 6 -> 6
        #7(T1): 6 -> 8
        #7(T3): 6 -> 6
      #4(T3): 2 -> 2 Pruning for #2 10 2 Pruning for #3 10 2 Pruning for #6 10 2 Pruning for #7 10 2
    #5(T3): 0 -> 0
      #4(T1): 0 -> 0 Pruning for #2 8 0 Pruning for #3 8 0 Pruning for #6 8 0 Pruning for #7 8 0
      #4(T2): 0 -> 6
        #2(T1): 6 -> 6
        #2(T2): 6 -> 5
        #2(T3): 6 -> 6
        #3(T1): 6 -> 6 Pruning for #6 6 6
        #3(T2): 6 -> 6
          #6(T1): 6 -> 6
          #6(T3): 6 -> 6
        #3(T3): 6 -> 6
          #6(T1): 6 -> 6
          #6(T2): 6 -> 6
          #6(T3): 6 -> 6
        #6(T1): 6 -> 6 Pruning for #3 6 6
        #6(T2): 6 -> 6
          #3(T1): 6 -> 6
          #3(T3): 6 -> 6
        #6(T3): 6 -> 6
          #3(T1): 6 -> 6
          #3(T2): 6 -> 6
          #3(T3): 6 -> 6
        #7(T1): 6 -> 8
        #7(T2): 6 -> 6
        #7(T3): 6 -> 6
      #4(T3): 0 -> 0 Pruning for #2 11 0 Pruning for #3 11 0 Pruning for #6 11 0 Pruning for #7 11 0
    #7(T1): 0 -> 2
      #4(T1): 2 -> 4 Pruning for #2 4 4 Pruning for #3 4 4 Pruning for #5 4 4 Pruning for #6 4 4
      #4(T2): 2 -> 8
        #2(T1): 8 -> 8
        #2(T2): 8 -> 7
        #2(T3): 8 -> 8
        #3(T1): 8 -> 8 Pruning for #6 2 8
        #3(T2): 8 -> 8 Pruning for #6 4 8
        #3(T3): 8 -> 8
          #6(T1): 8 -> 8
          #6(T2): 8 -> 8
          #6(T3): 8 -> 8
        #5(T1): 8 -> 10
        #5(T2): 8 -> 8
        #5(T3): 8 -> 8
        #6(T1): 8 -> 8 Pruning for #3 2 8
        #6(T2): 8 -> 8 Pruning for #3 4 8
        #6(T3): 8 -> 8
          #3(T1): 8 -> 8
          #3(T2): 8 -> 8
          #3(T3): 8 -> 8
      #4(T3): 2 -> 2 Pruning for #2 8 2 Pruning for #3 8 2 Pruning for #5 8 2 Pruning for #6 8 2
    #7(T2): 0 -> 2
      #4(T1): 2 -> 2 Pruning for #2 6 2 Pruning for #3 6 2 Pruning for #5 6 2 Pruning for #6 6 2
      #4(T2): 2 -> 6
        #2(T1): 6 -> 6
        #2(T3): 6 -> 6
        #3(T1): 6 -> 6 Pruning for #6 4 6
        #3(T3): 6 -> 6
          #6(T1): 6 -> 6
          #6(T3): 6 -> 6
        #5(T1): 6 -> 8
        #5(T3): 6 -> 6
        #6(T1): 6 -> 6 Pruning for #3 4 6
        #6(T3): 6 -> 6
          #3(T1): 6 -> 6
          #3(T3): 6 -> 6
      #4(T3): 2 -> 2 Pruning for #2 10 2 Pruning for #3 10 2 Pruning for #5 10 2 Pruning for #6 10 2
    #7(T3): 0 -> 0
      #4(T1): 0 -> 0 Pruning for #2 8 0 Pruning for #3 8 0 Pruning for #5 8 0 Pruning for #6 8 0
      #4(T2): 0 -> 6
        #2(T1): 6 -> 6
        #2(T2): 6 -> 5
        #2(T3): 6 -> 6
        #3(T1): 6 -> 6 Pruning for #6 6 6
        #3(T2): 6 -> 6
          #6(T1): 6 -> 6
          #6(T3): 6 -> 6
        #3(T3): 6 -> 6
          #6(T1): 6 -> 6
          #6(T2): 6 -> 6
          #6(T3): 6 -> 6
        #5(T1): 6 -> 8
        #5(T2): 6 -> 6
        #5(T3): 6 -> 6
        #6(T1): 6 -> 6 Pruning for #3 6 6
        #6(T2): 6 -> 6
          #3(T1): 6 -> 6
          #3(T3): 6 -> 6
        #6(T3): 6 -> 6
          #3(T1): 6 -> 6
          #3(T2): 6 -> 6
          #3(T3): 6 -> 6
      #4(T3): 0 -> 0 Pruning for #2 11 0 Pruning for #3 11 0 Pruning for #5 11 0 Pruning for #6 11 0
    #9(T1): 0 -> 2
    #9(T2): 0 -> 1
    #9(T3): 0 -> 0
  #8(T2): 0 -> 4
    #5(T1): 4 -> 4
      #4(T1): 4 -> 6 Pruning for #2 6 6 Pruning for #3 6 6 Pruning for #6 6 6 Pruning for #7 6 6
      #4(T2): 4 -> 10
        #2(T1): 10 -> 10
        #2(T3): 10 -> 10
        #3(T1): 10 -> 10
          #6(T1): 10 -> 12
          #6(T3): 10 -> 10
        #3(T3): 10 -> 10
          #6(T1): 10 -> 10
          #6(T3): 10 -> 10
        #6(T1): 10 -> 10
          #3(T1): 10 -> 12
          #3(T3): 10 -> 10
        #6(T3): 10 -> 10
          #3(T1): 10 -> 10
          #3(T3): 10 -> 10
        #7(T1): 10 -> 10
        #7(T3): 10 -> 10
      #4(T3): 4 -> 4
        #2(T1): 4 -> 4
        #2(T2): 4 -> 5
        #2(T3): 4 -> 4
        #3(T1): 4 -> 4 Pruning for #6 6 4
        #3(T2): 4 -> 6
          #6(T1): 6 -> 6
          #6(T3): 6 -> 6
        #3(T3): 4 -> 4
          #6(T1): 4 -> 4
          #6(T2): 4 -> 6
          #6(T3): 4 -> 4
        #6(T1): 4 -> 4 Pruning for #3 6 4
        #6(T2): 4 -> 6
          #3(T1): 6 -> 6
          #3(T3): 6 -> 6
        #6(T3): 4 -> 4
          #3(T1): 4 -> 4
          #3(T2): 4 -> 6
          #3(T3): 4 -> 4
        #7(T1): 4 -> 4
        #7(T2): 4 -> 4
        #7(T3): 4 -> 4
    #5(T2): 4 -> 4
      #4(T1): 4 -> 4 Pruning for #2 8 4 Pruning for #3 8 4 Pruning for #6 8 4 Pruning for #7 8 4
      #4(T3): 4 -> 4
        #2(T1): 4 -> 4
        #2(T3): 4 -> 4
        #3(T1): 4 -> 4 Pruning for #6 8 4
        #3(T3): 4 -> 4
          #6(T1): 4 -> 4
          #6(T3): 4 -> 4
        #6(T1): 4 -> 4 Pruning for #3 8 4
        #6(T3): 4 -> 4
          #3(T1): 4 -> 4
          #3(T3): 4 -> 4
        #7(T1): 4 -> 4
        #7(T3): 4 -> 4
    #5(T3): 4 -> 4
      #4(T1): 4 -> 4
        #2(T1): 4 -> 6
        #2(T2): 4 -> 5
        #2(T3): 4 -> 4
        #3(T1): 4 -> 6 Pruning for #6 6 6
        #3(T2): 4 -> 6
          #6(T1): 6 -> 8
          #6(T3): 6 -> 6
        #3(T3): 4 -> 4
          #6(T1): 4 -> 6
          #6(T2): 4 -> 6
          #6(T3): 4 -> 4
        #6(T1): 4 -> 6 Pruning for #3 6 6
        #6(T2): 4 -> 6
          #3(T1): 6 -> 8
          #3(T3): 6 -> 6
        #6(T3): 4 -> 4
          #3(T1): 4 -> 6
          #3(T2): 4 -> 6
          #3(T3): 4 -> 4
        #7(T1): 4 -> 6
        #7(T2): 4 -> 4
        #7(T3): 4 -> 4
      #4(T2): 4 -> 10
        #2(T1): 10 -> 10
        #2(T3): 10 -> 10
        #3(T1): 10 -> 10
          #6(T1): 10 -> 12
          #6(T3): 10 -> 10
        #3(T3): 10 -> 10
          #6(T1): 10 -> 10
          #6(T3): 10 -> 10
        #6(T1): 10 -> 10
          #3(T1): 10 -> 12
          #3(T3): 10 -> 10
        #6(T3): 10 -> 10
          #3(T1): 10 -> 10
          #3(T3): 10 -> 10
        #7(T1): 10 -> 10
        #7(T3): 10 -> 10
      #4(T3): 4 -> 4
        #2(T1): 4 -> 4
        #2(T2): 4 -> 5
        #2(T3): 4 -> 4
        #3(T1): 4 -> 4
          #6(T1): 4 -> 6
          #6(T2): 4 -> 6
          #6(T3): 4 -> 4
        #3(T2): 4 -> 6
          #6(T1): 6 -> 6
          #6(T3): 6 -> 6
        #3(T3): 4 -> 4 Pruning for #6 0 4
        #6(T1): 4 -> 4
          #3(T1): 4 -> 6
          #3(T2): 4 -> 6
          #3(T3): 4 -> 4
        #6(T2): 4 -> 6
          #3(T1): 6 -> 6
          #3(T3): 6 -> 6
        #6(T3): 4 -> 4 Pruning for #3 0 4
        #7(T1): 4 -> 4
        #7(T2): 4 -> 4
        #7(T3): 4 -> 4
    #7(T1): 4 -> 4
      #4(T1): 4 -> 6 Pruning for #2 6 6 Pruning for #3 6 6 Pruning for #5 6 6 Pruning for #6 6 6
      #4(T2): 4 -> 10
        #2(T1): 10 -> 10
        #2(T3): 10 -> 10
        #3(T1): 10 -> 10
          #6(T1): 10 -> 12
          #6(T3): 10 -> 10
        #3(T3): 10 -> 10
          #6(T1): 10 -> 10
          #6(T3): 10 -> 10
        #5(T1): 10 -> 10
        #5(T3): 10 -> 10
        #6(T1): 10 -> 10
          #3(T1): 10 -> 12
          #3(T3): 10 -> 10
        #6(T3): 10 -> 10
          #3(T1): 10 -> 10
          #3(T3): 10 -> 10
      #4(T3): 4 -> 4
        #2(T1): 4 -> 4
        #2(T2): 4 -> 5
        #2(T3): 4 -> 4
        #3(T1): 4 -> 4 Pruning for #6 6 4
        #3(T2): 4 -> 6
          #6(T1): 6 -> 6
          #6(T3): 6 -> 6
        #3(T3): 4 -> 4
          #6(T1): 4 -> 4
          #6(T2): 4 -> 6
          #6(T3): 4 -> 4
        #5(T1): 4 -> 4
        #5(T2): 4 -> 4
        #5(T3): 4 -> 4
        #6(T1): 4 -> 4 Pruning for #3 6 4
        #6(T2): 4 -> 6
          #3(T1): 6 -> 6
          #3(T3): 6 -> 6
        #6(T3): 4 -> 4
          #3(T1): 4 -> 4
          #3(T2): 4 -> 6
          #3(T3): 4 -> 4
    #7(T2): 4 -> 4
      #4(T1): 4 -> 4 Pruning for #2 8 4 Pruning for #3 8 4 Pruning for #5 8 4 Pruning for #6 8 4
      #4(T3): 4 -> 4
        #2(T1): 4 -> 4
        #2(T3): 4 -> 4
        #3(T1): 4 -> 4 Pruning for #6 8 4
        #3(T3): 4 -> 4
          #6(T1): 4 -> 4
          #6(T3): 4 -> 4
        #5(T1): 4 -> 4
        #5(T3): 4 -> 4
        #6(T1): 4 -> 4 Pruning for #3 8 4
        #6(T3): 4 -> 4
          #3(T1): 4 -> 4
          #3(T3): 4 -> 4
    #7(T3): 4 -> 4
      #4(T1): 4 -> 4
        #2(T1): 4 -> 6
        #2(T2): 4 -> 5
        #2(T3): 4 -> 4
        #3(T1): 4 -> 6 Pruning for #6 6 6
        #3(T2): 4 -> 6
          #6(T1): 6 -> 8
          #6(T3): 6 -> 6
        #3(T3): 4 -> 4
          #6(T1): 4 -> 6
          #6(T2): 4 -> 6
          #6(T3): 4 -> 4
        #5(T1): 4 -> 6
        #5(T2): 4 -> 4
        #5(T3): 4 -> 4
        #6(T1): 4 -> 6 Pruning for #3 6 6
        #6(T2): 4 -> 6
          #3(T1): 6 -> 8
          #3(T3): 6 -> 6
        #6(T3): 4 -> 4
          #3(T1): 4 -> 6
          #3(T2): 4 -> 6
          #3(T3): 4 -> 4
      #4(T2): 4 -> 10
        #2(T1): 10 -> 10
        #2(T3): 10 -> 10
        #3(T1): 10 -> 10
          #6(T1): 10 -> 12
          #6(T3): 10 -> 10
        #3(T3): 10 -> 10
          #6(T1): 10 -> 10
          #6(T3): 10 -> 10
        #5(T1): 10 -> 10
        #5(T3): 10 -> 10
        #6(T1): 10 -> 10
          #3(T1): 10 -> 12
          #3(T3): 10 -> 10
        #6(T3): 10 -> 10
          #3(T1): 10 -> 10
          #3(T3): 10 -> 10
      #4(T3): 4 -> 4
        #2(T1): 4 -> 4
        #2(T2): 4 -> 5
        #2(T3): 4 -> 4
        #3(T1): 4 -> 4
          #6(T1): 4 -> 6
          #6(T2): 4 -> 6
          #6(T3): 4 -> 4
        #3(T2): 4 -> 6
          #6(T1): 6 -> 6
          #6(T3): 6 -> 6
        #3(T3): 4 -> 4 Pruning for #6 0 4
        #5(T1): 4 -> 4
        #5(T2): 4 -> 4
        #5(T3): 4 -> 4
        #6(T1): 4 -> 4
          #3(T1): 4 -> 6
          #3(T2): 4 -> 6
          #3(T3): 4 -> 4
        #6(T2): 4 -> 6
          #3(T1): 6 -> 6
          #3(T3): 6 -> 6
        #6(T3): 4 -> 4 Pruning for #3 0 4
    #9(T1): 4 -> 4
    #9(T2): 4 -> 3
    #9(T3): 4 -> 4
  #8(T3): 0 -> 0
    #5(T1): 0 -> 0
      #4(T1): 0 -> 2 Pruning for #2 8 2 Pruning for #3 8 2 Pruning for #6 8 2 Pruning for #7 8 2
      #4(T2): 0 -> 6
        #2(T1): 6 -> 6
        #2(T2): 6 -> 5
        #2(T3): 6 -> 6
        #3(T1): 6 -> 6 Pruning for #6 6 6
        #3(T2): 6 -> 6
          #6(T1): 6 -> 6
          #6(T3): 6 -> 6
        #3(T3): 6 -> 6
          #6(T1): 6 -> 6
          #6(T2): 6 -> 6
          #6(T3): 6 -> 6
        #6(T1): 6 -> 6 Pruning for #3 6 6
        #6(T2): 6 -> 6
          #3(T1): 6 -> 6
          #3(T3): 6 -> 6
        #6(T3): 6 -> 6
          #3(T1): 6 -> 6
          #3(T2): 6 -> 6
          #3(T3): 6 -> 6
        #7(T1): 6 -> 6
        #7(T2): 6 -> 6
        #7(T3): 6 -> 6
      #4(T3): 0 -> 0 Pruning for #2 11 0 Pruning for #3 11 0 Pruning for #6 11 0 Pruning for #7 11 0
    #5(T2): 0 -> 2
      #4(T1): 2 -> 2 Pruning for #2 10 2 Pruning for #3 10 2 Pruning for #6 10 2 Pruning for #7 10 2
      #4(T2): 2 -> 6
        #2(T1): 6 -> 6
        #2(T3): 6 -> 6
        #3(T1): 6 -> 6
          #6(T1): 6 -> 8
          #6(T3): 6 -> 6
        #3(T3): 6 -> 6
          #6(T1): 6 -> 6
          #6(T3): 6 -> 6
        #6(T1): 6 -> 6
          #3(T1): 6 -> 8
          #3(T3): 6 -> 6
        #6(T3): 6 -> 6
          #3(T1): 6 -> 6
          #3(T3): 6 -> 6
        #7(T1): 6 -> 6
        #7(T3): 6 -> 6
      #4(T3): 2 -> 2
        #2(T1): 2 -> 2
        #2(T2): 2 -> 3
        #2(T3): 2 -> 2
        #3(T1): 2 -> 2 Pruning for #6 9 2
        #3(T2): 2 -> 4
          #6(T1): 4 -> 4
          #6(T3): 4 -> 4
        #3(T3): 2 -> 2 Pruning for #6 0 2
        #6(T1): 2 -> 2 Pruning for #3 9 2
        #6(T2): 2 -> 4
          #3(T1): 4 -> 4
          #3(T3): 4 -> 4
        #6(T3): 2 -> 2 Pruning for #3 0 2
        #7(T1): 2 -> 2
        #7(T2): 2 -> 4
        #7(T3): 2 -> 2
    #5(T3): 0 -> 0
      #4(T1): 0 -> 0 Pruning for #2 11 0 Pruning for #3 11 0 Pruning for #6 11 0 Pruning for #7 11 0
      #4(T2): 0 -> 6
        #2(T1): 6 -> 6
        #2(T2): 6 -> 5
        #2(T3): 6 -> 6
        #3(T1): 6 -> 6
          #6(T1): 6 -> 8
          #6(T2): 6 -> 6
          #6(T3): 6 -> 6
        #3(T2): 6 -> 6
          #6(T1): 6 -> 6
          #6(T3): 6 -> 6
        #3(T3): 6 -> 6 Pruning for #6 0 6
        #6(T1): 6 -> 6
          #3(T1): 6 -> 8
          #3(T2): 6 -> 6
          #3(T3): 6 -> 6
        #6(T2): 6 -> 6
          #3(T1): 6 -> 6
          #3(T3): 6 -> 6
        #6(T3): 6 -> 6 Pruning for #3 0 6
        #7(T1): 6 -> 6
        #7(T2): 6 -> 6
        #7(T3): 6 -> 6
      #4(T3): 0 -> 0 Pruning for #2 0 0 Pruning for #3 0 0 Pruning for #6 0 0 Pruning for #7 0 0
    #7(T1): 0 -> 0
      #4(T1): 0 -> 2 Pruning for #2 8 2 Pruning for #3 8 2 Pruning for #5 8 2 Pruning for #6 8 2
      #4(T2): 0 -> 6
        #2(T1): 6 -> 6
        #2(T2): 6 -> 5
        #2(T3): 6 -> 6
        #3(T1): 6 -> 6 Pruning for #6 6 6
        #3(T2): 6 -> 6
          #6(T1): 6 -> 6
          #6(T3): 6 -> 6
        #3(T3): 6 -> 6
          #6(T1): 6 -> 6
          #6(T2): 6 -> 6
          #6(T3): 6 -> 6
        #5(T1): 6 -> 6
        #5(T2): 6 -> 6
        #5(T3): 6 -> 6
        #6(T1): 6 -> 6 Pruning for #3 6 6
        #6(T2): 6 -> 6
          #3(T1): 6 -> 6
          #3(T3): 6 -> 6
        #6(T3): 6 -> 6
          #3(T1): 6 -> 6
          #3(T2): 6 -> 6
          #3(T3): 6 -> 6
      #4(T3): 0 -> 0 Pruning for #2 11 0 Pruning for #3 11 0 Pruning for #5 11 0 Pruning for #6 11 0
    #7(T2): 0 -> 2
      #4(T1): 2 -> 2 Pruning for #2 10 2 Pruning for #3 10 2 Pruning for #5 10 2 Pruning for #6 10 2
      #4(T2): 2 -> 6
        #2(T1): 6 -> 6
        #2(T3): 6 -> 6
        #3(T1): 6 -> 6
          #6(T1): 6 -> 8
          #6(T3): 6 -> 6
        #3(T3): 6 -> 6
          #6(T1): 6 -> 6
          #6(T3): 6 -> 6
        #5(T1): 6 -> 6
        #5(T3): 6 -> 6
        #6(T1): 6 -> 6
          #3(T1): 6 -> 8
          #3(T3): 6 -> 6
        #6(T3): 6 -> 6
          #3(T1): 6 -> 6
          #3(T3): 6 -> 6
      #4(T3): 2 -> 2
        #2(T1): 2 -> 2
        #2(T2): 2 -> 3
        #2(T3): 2 -> 2
        #3(T1): 2 -> 2 Pruning for #6 9 2
        #3(T2): 2 -> 4
          #6(T1): 4 -> 4
          #6(T3): 4 -> 4
        #3(T3): 2 -> 2 Pruning for #6 0 2
        #5(T1): 2 -> 2
        #5(T2): 2 -> 4
        #5(T3): 2 -> 2
        #6(T1): 2 -> 2 Pruning for #3 9 2
        #6(T2): 2 -> 4
          #3(T1): 4 -> 4
          #3(T3): 4 -> 4
        #6(T3): 2 -> 2 Pruning for #3 0 2
    #7(T3): 0 -> 0
      #4(T1): 0 -> 0 Pruning for #2 11 0 Pruning for #3 11 0 Pruning for #5 11 0 Pruning for #6 11 0
      #4(T2): 0 -> 6
        #2(T1): 6 -> 6
        #2(T2): 6 -> 5
        #2(T3): 6 -> 6
        #3(T1): 6 -> 6
          #6(T1): 6 -> 8
          #6(T2): 6 -> 6
          #6(T3): 6 -> 6
        #3(T2): 6 -> 6
          #6(T1): 6 -> 6
          #6(T3): 6 -> 6
        #3(T3): 6 -> 6 Pruning for #6 0 6
        #5(T1): 6 -> 6
        #5(T2): 6 -> 6
        #5(T3): 6 -> 6
        #6(T1): 6 -> 6
          #3(T1): 6 -> 8
          #3(T2): 6 -> 6
          #3(T3): 6 -> 6
        #6(T2): 6 -> 6
          #3(T1): 6 -> 6
          #3(T3): 6 -> 6
        #6(T3): 6 -> 6 Pruning for #3 0 6
      #4(T3): 0 -> 0 Pruning for #2 0 0 Pruning for #3 0 0 Pruning for #5 0 0 Pruning for #6 0 0
    #9(T1): 0 -> 0
    #9(T2): 0 -> 1
    #9(T3): 0 -> 0
  #4(T1): 0 -> 0
    #2(T1): 0 -> 2
    #2(T2): 0 -> 1
    #2(T3): 0 -> 0
    #3(T1): 0 -> 2
      #6(T1): 2 -> 6
      #6(T2): 2 -> 4
      #6(T3): 2 -> 2
    #3(T2): 0 -> 2
      #6(T1): 2 -> 4
      #6(T2): 2 -> 2
      #6(T3): 2 -> 2
    #3(T3): 0 -> 0
      #6(T1): 0 -> 2
      #6(T2): 0 -> 2
      #6(T3): 0 -> 0
    #5(T1): 0 -> 2
      #8(T1): 2 -> 4 Pruning for #7 4 4 Pruning for #9 4 4
      #8(T2): 2 -> 6 Pruning for #7 6 6 Pruning for #9 6 6
      #8(T3): 2 -> 2 Pruning for #7 8 2 Pruning for #9 8 2
    #5(T2): 0 -> 2
      #8(T1): 2 -> 2 Pruning for #7 6 2 Pruning for #9 6 2
      #8(T2): 2 -> 4 Pruning for #7 8 4 Pruning for #9 8 4
      #8(T3): 2 -> 2 Pruning for #7 10 2 Pruning for #9 10 2
    #5(T3): 0 -> 0
      #8(T1): 0 -> 0 Pruning for #7 8 0 Pruning for #9 8 0
      #8(T2): 0 -> 4
        #7(T1): 4 -> 6
        #7(T2): 4 -> 4
        #7(T3): 4 -> 4
        #9(T1): 4 -> 4
        #9(T2): 4 -> 3
        #9(T3): 4 -> 4
      #8(T3): 0 -> 0 Pruning for #7 11 0 Pruning for #9 11 0
    #6(T1): 0 -> 2
      #3(T1): 2 -> 6
      #3(T2): 2 -> 4
      #3(T3): 2 -> 2
    #6(T2): 0 -> 2
      #3(T1): 2 -> 4
      #3(T2): 2 -> 2
      #3(T3): 2 -> 2
    #6(T3): 0 -> 0
      #3(T1): 0 -> 2
      #3(T2): 0 -> 2
      #3(T3): 0 -> 0
    #7(T1): 0 -> 2
      #8(T1): 2 -> 4 Pruning for #5 4 4 Pruning for #9 4 4
      #8(T2): 2 -> 6 Pruning for #5 6 6 Pruning for #9 6 6
      #8(T3): 2 -> 2 Pruning for #5 8 2 Pruning for #9 8 2
    #7(T2): 0 -> 2
      #8(T1): 2 -> 2 Pruning for #5 6 2 Pruning for #9 6 2
      #8(T2): 2 -> 4 Pruning for #5 8 4 Pruning for #9 8 4
      #8(T3): 2 -> 2 Pruning for #5 10 2 Pruning for #9 10 2
    #7(T3): 0 -> 0
      #8(T1): 0 -> 0 Pruning for #5 8 0 Pruning for #9 8 0
      #8(T2): 0 -> 4
        #5(T1): 4 -> 6
        #5(T2): 4 -> 4
        #5(T3): 4 -> 4
        #9(T1): 4 -> 4
        #9(T2): 4 -> 3
        #9(T3): 4 -> 4
      #8(T3): 0 -> 0 Pruning for #5 11 0 Pruning for #9 11 0
  #4(T2): 0 -> 6
    #2(T1): 6 -> 6
    #2(T2): 6 -> 5
    #2(T3): 6 -> 6
    #3(T1): 6 -> 6
      #6(T1): 6 -> 8
      #6(T2): 6 -> 6
      #6(T3): 6 -> 6
    #3(T2): 6 -> 6
      #6(T1): 6 -> 6
      #6(T3): 6 -> 6
    #3(T3): 6 -> 6
      #6(T1): 6 -> 6
      #6(T2): 6 -> 6
      #6(T3): 6 -> 6
    #5(T1): 6 -> 6
      #8(T1): 6 -> 8
        #7(T1): 8 -> 10
        #7(T2): 8 -> 8
        #7(T3): 8 -> 8
        #9(T1): 8 -> 10
        #9(T2): 8 -> 9
        #9(T3): 8 -> 8
      #8(T2): 6 -> 10
        #7(T1): 10 -> 10
        #7(T3): 10 -> 10
        #9(T1): 10 -> 10
        #9(T3): 10 -> 10
      #8(T3): 6 -> 6
        #7(T1): 6 -> 6
        #7(T2): 6 -> 6
        #7(T3): 6 -> 6
        #9(T1): 6 -> 6
        #9(T2): 6 -> 7
        #9(T3): 6 -> 6
    #5(T2): 6 -> 6
      #8(T1): 6 -> 6
        #7(T1): 6 -> 8
        #7(T3): 6 -> 6
        #9(T1): 6 -> 8
        #9(T3): 6 -> 6
      #8(T3): 6 -> 6
        #7(T1): 6 -> 6
        #7(T3): 6 -> 6
        #9(T1): 6 -> 6
        #9(T3): 6 -> 6
    #5(T3): 6 -> 6
      #8(T1): 6 -> 6
        #7(T1): 6 -> 8
        #7(T2): 6 -> 6
        #7(T3): 6 -> 6
        #9(T1): 6 -> 8
        #9(T2): 6 -> 7
        #9(T3): 6 -> 6
      #8(T2): 6 -> 10
        #7(T1): 10 -> 10
        #7(T3): 10 -> 10
        #9(T1): 10 -> 10
        #9(T3): 10 -> 10
      #8(T3): 6 -> 6
        #7(T1): 6 -> 6
        #7(T2): 6 -> 6
        #7(T3): 6 -> 6
        #9(T1): 6 -> 6
        #9(T2): 6 -> 7
        #9(T3): 6 -> 6
    #6(T1): 6 -> 6
      #3(T1): 6 -> 8
      #3(T2): 6 -> 6
      #3(T3): 6 -> 6
    #6(T2): 6 -> 6
      #3(T1): 6 -> 6
      #3(T3): 6 -> 6
    #6(T3): 6 -> 6
      #3(T1): 6 -> 6
      #3(T2): 6 -> 6
      #3(T3): 6 -> 6
    #7(T1): 6 -> 6
      #8(T1): 6 -> 8
        #5(T1): 8 -> 10
        #5(T2): 8 -> 8
        #5(T3): 8 -> 8
        #9(T1): 8 -> 10
        #9(T2): 8 -> 9
        #9(T3): 8 -> 8
      #8(T2): 6 -> 10
        #5(T1): 10 -> 10
        #5(T3): 10 -> 10
        #9(T1): 10 -> 10
        #9(T3): 10 -> 10
      #8(T3): 6 -> 6
        #5(T1): 6 -> 6
        #5(T2): 6 -> 6
        #5(T3): 6 -> 6
        #9(T1): 6 -> 6
        #9(T2): 6 -> 7
        #9(T3): 6 -> 6
    #7(T2): 6 -> 6
      #8(T1): 6 -> 6
        #5(T1): 6 -> 8
        #5(T3): 6 -> 6
        #9(T1): 6 -> 8
        #9(T3): 6 -> 6
      #8(T3): 6 -> 6
        #5(T1): 6 -> 6
        #5(T3): 6 -> 6
        #9(T1): 6 -> 6
        #9(T3): 6 -> 6
    #7(T3): 6 -> 6
      #8(T1): 6 -> 6
        #5(T1): 6 -> 8
        #5(T2): 6 -> 6
        #5(T3): 6 -> 6
        #9(T1): 6 -> 8
        #9(T2): 6 -> 7
        #9(T3): 6 -> 6
      #8(T2): 6 -> 10
        #5(T1): 10 -> 10
        #5(T3): 10 -> 10
        #9(T1): 10 -> 10
        #9(T3): 10 -> 10
      #8(T3): 6 -> 6
        #5(T1): 6 -> 6
        #5(T2): 6 -> 6
        #5(T3): 6 -> 6
        #9(T1): 6 -> 6
        #9(T2): 6 -> 7
        #9(T3): 6 -> 6
  #4(T3): 0 -> 0
    #2(T1): 0 -> 0
    #2(T2): 0 -> 1
    #2(T3): 0 -> 0
    #3(T1): 0 -> 0
      #6(T1): 0 -> 2
      #6(T2): 0 -> 2
      #6(T3): 0 -> 0
    #3(T2): 0 -> 2
      #6(T1): 2 -> 2
      #6(T2): 2 -> 2
      #6(T3): 2 -> 2
    #3(T3): 0 -> 0
      #6(T1): 0 -> 0
      #6(T2): 0 -> 2
      #6(T3): 0 -> 0
    #5(T1): 0 -> 0
      #8(T1): 0 -> 2 Pruning for #7 8 2 Pruning for #9 8 2
      #8(T2): 0 -> 4
        #7(T1): 4 -> 4
        #7(T2): 4 -> 4
        #7(T3): 4 -> 4
        #9(T1): 4 -> 4
        #9(T2): 4 -> 3
        #9(T3): 4 -> 4
      #8(T3): 0 -> 0 Pruning for #7 11 0 Pruning for #9 11 0
    #5(T2): 0 -> 2
      #8(T1): 2 -> 2 Pruning for #7 10 2 Pruning for #9 10 2
      #8(T2): 2 -> 4
        #7(T1): 4 -> 4
        #7(T3): 4 -> 4
        #9(T1): 4 -> 4
        #9(T3): 4 -> 4
      #8(T3): 2 -> 2
        #7(T1): 2 -> 2
        #7(T2): 2 -> 4
        #7(T3): 2 -> 2
        #9(T1): 2 -> 2
        #9(T2): 2 -> 3
        #9(T3): 2 -> 2
    #5(T3): 0 -> 0
      #8(T1): 0 -> 0 Pruning for #7 11 0 Pruning for #9 11 0
      #8(T2): 0 -> 4
        #7(T1): 4 -> 4
        #7(T2): 4 -> 4
        #7(T3): 4 -> 4
        #9(T1): 4 -> 4
        #9(T2): 4 -> 3
        #9(T3): 4 -> 4
      #8(T3): 0 -> 0 Pruning for #7 0 0 Pruning for #9 0 0
    #6(T1): 0 -> 0
      #3(T1): 0 -> 2
      #3(T2): 0 -> 2
      #3(T3): 0 -> 0
    #6(T2): 0 -> 2
      #3(T1): 2 -> 2
      #3(T2): 2 -> 2
      #3(T3): 2 -> 2
    #6(T3): 0 -> 0
      #3(T1): 0 -> 0
      #3(T2): 0 -> 2
      #3(T3): 0 -> 0
    #7(T1): 0 -> 0
      #8(T1): 0 -> 2 Pruning for #5 8 2 Pruning for #9 8 2
      #8(T2): 0 -> 4
        #5(T1): 4 -> 4
        #5(T2): 4 -> 4
        #5(T3): 4 -> 4
        #9(T1): 4 -> 4
        #9(T2): 4 -> 3
        #9(T3): 4 -> 4
      #8(T3): 0 -> 0 Pruning for #5 11 0 Pruning for #9 11 0
    #7(T2): 0 -> 2
      #8(T1): 2 -> 2 Pruning for #5 10 2 Pruning for #9 10 2
      #8(T2): 2 -> 4
        #5(T1): 4 -> 4
        #5(T3): 4 -> 4
        #9(T1): 4 -> 4
        #9(T3): 4 -> 4
      #8(T3): 2 -> 2
        #5(T1): 2 -> 2
        #5(T2): 2 -> 4
        #5(T3): 2 -> 2
        #9(T1): 2 -> 2
        #9(T2): 2 -> 3
        #9(T3): 2 -> 2
    #7(T3): 0 -> 0
      #8(T1): 0 -> 0 Pruning for #5 11 0 Pruning for #9 11 0
      #8(T2): 0 -> 4
        #5(T1): 4 -> 4
        #5(T2): 4 -> 4
        #5(T3): 4 -> 4
        #9(T1): 4 -> 4
        #9(T2): 4 -> 3
        #9(T3): 4 -> 4
      #8(T3): 0 -> 0 Pruning for #5 0 0 Pruning for #9 0 0-------------------


Best score = 12
-------------------
Program ended in 7ms
